Applying user settings 

  Pseudopotentials
    reading pp:  ../../pseudopotentials/C.BFD.upf 
    reading pp:  ../../pseudopotentials/O.BFD.upf 
    reading pp:  ../../pseudopotentials/O.BFD.xml 
    reading pp:  ../../pseudopotentials/H.BFD.upf 
    reading pp:  ../../pseudopotentials/C.BFD.xml 
    reading pp:  ../../pseudopotentials/H.BFD.xml 
 

Project starting 
  checking for file collisions 
  loading cascade images 
    cascade 0 checking in 
  checking cascade dependencies 
    all simulation dependencies satisfied 
  
  starting runs:
  ~~~~~~~~~~~~~~~~~~~~~~~~~~~~~~ 
  elapsed time 0.0 s  memory 102.71 MB 
    Entering ./runs/diamond/scf 0 
      writing input files  0 scf 
    Entering ./runs/diamond/scf 0 
      sending required files  0 scf 
      submitting job  0 scf 
    Entering ./runs/diamond/scf 0 
      Executing:  
        export OMP_NUM_THREADS=1
        mpirun -np 16 pw.x -input scf.in 

  elapsed time 3.0 s  memory 102.77 MB 
    Entering ./runs/diamond/scf 0 
      copying results  0 scf 
    Entering ./runs/diamond/scf 0 
      analyzing  0 scf 

  elapsed time 6.1 s  memory 102.79 MB 
    Entering ./runs/diamond/nscf 1 
      writing input files  1 nscf 
    Entering ./runs/diamond/nscf 1 
      sending required files  1 nscf 
      submitting job  1 nscf 
    Entering ./runs/diamond/nscf 1 
      Executing:  
        export OMP_NUM_THREADS=1
        mpirun -np 16 pw.x -input nscf.in 

  elapsed time 9.1 s  memory 102.80 MB 
    Entering ./runs/diamond/nscf 1 
      copying results  1 nscf 
    Entering ./runs/diamond/nscf 1 
      analyzing  1 nscf 

  elapsed time 12.1 s  memory 102.80 MB 
    Entering ./runs/diamond/nscf 2 
      writing input files  2 conv 
    Entering ./runs/diamond/nscf 2 
      sending required files  2 conv 
      submitting job  2 conv 
    Entering ./runs/diamond/nscf 2 
      Executing:  
        export OMP_NUM_THREADS=1
        mpirun -np 16 pw2qmcpack.x<conv.in 

  elapsed time 15.2 s  memory 102.80 MB 
    Entering ./runs/diamond/nscf 2 
      copying results  2 conv 
    Entering ./runs/diamond/nscf 2 
      analyzing  2 conv 

Project finished
