Applying user settings 

  Pseudopotentials
    reading pp:  ../../pseudopotentials/C.BFD.upf 
    reading pp:  ../../pseudopotentials/O.BFD.upf 
    reading pp:  ../../pseudopotentials/O.BFD.xml 
    reading pp:  ../../pseudopotentials/H.BFD.upf 
    reading pp:  ../../pseudopotentials/C.BFD.xml 
    reading pp:  ../../pseudopotentials/H.BFD.xml 
 

Project starting 
  checking for file collisions 
  loading cascade images 
    cascade 0 checking in 
  checking cascade dependencies 
    all simulation dependencies satisfied 
  
  starting runs:
  ~~~~~~~~~~~~~~~~~~~~~~~~~~~~~~ 
  elapsed time 0.0 s  memory 102.76 MB 
    Entering ./runs/diamond/dmc 4 
      writing input files  4 dmc 
    Entering ./runs/diamond/dmc 4 
      sending required files  4 dmc 
      submitting job  4 dmc 
    Entering ./runs/diamond/dmc 4 
      Executing:  
        export OMP_NUM_THREADS=4
        mpirun -np 4 qmcpack dmc.in.xml 

  elapsed time 3.1 s  memory 366.20 MB 
  elapsed time 6.1 s  memory 376.21 MB 
  elapsed time 9.1 s  memory 376.21 MB 
  elapsed time 12.2 s  memory 376.21 MB 
  elapsed time 15.2 s  memory 376.74 MB 
  elapsed time 18.2 s  memory 377.01 MB 
  elapsed time 21.3 s  memory 377.01 MB 
  elapsed time 24.3 s  memory 377.01 MB 
  elapsed time 27.3 s  memory 377.27 MB 
  elapsed time 30.4 s  memory 377.27 MB 
  elapsed time 33.4 s  memory 377.27 MB 
  elapsed time 36.4 s  memory 377.82 MB 
  elapsed time 39.5 s  memory 377.82 MB 
  elapsed time 42.5 s  memory 377.82 MB 
  elapsed time 45.6 s  memory 377.82 MB 
  elapsed time 48.6 s  memory 377.82 MB 
  elapsed time 51.6 s  memory 378.09 MB 
  elapsed time 54.6 s  memory 378.09 MB 
  elapsed time 57.7 s  memory 378.09 MB 
  elapsed time 60.7 s  memory 380.69 MB 
  elapsed time 63.7 s  memory 380.69 MB 
  elapsed time 66.7 s  memory 380.69 MB 
  elapsed time 69.8 s  memory 380.69 MB 
  elapsed time 72.8 s  memory 380.69 MB 
  elapsed time 75.8 s  memory 382.71 MB 
  elapsed time 78.9 s  memory 382.71 MB 
  elapsed time 81.9 s  memory 383.52 MB 
  elapsed time 84.9 s  memory 383.52 MB 
  elapsed time 88.0 s  memory 383.52 MB 
  elapsed time 91.0 s  memory 383.52 MB 
  elapsed time 94.0 s  memory 383.95 MB 
  elapsed time 97.1 s  memory 383.95 MB 
  elapsed time 100.1 s  memory 384.22 MB 
  elapsed time 103.1 s  memory 384.22 MB 
  elapsed time 106.2 s  memory 384.72 MB 
  elapsed time 109.2 s  memory 384.72 MB 
  elapsed time 112.3 s  memory 384.72 MB 
  elapsed time 115.3 s  memory 384.99 MB 
  elapsed time 118.3 s  memory 384.99 MB 
  elapsed time 121.4 s  memory 385.76 MB 
  elapsed time 124.4 s  memory 385.76 MB 
  elapsed time 127.4 s  memory 385.76 MB 
  elapsed time 130.5 s  memory 385.76 MB 
  elapsed time 133.5 s  memory 386.03 MB 
  elapsed time 136.6 s  memory 386.03 MB 
  elapsed time 139.6 s  memory 386.30 MB 
  elapsed time 142.6 s  memory 386.30 MB 
  elapsed time 145.7 s  memory 386.30 MB 
  elapsed time 148.7 s  memory 386.51 MB 
  elapsed time 151.7 s  memory 386.74 MB 
  elapsed time 154.8 s  memory 386.74 MB 
  elapsed time 157.8 s  memory 386.74 MB 
  elapsed time 160.8 s  memory 387.28 MB 
  elapsed time 163.8 s  memory 387.28 MB 
  elapsed time 166.9 s  memory 387.78 MB 
  elapsed time 169.9 s  memory 387.78 MB 
  elapsed time 172.9 s  memory 387.78 MB 
  elapsed time 176.0 s  memory 388.31 MB 
  elapsed time 179.0 s  memory 388.58 MB 
  elapsed time 182.1 s  memory 389.11 MB 
  elapsed time 185.1 s  memory 389.11 MB 
  elapsed time 188.1 s  memory 389.11 MB 
  elapsed time 191.1 s  memory 389.11 MB 
  elapsed time 194.2 s  memory 389.11 MB 
  elapsed time 197.2 s  memory 389.38 MB 
  elapsed time 200.2 s  memory 389.88 MB 
  elapsed time 203.3 s  memory 389.88 MB 
  elapsed time 206.3 s  memory 389.88 MB 
  elapsed time 209.3 s  memory 390.15 MB 
  elapsed time 212.4 s  memory 390.69 MB 
  elapsed time 215.4 s  memory 390.69 MB 
  elapsed time 218.4 s  memory 390.96 MB 
  elapsed time 221.5 s  memory 390.96 MB 
  elapsed time 224.5 s  memory 391.19 MB 
  elapsed time 227.5 s  memory 391.46 MB 
  elapsed time 230.6 s  memory 391.68 MB 
  elapsed time 233.6 s  memory 391.68 MB 
  elapsed time 236.7 s  memory 391.68 MB 
  elapsed time 239.7 s  memory 391.68 MB 
  elapsed time 242.7 s  memory 391.94 MB 
  elapsed time 245.8 s  memory 391.94 MB 
  elapsed time 248.8 s  memory 392.18 MB 
  elapsed time 251.9 s  memory 392.72 MB 
  elapsed time 254.9 s  memory 392.72 MB 
  elapsed time 258.0 s  memory 392.95 MB 
  elapsed time 261.0 s  memory 394.02 MB 
  elapsed time 264.0 s  memory 394.02 MB 
  elapsed time 267.1 s  memory 394.29 MB 
  elapsed time 270.1 s  memory 394.29 MB 
  elapsed time 273.2 s  memory 394.52 MB 
  elapsed time 276.2 s  memory 394.52 MB 
  elapsed time 279.2 s  memory 394.52 MB 
  elapsed time 282.3 s  memory 394.79 MB 
  elapsed time 285.3 s  memory 394.79 MB 
  elapsed time 288.3 s  memory 394.79 MB 
  elapsed time 291.4 s  memory 395.01 MB 
  elapsed time 294.4 s  memory 395.01 MB 
  elapsed time 297.5 s  memory 395.01 MB 
  elapsed time 300.5 s  memory 395.01 MB 
  elapsed time 303.5 s  memory 395.01 MB 
  elapsed time 306.6 s  memory 395.24 MB 
  elapsed time 309.6 s  memory 395.24 MB 
  elapsed time 312.6 s  memory 395.24 MB 
  elapsed time 315.7 s  memory 395.51 MB 
  elapsed time 318.7 s  memory 395.51 MB 
  elapsed time 321.7 s  memory 395.73 MB 
  elapsed time 324.8 s  memory 395.73 MB 
  elapsed time 327.8 s  memory 395.73 MB 
  elapsed time 330.8 s  memory 396.00 MB 
  elapsed time 333.9 s  memory 396.00 MB 
  elapsed time 336.9 s  memory 396.00 MB 
  elapsed time 340.0 s  memory 396.00 MB 
  elapsed time 343.0 s  memory 396.00 MB 
  elapsed time 346.0 s  memory 396.23 MB 
  elapsed time 349.1 s  memory 396.23 MB 
  elapsed time 352.1 s  memory 396.23 MB 
  elapsed time 355.1 s  memory 396.23 MB 
  elapsed time 358.2 s  memory 396.45 MB 
  elapsed time 361.2 s  memory 396.45 MB 
  elapsed time 364.2 s  memory 396.45 MB 
  elapsed time 367.3 s  memory 396.45 MB 
  elapsed time 370.3 s  memory 396.67 MB 
  elapsed time 373.3 s  memory 396.67 MB 
  elapsed time 376.4 s  memory 396.67 MB 
  elapsed time 379.4 s  memory 396.90 MB 
  elapsed time 382.4 s  memory 396.90 MB 
  elapsed time 385.5 s  memory 396.90 MB 
  elapsed time 388.5 s  memory 396.90 MB 
  elapsed time 391.5 s  memory 397.14 MB 
  elapsed time 394.6 s  memory 397.14 MB 
  elapsed time 397.6 s  memory 397.14 MB 
  elapsed time 400.7 s  memory 397.14 MB 
  elapsed time 403.7 s  memory 397.14 MB 
  elapsed time 406.7 s  memory 397.14 MB 
  elapsed time 409.8 s  memory 397.14 MB 
  elapsed time 412.8 s  memory 397.14 MB 
  elapsed time 415.8 s  memory 397.14 MB 
  elapsed time 418.9 s  memory 397.34 MB 
  elapsed time 421.9 s  memory 397.34 MB 
  elapsed time 425.0 s  memory 397.34 MB 
  elapsed time 428.0 s  memory 397.34 MB 
  elapsed time 431.1 s  memory 397.57 MB 
  elapsed time 434.1 s  memory 397.57 MB 
  elapsed time 437.1 s  memory 397.57 MB 
  elapsed time 440.2 s  memory 397.57 MB 
  elapsed time 443.2 s  memory 397.79 MB 
  elapsed time 446.2 s  memory 397.79 MB 
  elapsed time 449.3 s  memory 397.79 MB 
  elapsed time 452.3 s  memory 398.03 MB 
  elapsed time 455.3 s  memory 398.03 MB 
  elapsed time 458.4 s  memory 398.03 MB 
  elapsed time 461.4 s  memory 398.29 MB 
  elapsed time 464.4 s  memory 398.29 MB 
  elapsed time 467.5 s  memory 398.29 MB 
  elapsed time 470.5 s  memory 398.29 MB 
  elapsed time 473.5 s  memory 398.29 MB 
  elapsed time 476.6 s  memory 398.51 MB 
  elapsed time 479.6 s  memory 398.51 MB 
  elapsed time 482.7 s  memory 398.51 MB 
  elapsed time 485.7 s  memory 398.74 MB 
  elapsed time 488.7 s  memory 398.74 MB 
  elapsed time 491.8 s  memory 398.74 MB 
  elapsed time 494.8 s  memory 398.74 MB 
  elapsed time 497.8 s  memory 398.74 MB 
  elapsed time 500.9 s  memory 398.74 MB 
  elapsed time 503.9 s  memory 398.95 MB 
  elapsed time 506.9 s  memory 398.95 MB 
  elapsed time 510.0 s  memory 398.95 MB 
  elapsed time 513.0 s  memory 398.95 MB 
  elapsed time 516.1 s  memory 399.19 MB 
  elapsed time 519.1 s  memory 399.19 MB 
  elapsed time 522.1 s  memory 399.19 MB 
  elapsed time 525.2 s  memory 399.19 MB 
  elapsed time 528.2 s  memory 399.43 MB 
  elapsed time 531.3 s  memory 399.43 MB 
  elapsed time 534.3 s  memory 399.43 MB 
  elapsed time 537.4 s  memory 399.43 MB 
  elapsed time 540.4 s  memory 399.43 MB 
  elapsed time 543.5 s  memory 399.43 MB 
  elapsed time 546.5 s  memory 399.43 MB 
  elapsed time 549.5 s  memory 399.43 MB 
  elapsed time 552.6 s  memory 399.43 MB 
  elapsed time 555.6 s  memory 399.63 MB 
  elapsed time 558.6 s  memory 399.88 MB 
  elapsed time 561.7 s  memory 399.88 MB 
  elapsed time 564.7 s  memory 399.88 MB 
  elapsed time 567.8 s  memory 399.88 MB 
  elapsed time 570.8 s  memory 399.88 MB 
  elapsed time 573.8 s  memory 399.88 MB 
  elapsed time 576.9 s  memory 400.10 MB 
  elapsed time 579.9 s  memory 400.10 MB 
  elapsed time 582.9 s  memory 400.10 MB 
  elapsed time 586.0 s  memory 400.10 MB 
  elapsed time 589.0 s  memory 400.36 MB 
  elapsed time 592.0 s  memory 400.36 MB 
  elapsed time 595.1 s  memory 400.36 MB 
  elapsed time 598.1 s  memory 400.36 MB 
  elapsed time 601.2 s  memory 400.36 MB 
  elapsed time 604.2 s  memory 400.36 MB 
  elapsed time 607.2 s  memory 400.36 MB 
  elapsed time 610.2 s  memory 400.36 MB 
  elapsed time 613.3 s  memory 400.36 MB 
  elapsed time 616.3 s  memory 400.55 MB 
  elapsed time 619.3 s  memory 400.55 MB 
  elapsed time 622.4 s  memory 400.55 MB 
  elapsed time 625.4 s  memory 400.55 MB 
  elapsed time 628.5 s  memory 400.55 MB 
  elapsed time 631.5 s  memory 400.55 MB 
  elapsed time 634.6 s  memory 400.75 MB 
  elapsed time 637.6 s  memory 400.75 MB 
  elapsed time 640.6 s  memory 400.75 MB 
  elapsed time 643.6 s  memory 400.75 MB 
  elapsed time 646.7 s  memory 400.75 MB 
  elapsed time 649.7 s  memory 400.75 MB 
  elapsed time 652.7 s  memory 400.75 MB 
  elapsed time 655.7 s  memory 400.75 MB 
  elapsed time 658.8 s  memory 400.95 MB 
  elapsed time 661.8 s  memory 400.95 MB 
  elapsed time 664.8 s  memory 400.95 MB 
  elapsed time 667.9 s  memory 401.17 MB 
  elapsed time 670.9 s  memory 401.17 MB 
  elapsed time 673.9 s  memory 401.17 MB 
  elapsed time 677.0 s  memory 401.17 MB 
  elapsed time 680.0 s  memory 401.17 MB 
  elapsed time 683.1 s  memory 401.17 MB 
  elapsed time 686.1 s  memory 401.40 MB 
  elapsed time 689.1 s  memory 401.40 MB 
  elapsed time 692.2 s  memory 401.40 MB 
  elapsed time 695.2 s  memory 401.63 MB 
  elapsed time 698.3 s  memory 401.63 MB 
  elapsed time 701.3 s  memory 401.63 MB 
  elapsed time 704.3 s  memory 401.63 MB 
  elapsed time 707.4 s  memory 401.63 MB 
  elapsed time 710.4 s  memory 401.85 MB 
  elapsed time 713.4 s  memory 401.85 MB 
  elapsed time 716.5 s  memory 401.85 MB 
  elapsed time 719.5 s  memory 402.11 MB 
  elapsed time 722.6 s  memory 402.11 MB 
  elapsed time 725.6 s  memory 402.11 MB 
  elapsed time 728.6 s  memory 402.11 MB 
  elapsed time 731.6 s  memory 402.11 MB 
  elapsed time 734.7 s  memory 402.11 MB 
  elapsed time 737.7 s  memory 402.35 MB 
  elapsed time 740.8 s  memory 402.35 MB 
  elapsed time 743.8 s  memory 402.35 MB 
  elapsed time 746.8 s  memory 402.85 MB 
  elapsed time 749.9 s  memory 402.85 MB 
  elapsed time 752.9 s  memory 402.85 MB 
  elapsed time 755.9 s  memory 403.11 MB 
  elapsed time 759.0 s  memory 403.11 MB 
  elapsed time 762.0 s  memory 403.35 MB 
  elapsed time 765.1 s  memory 403.35 MB 
  elapsed time 768.1 s  memory 403.35 MB 
  elapsed time 771.2 s  memory 403.35 MB 
  elapsed time 774.2 s  memory 403.35 MB 
  elapsed time 777.2 s  memory 403.57 MB 
  elapsed time 780.3 s  memory 403.57 MB 
  elapsed time 783.3 s  memory 403.57 MB 
  elapsed time 786.4 s  memory 403.57 MB 
  elapsed time 789.4 s  memory 403.57 MB 
  elapsed time 792.4 s  memory 403.57 MB 
  elapsed time 795.4 s  memory 403.57 MB 
  elapsed time 798.5 s  memory 403.57 MB 
  elapsed time 801.5 s  memory 403.57 MB 
  elapsed time 804.6 s  memory 403.57 MB 
  elapsed time 807.6 s  memory 403.74 MB 
  elapsed time 810.6 s  memory 403.74 MB 
  elapsed time 813.7 s  memory 403.74 MB 
  elapsed time 816.7 s  memory 403.74 MB 
  elapsed time 819.7 s  memory 403.74 MB 
  elapsed time 822.8 s  memory 403.74 MB 
  elapsed time 825.8 s  memory 403.74 MB 
  elapsed time 828.8 s  memory 403.97 MB 
  elapsed time 831.9 s  memory 403.97 MB 
  elapsed time 834.9 s  memory 403.97 MB 
  elapsed time 837.9 s  memory 403.97 MB 
  elapsed time 841.0 s  memory 403.97 MB 
  elapsed time 844.0 s  memory 403.97 MB 
  elapsed time 847.1 s  memory 403.97 MB 
  elapsed time 850.1 s  memory 403.97 MB 
  elapsed time 853.1 s  memory 403.97 MB 
  elapsed time 856.1 s  memory 403.97 MB 
  elapsed time 859.2 s  memory 404.15 MB 
  elapsed time 862.2 s  memory 404.15 MB 
  elapsed time 865.2 s  memory 404.15 MB 
  elapsed time 868.3 s  memory 404.15 MB 
  elapsed time 871.3 s  memory 404.15 MB 
  elapsed time 874.4 s  memory 404.15 MB 
  elapsed time 877.4 s  memory 404.15 MB 
  elapsed time 880.4 s  memory 404.15 MB 
  elapsed time 883.5 s  memory 404.15 MB 
  elapsed time 886.5 s  memory 404.32 MB 
  elapsed time 889.5 s  memory 404.32 MB 
  elapsed time 892.6 s  memory 404.32 MB 
  elapsed time 895.6 s  memory 404.32 MB 
  elapsed time 898.7 s  memory 404.55 MB 
  elapsed time 901.7 s  memory 404.55 MB 
  elapsed time 904.7 s  memory 404.55 MB 
  elapsed time 907.8 s  memory 404.77 MB 
  elapsed time 910.8 s  memory 404.77 MB 
  elapsed time 913.9 s  memory 404.77 MB 
  elapsed time 916.9 s  memory 404.77 MB 
  elapsed time 919.9 s  memory 404.77 MB 
  elapsed time 923.0 s  memory 404.77 MB 
  elapsed time 926.0 s  memory 405.00 MB 
  elapsed time 929.0 s  memory 405.00 MB 
  elapsed time 932.1 s  memory 405.00 MB 
  elapsed time 935.1 s  memory 405.00 MB 
  elapsed time 938.2 s  memory 405.00 MB 
  elapsed time 941.2 s  memory 405.00 MB 
  elapsed time 944.2 s  memory 405.00 MB 
  elapsed time 947.3 s  memory 405.00 MB 
  elapsed time 950.3 s  memory 405.00 MB 
  elapsed time 953.3 s  memory 405.00 MB 
  elapsed time 956.4 s  memory 405.18 MB 
  elapsed time 959.4 s  memory 405.18 MB 
  elapsed time 962.5 s  memory 405.18 MB 
  elapsed time 965.5 s  memory 405.18 MB 
  elapsed time 968.6 s  memory 405.18 MB 
  elapsed time 971.6 s  memory 405.18 MB 
  elapsed time 974.7 s  memory 405.18 MB 
  elapsed time 977.7 s  memory 405.18 MB 
  elapsed time 980.8 s  memory 405.18 MB 
  elapsed time 983.8 s  memory 405.38 MB 
  elapsed time 986.8 s  memory 405.38 MB 
  elapsed time 989.9 s  memory 405.38 MB 
  elapsed time 992.9 s  memory 405.38 MB 
  elapsed time 996.0 s  memory 405.38 MB 
  elapsed time 999.0 s  memory 405.38 MB 
  elapsed time 1002.1 s  memory 405.38 MB 
  elapsed time 1005.1 s  memory 405.38 MB 
  elapsed time 1008.1 s  memory 405.38 MB 
  elapsed time 1011.2 s  memory 405.38 MB 
  elapsed time 1014.2 s  memory 405.58 MB 
  elapsed time 1017.2 s  memory 405.58 MB 
  elapsed time 1020.3 s  memory 405.58 MB 
  elapsed time 1023.3 s  memory 405.58 MB 
  elapsed time 1026.4 s  memory 405.84 MB 
  elapsed time 1029.4 s  memory 405.84 MB 
  elapsed time 1032.4 s  memory 405.84 MB 
  elapsed time 1035.5 s  memory 405.84 MB 
  elapsed time 1038.5 s  memory 405.84 MB 
  elapsed time 1041.6 s  memory 406.06 MB 
  elapsed time 1044.6 s  memory 406.06 MB 
  elapsed time 1047.6 s  memory 406.06 MB 
  elapsed time 1050.7 s  memory 406.06 MB 
  elapsed time 1053.7 s  memory 406.06 MB 
  elapsed time 1056.8 s  memory 406.06 MB 
  elapsed time 1059.8 s  memory 406.06 MB 
  elapsed time 1062.8 s  memory 406.06 MB 
  elapsed time 1065.9 s  memory 406.06 MB 
  elapsed time 1068.9 s  memory 406.06 MB 
  elapsed time 1072.0 s  memory 406.22 MB 
  elapsed time 1075.0 s  memory 406.22 MB 
  elapsed time 1078.0 s  memory 406.22 MB 
  elapsed time 1081.1 s  memory 406.22 MB 
  elapsed time 1084.1 s  memory 406.22 MB 
  elapsed time 1087.2 s  memory 406.22 MB 
  elapsed time 1090.2 s  memory 406.22 MB 
  elapsed time 1093.2 s  memory 406.42 MB 
  elapsed time 1096.3 s  memory 406.42 MB 
  elapsed time 1099.3 s  memory 406.42 MB 
  elapsed time 1102.4 s  memory 406.42 MB 
  elapsed time 1105.4 s  memory 406.42 MB 
  elapsed time 1108.4 s  memory 406.42 MB 
  elapsed time 1111.5 s  memory 406.42 MB 
  elapsed time 1114.5 s  memory 406.42 MB 
  elapsed time 1117.5 s  memory 406.65 MB 
  elapsed time 1120.6 s  memory 406.65 MB 
  elapsed time 1123.6 s  memory 406.65 MB 
  elapsed time 1126.7 s  memory 406.65 MB 
  elapsed time 1129.7 s  memory 406.65 MB 
  elapsed time 1132.7 s  memory 406.65 MB 
  elapsed time 1135.8 s  memory 406.65 MB 
  elapsed time 1138.8 s  memory 406.65 MB 
  elapsed time 1141.8 s  memory 406.65 MB 
  elapsed time 1144.9 s  memory 406.65 MB 
  elapsed time 1147.9 s  memory 406.65 MB 
  elapsed time 1150.9 s  memory 406.65 MB 
  elapsed time 1154.0 s  memory 406.65 MB 
  elapsed time 1157.0 s  memory 406.81 MB 
  elapsed time 1160.0 s  memory 406.81 MB 
  elapsed time 1163.1 s  memory 406.81 MB 
  elapsed time 1166.1 s  memory 406.81 MB 
  elapsed time 1169.2 s  memory 406.81 MB 
  elapsed time 1172.2 s  memory 406.81 MB 
  elapsed time 1175.2 s  memory 406.81 MB 
  elapsed time 1178.3 s  memory 406.81 MB 
  elapsed time 1181.3 s  memory 406.81 MB 
  elapsed time 1184.3 s  memory 406.81 MB 
  elapsed time 1187.4 s  memory 406.81 MB 
  elapsed time 1190.4 s  memory 406.81 MB 
  elapsed time 1193.5 s  memory 406.96 MB 
  elapsed time 1196.5 s  memory 406.96 MB 
  elapsed time 1199.5 s  memory 406.96 MB 
  elapsed time 1202.6 s  memory 406.96 MB 
  elapsed time 1205.6 s  memory 406.96 MB 
  elapsed time 1208.6 s  memory 406.96 MB 
  elapsed time 1211.7 s  memory 406.96 MB 
  elapsed time 1214.7 s  memory 406.96 MB 
  elapsed time 1217.7 s  memory 406.96 MB 
  elapsed time 1220.8 s  memory 406.96 MB 
  elapsed time 1223.8 s  memory 406.96 MB 
  elapsed time 1226.9 s  memory 406.96 MB 
  elapsed time 1229.9 s  memory 407.13 MB 
  elapsed time 1232.9 s  memory 407.13 MB 
  elapsed time 1236.0 s  memory 407.13 MB 
  elapsed time 1239.0 s  memory 407.13 MB 
  elapsed time 1242.0 s  memory 407.13 MB 
  elapsed time 1245.1 s  memory 407.13 MB 
  elapsed time 1248.1 s  memory 407.13 MB 
  elapsed time 1251.2 s  memory 407.13 MB 
  elapsed time 1254.2 s  memory 407.13 MB 
  elapsed time 1257.2 s  memory 407.13 MB 
  elapsed time 1260.3 s  memory 407.13 MB 
  elapsed time 1263.3 s  memory 407.13 MB 
  elapsed time 1266.4 s  memory 407.13 MB 
  elapsed time 1269.4 s  memory 407.27 MB 
  elapsed time 1272.4 s  memory 407.27 MB 
  elapsed time 1275.5 s  memory 407.27 MB 
  elapsed time 1278.5 s  memory 407.27 MB 
  elapsed time 1281.5 s  memory 407.27 MB 
  elapsed time 1284.6 s  memory 407.50 MB 
  elapsed time 1287.6 s  memory 407.50 MB 
  elapsed time 1290.6 s  memory 407.50 MB 
  elapsed time 1293.7 s  memory 407.50 MB 
  elapsed time 1296.7 s  memory 407.50 MB 
  elapsed time 1299.8 s  memory 407.50 MB 
  elapsed time 1302.8 s  memory 407.50 MB 
  elapsed time 1305.8 s  memory 407.50 MB 
  elapsed time 1308.9 s  memory 407.50 MB 
  elapsed time 1311.9 s  memory 407.50 MB 
  elapsed time 1315.0 s  memory 407.50 MB 
  elapsed time 1318.0 s  memory 407.66 MB 
  elapsed time 1321.0 s  memory 407.66 MB 
  elapsed time 1324.1 s  memory 407.66 MB 
  elapsed time 1327.1 s  memory 407.66 MB 
  elapsed time 1330.1 s  memory 407.66 MB 
  elapsed time 1333.2 s  memory 407.66 MB 
  elapsed time 1336.2 s  memory 407.66 MB 
  elapsed time 1339.3 s  memory 407.66 MB 
  elapsed time 1342.3 s  memory 407.66 MB 
  elapsed time 1345.4 s  memory 407.66 MB 
  elapsed time 1348.4 s  memory 407.66 MB 
  elapsed time 1351.5 s  memory 407.66 MB 
  elapsed time 1354.5 s  memory 407.66 MB 
  elapsed time 1357.5 s  memory 407.66 MB 
  elapsed time 1360.6 s  memory 407.66 MB 
  elapsed time 1363.6 s  memory 407.83 MB 
  elapsed time 1366.6 s  memory 407.83 MB 
  elapsed time 1369.7 s  memory 407.83 MB 
  elapsed time 1372.7 s  memory 407.83 MB 
  elapsed time 1375.8 s  memory 407.83 MB 
  elapsed time 1378.8 s  memory 407.83 MB 
  elapsed time 1381.9 s  memory 407.83 MB 
  elapsed time 1384.9 s  memory 407.83 MB 
  elapsed time 1387.9 s  memory 408.05 MB 
  elapsed time 1391.0 s  memory 408.05 MB 
  elapsed time 1394.0 s  memory 408.05 MB 
  elapsed time 1397.0 s  memory 408.05 MB 
  elapsed time 1400.1 s  memory 408.05 MB 
  elapsed time 1403.1 s  memory 408.05 MB 
  elapsed time 1406.1 s  memory 408.05 MB 
  elapsed time 1409.2 s  memory 408.05 MB 
  elapsed time 1412.2 s  memory 408.05 MB 
  elapsed time 1415.2 s  memory 408.05 MB 
  elapsed time 1418.3 s  memory 408.25 MB 
  elapsed time 1421.3 s  memory 408.25 MB 
  elapsed time 1424.3 s  memory 408.25 MB 
  elapsed time 1427.4 s  memory 408.25 MB 
  elapsed time 1430.4 s  memory 408.25 MB 
  elapsed time 1433.4 s  memory 408.25 MB 
  elapsed time 1436.5 s  memory 408.25 MB 
  elapsed time 1439.5 s  memory 408.25 MB 
  elapsed time 1442.5 s  memory 408.25 MB 
  elapsed time 1445.6 s  memory 408.25 MB 
  elapsed time 1448.6 s  memory 408.25 MB 
  elapsed time 1451.6 s  memory 408.25 MB 
  elapsed time 1454.7 s  memory 408.25 MB 
  elapsed time 1457.7 s  memory 408.25 MB 
  elapsed time 1460.8 s  memory 408.25 MB 
  elapsed time 1463.8 s  memory 408.25 MB 
  elapsed time 1466.8 s  memory 408.35 MB 
  elapsed time 1469.9 s  memory 408.35 MB 
  elapsed time 1472.9 s  memory 408.35 MB 
  elapsed time 1475.9 s  memory 408.35 MB 
  elapsed time 1479.0 s  memory 408.35 MB 
  elapsed time 1482.0 s  memory 408.58 MB 
  elapsed time 1485.1 s  memory 408.58 MB 
  elapsed time 1488.1 s  memory 408.58 MB 
  elapsed time 1491.1 s  memory 408.58 MB 
  elapsed time 1494.2 s  memory 408.58 MB 
  elapsed time 1497.2 s  memory 408.58 MB 
  elapsed time 1500.3 s  memory 408.58 MB 
  elapsed time 1503.3 s  memory 408.58 MB 
  elapsed time 1506.3 s  memory 408.58 MB 
  elapsed time 1509.4 s  memory 408.58 MB 
  elapsed time 1512.4 s  memory 408.74 MB 
  elapsed time 1515.4 s  memory 408.74 MB 
  elapsed time 1518.5 s  memory 408.74 MB 
  elapsed time 1521.5 s  memory 409.01 MB 
  elapsed time 1524.5 s  memory 409.01 MB 
  elapsed time 1527.6 s  memory 409.01 MB 
  elapsed time 1530.6 s  memory 409.01 MB 
  elapsed time 1533.6 s  memory 409.01 MB 
  elapsed time 1536.7 s  memory 409.01 MB 
  elapsed time 1539.7 s  memory 409.01 MB 
  elapsed time 1542.7 s  memory 409.01 MB 
  elapsed time 1545.8 s  memory 409.01 MB 
  elapsed time 1548.8 s  memory 409.01 MB 
  elapsed time 1551.8 s  memory 409.01 MB 
  elapsed time 1554.9 s  memory 409.17 MB 
  elapsed time 1557.9 s  memory 409.17 MB 
  elapsed time 1560.9 s  memory 409.17 MB 
  elapsed time 1564.0 s  memory 409.17 MB 
  elapsed time 1567.0 s  memory 409.17 MB 
  elapsed time 1570.0 s  memory 409.17 MB 
  elapsed time 1573.1 s  memory 409.17 MB 
  elapsed time 1576.1 s  memory 409.17 MB 
  elapsed time 1579.1 s  memory 409.17 MB 
  elapsed time 1582.2 s  memory 409.17 MB 
  elapsed time 1585.2 s  memory 409.17 MB 
  elapsed time 1588.2 s  memory 409.17 MB 
  elapsed time 1591.3 s  memory 409.17 MB 
  elapsed time 1594.3 s  memory 409.17 MB 
  elapsed time 1597.3 s  memory 409.17 MB 
  elapsed time 1600.4 s  memory 409.17 MB 
  elapsed time 1603.4 s  memory 409.29 MB 
  elapsed time 1606.5 s  memory 409.29 MB 
  elapsed time 1609.5 s  memory 409.29 MB 
  elapsed time 1612.5 s  memory 409.29 MB 
  elapsed time 1615.6 s  memory 409.29 MB 
  elapsed time 1618.6 s  memory 409.29 MB 
  elapsed time 1621.6 s  memory 409.29 MB 
  elapsed time 1624.7 s  memory 409.29 MB 
  elapsed time 1627.7 s  memory 409.29 MB 
  elapsed time 1630.8 s  memory 409.50 MB 
  elapsed time 1633.8 s  memory 409.50 MB 
  elapsed time 1636.8 s  memory 409.50 MB 
  elapsed time 1639.9 s  memory 409.50 MB 
  elapsed time 1642.9 s  memory 409.50 MB 
  elapsed time 1645.9 s  memory 409.50 MB 
  elapsed time 1649.0 s  memory 409.50 MB 
  elapsed time 1652.0 s  memory 409.50 MB 
  elapsed time 1655.1 s  memory 409.50 MB 
  elapsed time 1658.1 s  memory 409.50 MB 
  elapsed time 1661.1 s  memory 409.50 MB 
  elapsed time 1664.2 s  memory 409.63 MB 
  elapsed time 1667.2 s  memory 409.63 MB 
  elapsed time 1670.2 s  memory 409.63 MB 
  elapsed time 1673.2 s  memory 409.63 MB 
  elapsed time 1676.3 s  memory 409.63 MB 
  elapsed time 1679.3 s  memory 409.63 MB 
  elapsed time 1682.4 s  memory 409.85 MB 
  elapsed time 1685.4 s  memory 409.85 MB 
  elapsed time 1688.4 s  memory 409.85 MB 
  elapsed time 1691.5 s  memory 409.85 MB 
  elapsed time 1694.5 s  memory 409.85 MB 
  elapsed time 1697.5 s  memory 409.85 MB 
  elapsed time 1700.6 s  memory 410.08 MB 
  elapsed time 1703.6 s  memory 410.08 MB 
  elapsed time 1706.6 s  memory 410.08 MB 
  elapsed time 1709.7 s  memory 410.08 MB 
  elapsed time 1712.7 s  memory 410.08 MB 
  elapsed time 1715.8 s  memory 410.08 MB 
  elapsed time 1718.8 s  memory 410.08 MB 
  elapsed time 1721.8 s  memory 410.08 MB 
  elapsed time 1724.9 s  memory 410.08 MB 
  elapsed time 1727.9 s  memory 410.08 MB 
  elapsed time 1730.9 s  memory 410.08 MB 
  elapsed time 1734.0 s  memory 410.08 MB 
  elapsed time 1737.0 s  memory 105.34 MB 
    Entering ./runs/diamond/dmc 4 
      copying results  4 dmc 
    Entering ./runs/diamond/dmc 4 
      analyzing  4 dmc 

Project finished
 
