 # Generating QMCPACK input from PYSCF checkpoint file.
 # git sha1: cd196fa67a7c3213761ba0c242586d676be31d55-dirty
 # Date/Time: Sun May  5 15:40:08 2019
 # Working directory: /p/lustre2/malone14/qmcpack_workshop_2019/day1_afqmc/06-diamond_2x2x2_supercell
 # Generating Hamiltonian and wavefunction from pyscf cell object.
 # Time to reach cholesky: 5.00e-02 s
 # Each kpoint is distributed accross 1 mpi tasks.
 # Approx. total memory required: 1.91e+00 GB.
 # Generating orbital products.
 # Time to generate orbital products: 1.29e+02 s
 # Time to generate diagonal (initial residual): 1.10e+00
        iteration      max_residual        total_time         time_k3k4   time_comp_cholv         time_buff
                0  4.1769128284e-01  6.0000000000e-02  3.0000000000e-02  3.0000000000e-02  0.0000000000e+00
                1  3.7487918054e-01  5.0000000000e-02  0.0000000000e+00  5.0000000000e-02  0.0000000000e+00
                2  3.7204499682e-01  4.0000000000e-02  1.0000000000e-02  3.0000000000e-02  0.0000000000e+00
                3  2.7212536231e-01  3.0000000000e-02  0.0000000000e+00  3.0000000000e-02  0.0000000000e+00
                4  2.6399406821e-01  5.0000000000e-02  1.0000000000e-02  4.0000000000e-02  0.0000000000e+00
                5  2.4688307862e-01  4.0000000000e-02  0.0000000000e+00  4.0000000000e-02  0.0000000000e+00
                6  2.4501420362e-01  5.0000000000e-02  0.0000000000e+00  5.0000000000e-02  0.0000000000e+00
                7  2.4501004250e-01  4.0000000000e-02  0.0000000000e+00  4.0000000000e-02  0.0000000000e+00
                8  2.4500266721e-01  4.0000000000e-02  0.0000000000e+00  4.0000000000e-02  0.0000000000e+00
                9  2.2290200689e-01  5.0000000000e-02  1.0000000000e-02  4.0000000000e-02  0.0000000000e+00
               10  2.2290200689e-01  3.0000000000e-02  0.0000000000e+00  3.0000000000e-02  0.0000000000e+00
               11  2.2290200689e-01  4.0000000000e-02  0.0000000000e+00  4.0000000000e-02  0.0000000000e+00
               12  2.2290200689e-01  4.0000000000e-02  1.0000000000e-02  3.0000000000e-02  0.0000000000e+00
               13  1.8751814029e-01  5.0000000000e-02  1.0000000000e-02  4.0000000000e-02  0.0000000000e+00
               14  1.4693474053e-01  2.0000000000e-02  1.0000000000e-02  1.0000000000e-02  0.0000000000e+00
               15  1.3436789802e-01  5.0000000000e-02  1.0000000000e-02  4.0000000000e-02  0.0000000000e+00
               16  1.3425096411e-01  3.0000000000e-02  1.0000000000e-02  1.0000000000e-02  1.0000000000e-02
               17  1.3073332340e-01  2.0000000000e-02  1.0000000000e-02  1.0000000000e-02  0.0000000000e+00
               18  1.3013460540e-01  3.0000000000e-02  0.0000000000e+00  3.0000000000e-02  0.0000000000e+00
               19  1.2025529181e-01  4.0000000000e-02  1.0000000000e-02  3.0000000000e-02  0.0000000000e+00
               20  1.1814912082e-01  4.0000000000e-02  1.0000000000e-02  3.0000000000e-02  0.0000000000e+00
               21  1.1707954395e-01  1.0000000000e-02  0.0000000000e+00  1.0000000000e-02  0.0000000000e+00
               22  1.1029416464e-01  5.0000000000e-02  0.0000000000e+00  4.0000000000e-02  1.0000000000e-02
               23  1.0920538487e-01  2.0000000000e-02  0.0000000000e+00  2.0000000000e-02  0.0000000000e+00
               24  1.0918656671e-01  5.0000000000e-02  1.0000000000e-02  4.0000000000e-02  0.0000000000e+00
               25  1.0913427190e-01  4.0000000000e-02  0.0000000000e+00  4.0000000000e-02  0.0000000000e+00
               26  1.0894399742e-01  5.0000000000e-02  1.0000000000e-02  4.0000000000e-02  0.0000000000e+00
               27  1.0894399574e-01  4.0000000000e-02  0.0000000000e+00  4.0000000000e-02  0.0000000000e+00
               28  1.0894399451e-01  5.0000000000e-02  1.0000000000e-02  4.0000000000e-02  0.0000000000e+00
               29  1.0882497822e-01  4.0000000000e-02  0.0000000000e+00  4.0000000000e-02  0.0000000000e+00
               30  1.0482669474e-01  4.0000000000e-02  0.0000000000e+00  3.0000000000e-02  1.0000000000e-02
               31  1.0254835635e-01  5.0000000000e-02  1.0000000000e-02  3.0000000000e-02  1.0000000000e-02
               32  1.0172936875e-01  5.0000000000e-02  1.0000000000e-02  4.0000000000e-02  0.0000000000e+00
               33  9.5121563341e-02  2.0000000000e-02  1.0000000000e-02  1.0000000000e-02  0.0000000000e+00
               34  9.3140787056e-02  3.0000000000e-02  0.0000000000e+00  3.0000000000e-02  0.0000000000e+00
               35  9.2116869922e-02  5.0000000000e-02  1.0000000000e-02  4.0000000000e-02  0.0000000000e+00
               36  9.1304692693e-02  4.0000000000e-02  0.0000000000e+00  4.0000000000e-02  0.0000000000e+00
               37  8.9841300024e-02  4.0000000000e-02  0.0000000000e+00  4.0000000000e-02  0.0000000000e+00
               38  8.9827380684e-02  5.0000000000e-02  0.0000000000e+00  5.0000000000e-02  0.0000000000e+00
               39  8.9183138850e-02  5.0000000000e-02  0.0000000000e+00  5.0000000000e-02  0.0000000000e+00
               40  8.9183093262e-02  5.0000000000e-02  0.0000000000e+00  4.0000000000e-02  1.0000000000e-02
               41  8.9183067516e-02  5.0000000000e-02  1.0000000000e-02  4.0000000000e-02  0.0000000000e+00
               42  8.7945642140e-02  4.0000000000e-02  0.0000000000e+00  4.0000000000e-02  0.0000000000e+00
               43  8.7922484965e-02  4.0000000000e-02  0.0000000000e+00  4.0000000000e-02  0.0000000000e+00
               44  8.7051912482e-02  4.0000000000e-02  1.0000000000e-02  3.0000000000e-02  0.0000000000e+00
               45  8.7030191339e-02  3.0000000000e-02  0.0000000000e+00  3.0000000000e-02  0.0000000000e+00
               46  8.6999671078e-02  4.0000000000e-02  0.0000000000e+00  4.0000000000e-02  0.0000000000e+00
               47  7.9708672377e-02  4.0000000000e-02  1.0000000000e-02  3.0000000000e-02  0.0000000000e+00
               48  7.9525409027e-02  5.0000000000e-02  1.0000000000e-02  4.0000000000e-02  0.0000000000e+00
               49  7.8649520187e-02  4.0000000000e-02  1.0000000000e-02  3.0000000000e-02  0.0000000000e+00
               50  7.7488731026e-02  3.0000000000e-02  0.0000000000e+00  3.0000000000e-02  0.0000000000e+00
               51  7.5861103930e-02  5.0000000000e-02  0.0000000000e+00  4.0000000000e-02  1.0000000000e-02
               52  7.5229383769e-02  4.0000000000e-02  1.0000000000e-02  3.0000000000e-02  0.0000000000e+00
               53  7.3968838868e-02  5.0000000000e-02  1.0000000000e-02  4.0000000000e-02  0.0000000000e+00
               54  7.3923962734e-02  2.0000000000e-02  1.0000000000e-02  1.0000000000e-02  0.0000000000e+00
               55  7.1407416208e-02  2.0000000000e-02  1.0000000000e-02  1.0000000000e-02  0.0000000000e+00
               56  7.0307484660e-02  4.0000000000e-02  1.0000000000e-02  3.0000000000e-02  0.0000000000e+00
               57  6.9083415686e-02  4.0000000000e-02  0.0000000000e+00  4.0000000000e-02  0.0000000000e+00
               58  6.8121272265e-02  5.0000000000e-02  1.0000000000e-02  4.0000000000e-02  0.0000000000e+00
               59  6.7363379968e-02  5.0000000000e-02  1.0000000000e-02  4.0000000000e-02  0.0000000000e+00
               60  6.6903357697e-02  5.0000000000e-02  1.0000000000e-02  4.0000000000e-02  0.0000000000e+00
               61  6.6869122377e-02  4.0000000000e-02  1.0000000000e-02  3.0000000000e-02  0.0000000000e+00
               62  6.6785582043e-02  4.0000000000e-02  0.0000000000e+00  4.0000000000e-02  0.0000000000e+00
               63  6.3381080308e-02  5.0000000000e-02  1.0000000000e-02  4.0000000000e-02  0.0000000000e+00
               64  6.3312768755e-02  4.0000000000e-02  1.0000000000e-02  3.0000000000e-02  0.0000000000e+00
               65  6.2452081039e-02  3.0000000000e-02  0.0000000000e+00  3.0000000000e-02  0.0000000000e+00
               66  6.2076827322e-02  5.0000000000e-02  0.0000000000e+00  5.0000000000e-02  0.0000000000e+00
               67  6.0451075026e-02  5.0000000000e-02  1.0000000000e-02  4.0000000000e-02  0.0000000000e+00
               68  5.9031704715e-02  5.0000000000e-02  1.0000000000e-02  4.0000000000e-02  0.0000000000e+00
               69  5.8859858036e-02  4.0000000000e-02  0.0000000000e+00  4.0000000000e-02  0.0000000000e+00
               70  5.8848117091e-02  4.0000000000e-02  0.0000000000e+00  4.0000000000e-02  0.0000000000e+00
               71  5.8062048201e-02  4.0000000000e-02  1.0000000000e-02  3.0000000000e-02  0.0000000000e+00
               72  5.7976885739e-02  3.0000000000e-02  0.0000000000e+00  3.0000000000e-02  0.0000000000e+00
               73  5.7902451447e-02  1.0000000000e-02  0.0000000000e+00  1.0000000000e-02  0.0000000000e+00
               74  5.6623549193e-02  5.0000000000e-02  0.0000000000e+00  5.0000000000e-02  0.0000000000e+00
               75  5.4794784266e-02  5.0000000000e-02  0.0000000000e+00  5.0000000000e-02  0.0000000000e+00
               76  5.4438089023e-02  4.0000000000e-02  1.0000000000e-02  3.0000000000e-02  0.0000000000e+00
               77  5.4232209951e-02  4.0000000000e-02  0.0000000000e+00  4.0000000000e-02  0.0000000000e+00
               78  5.2766913602e-02  4.0000000000e-02  1.0000000000e-02  3.0000000000e-02  0.0000000000e+00
               79  5.2135186684e-02  4.0000000000e-02  1.0000000000e-02  3.0000000000e-02  0.0000000000e+00
               80  5.1908158977e-02  4.0000000000e-02  0.0000000000e+00  4.0000000000e-02  0.0000000000e+00
               81  5.1402192717e-02  5.0000000000e-02  1.0000000000e-02  4.0000000000e-02  0.0000000000e+00
               82  5.1028689002e-02  6.0000000000e-02  1.0000000000e-02  4.0000000000e-02  1.0000000000e-02
               83  5.0790948045e-02  4.0000000000e-02  0.0000000000e+00  4.0000000000e-02  0.0000000000e+00
               84  4.9245179596e-02  5.0000000000e-02  0.0000000000e+00  5.0000000000e-02  0.0000000000e+00
               85  4.9126981536e-02  5.0000000000e-02  0.0000000000e+00  5.0000000000e-02  0.0000000000e+00
               86  4.8906401184e-02  5.0000000000e-02  1.0000000000e-02  4.0000000000e-02  0.0000000000e+00
               87  4.8141958554e-02  3.0000000000e-02  0.0000000000e+00  3.0000000000e-02  0.0000000000e+00
               88  4.4747306490e-02  5.0000000000e-02  0.0000000000e+00  5.0000000000e-02  0.0000000000e+00
               89  4.3115917743e-02  4.0000000000e-02  1.0000000000e-02  3.0000000000e-02  0.0000000000e+00
               90  4.3034794675e-02  3.0000000000e-02  1.0000000000e-02  1.0000000000e-02  1.0000000000e-02
               91  4.3020178809e-02  5.0000000000e-02  0.0000000000e+00  4.0000000000e-02  0.0000000000e+00
               92  4.2884588550e-02  1.0000000000e-02  0.0000000000e+00  1.0000000000e-02  0.0000000000e+00
               93  4.1916285179e-02  3.0000000000e-02  1.0000000000e-02  1.0000000000e-02  1.0000000000e-02
               94  4.0765322171e-02  3.0000000000e-02  0.0000000000e+00  3.0000000000e-02  0.0000000000e+00
               95  3.9418472373e-02  2.0000000000e-02  0.0000000000e+00  2.0000000000e-02  0.0000000000e+00
               96  3.9124610468e-02  5.0000000000e-02  1.0000000000e-02  4.0000000000e-02  0.0000000000e+00
               97  3.8934268613e-02  3.0000000000e-02  0.0000000000e+00  3.0000000000e-02  0.0000000000e+00
               98  3.5941798159e-02  4.0000000000e-02  0.0000000000e+00  4.0000000000e-02  0.0000000000e+00
               99  3.5873517547e-02  4.0000000000e-02  1.0000000000e-02  3.0000000000e-02  0.0000000000e+00
              100  3.4539086479e-02  4.0000000000e-02  1.0000000000e-02  3.0000000000e-02  0.0000000000e+00
              101  3.3833533138e-02  4.0000000000e-02  0.0000000000e+00  4.0000000000e-02  0.0000000000e+00
              102  3.3734854204e-02  2.0000000000e-02  0.0000000000e+00  2.0000000000e-02  0.0000000000e+00
              103  3.3543447678e-02  5.0000000000e-02  1.0000000000e-02  4.0000000000e-02  0.0000000000e+00
              104  3.3454915500e-02  3.0000000000e-02  0.0000000000e+00  3.0000000000e-02  0.0000000000e+00
              105  3.3417197169e-02  5.0000000000e-02  0.0000000000e+00  4.0000000000e-02  1.0000000000e-02
              106  3.2913597659e-02  5.0000000000e-02  0.0000000000e+00  5.0000000000e-02  0.0000000000e+00
              107  3.2905438608e-02  4.0000000000e-02  1.0000000000e-02  3.0000000000e-02  0.0000000000e+00
              108  3.2329729153e-02  4.0000000000e-02  1.0000000000e-02  3.0000000000e-02  0.0000000000e+00
              109  3.2269500079e-02  3.0000000000e-02  0.0000000000e+00  3.0000000000e-02  0.0000000000e+00
              110  3.1650504878e-02  3.0000000000e-02  0.0000000000e+00  3.0000000000e-02  0.0000000000e+00
              111  3.1610094572e-02  4.0000000000e-02  0.0000000000e+00  4.0000000000e-02  0.0000000000e+00
              112  3.1073605143e-02  5.0000000000e-02  1.0000000000e-02  4.0000000000e-02  0.0000000000e+00
              113  3.0551170257e-02  5.0000000000e-02  1.0000000000e-02  4.0000000000e-02  0.0000000000e+00
              114  3.0468871606e-02  4.0000000000e-02  0.0000000000e+00  4.0000000000e-02  0.0000000000e+00
              115  3.0451977146e-02  6.0000000000e-02  0.0000000000e+00  5.0000000000e-02  1.0000000000e-02
              116  2.9580593414e-02  4.0000000000e-02  1.0000000000e-02  3.0000000000e-02  0.0000000000e+00
              117  2.9474315261e-02  4.0000000000e-02  1.0000000000e-02  3.0000000000e-02  0.0000000000e+00
              118  2.9081756049e-02  3.0000000000e-02  0.0000000000e+00  3.0000000000e-02  0.0000000000e+00
              119  2.8931540050e-02  5.0000000000e-02  1.0000000000e-02  4.0000000000e-02  0.0000000000e+00
              120  2.8814339680e-02  5.0000000000e-02  0.0000000000e+00  5.0000000000e-02  0.0000000000e+00
              121  2.7406707949e-02  5.0000000000e-02  1.0000000000e-02  4.0000000000e-02  0.0000000000e+00
              122  2.6867410072e-02  5.0000000000e-02  1.0000000000e-02  4.0000000000e-02  0.0000000000e+00
              123  2.6813637627e-02  4.0000000000e-02  0.0000000000e+00  4.0000000000e-02  0.0000000000e+00
              124  2.5955832763e-02  4.0000000000e-02  0.0000000000e+00  4.0000000000e-02  0.0000000000e+00
              125  2.5803272647e-02  4.0000000000e-02  1.0000000000e-02  3.0000000000e-02  0.0000000000e+00
              126  2.5712678947e-02  5.0000000000e-02  1.0000000000e-02  4.0000000000e-02  0.0000000000e+00
              127  2.5220551876e-02  2.0000000000e-02  1.0000000000e-02  1.0000000000e-02  0.0000000000e+00
              128  2.5198551285e-02  4.0000000000e-02  0.0000000000e+00  4.0000000000e-02  0.0000000000e+00
              129  2.4775844184e-02  5.0000000000e-02  1.0000000000e-02  4.0000000000e-02  0.0000000000e+00
              130  2.4591410879e-02  3.0000000000e-02  0.0000000000e+00  3.0000000000e-02  0.0000000000e+00
              131  2.4548541189e-02  5.0000000000e-02  0.0000000000e+00  4.0000000000e-02  1.0000000000e-02
              132  2.4493899146e-02  2.0000000000e-02  0.0000000000e+00  2.0000000000e-02  0.0000000000e+00
              133  2.4114397305e-02  5.0000000000e-02  1.0000000000e-02  4.0000000000e-02  0.0000000000e+00
              134  2.3976013974e-02  5.0000000000e-02  1.0000000000e-02  4.0000000000e-02  0.0000000000e+00
              135  2.3668772126e-02  3.0000000000e-02  0.0000000000e+00  3.0000000000e-02  0.0000000000e+00
              136  2.3086095788e-02  5.0000000000e-02  0.0000000000e+00  4.0000000000e-02  1.0000000000e-02
              137  2.2753274112e-02  5.0000000000e-02  1.0000000000e-02  4.0000000000e-02  0.0000000000e+00
              138  2.2433011378e-02  2.0000000000e-02  1.0000000000e-02  1.0000000000e-02  0.0000000000e+00
              139  2.2061857711e-02  5.0000000000e-02  1.0000000000e-02  4.0000000000e-02  0.0000000000e+00
              140  2.2038209145e-02  4.0000000000e-02  1.0000000000e-02  3.0000000000e-02  0.0000000000e+00
              141  2.1983562654e-02  4.0000000000e-02  0.0000000000e+00  4.0000000000e-02  0.0000000000e+00
              142  2.1336840745e-02  5.0000000000e-02  1.0000000000e-02  4.0000000000e-02  0.0000000000e+00
              143  2.1068659950e-02  4.0000000000e-02  1.0000000000e-02  3.0000000000e-02  0.0000000000e+00
              144  2.0989657366e-02  5.0000000000e-02  1.0000000000e-02  4.0000000000e-02  0.0000000000e+00
              145  2.0764165738e-02  4.0000000000e-02  0.0000000000e+00  4.0000000000e-02  0.0000000000e+00
              146  2.0360525217e-02  3.0000000000e-02  0.0000000000e+00  3.0000000000e-02  0.0000000000e+00
              147  2.0289492547e-02  5.0000000000e-02  0.0000000000e+00  5.0000000000e-02  0.0000000000e+00
              148  1.9971352877e-02  4.0000000000e-02  0.0000000000e+00  4.0000000000e-02  0.0000000000e+00
              149  1.9639084197e-02  4.0000000000e-02  1.0000000000e-02  3.0000000000e-02  0.0000000000e+00
              150  1.9399209672e-02  4.0000000000e-02  0.0000000000e+00  4.0000000000e-02  0.0000000000e+00
              151  1.9223986435e-02  5.0000000000e-02  0.0000000000e+00  4.0000000000e-02  1.0000000000e-02
              152  1.9181781992e-02  5.0000000000e-02  0.0000000000e+00  5.0000000000e-02  0.0000000000e+00
              153  1.9082741040e-02  4.0000000000e-02  0.0000000000e+00  4.0000000000e-02  0.0000000000e+00
              154  1.8709121646e-02  5.0000000000e-02  1.0000000000e-02  4.0000000000e-02  0.0000000000e+00
              155  1.8660240516e-02  3.0000000000e-02  0.0000000000e+00  3.0000000000e-02  0.0000000000e+00
              156  1.8375177260e-02  4.0000000000e-02  0.0000000000e+00  3.0000000000e-02  1.0000000000e-02
              157  1.8138574971e-02  5.0000000000e-02  1.0000000000e-02  4.0000000000e-02  0.0000000000e+00
              158  1.8105931630e-02  4.0000000000e-02  0.0000000000e+00  4.0000000000e-02  0.0000000000e+00
              159  1.7980821198e-02  1.0000000000e-02  0.0000000000e+00  1.0000000000e-02  0.0000000000e+00
              160  1.7466197933e-02  4.0000000000e-02  0.0000000000e+00  4.0000000000e-02  0.0000000000e+00
              161  1.7383658696e-02  4.0000000000e-02  1.0000000000e-02  3.0000000000e-02  0.0000000000e+00
              162  1.7292368051e-02  5.0000000000e-02  1.0000000000e-02  4.0000000000e-02  0.0000000000e+00
              163  1.7216810046e-02  4.0000000000e-02  0.0000000000e+00  4.0000000000e-02  0.0000000000e+00
              164  1.7045188215e-02  5.0000000000e-02  1.0000000000e-02  4.0000000000e-02  0.0000000000e+00
              165  1.6836518281e-02  5.0000000000e-02  1.0000000000e-02  4.0000000000e-02  0.0000000000e+00
              166  1.6836385207e-02  1.0000000000e-02  0.0000000000e+00  1.0000000000e-02  0.0000000000e+00
              167  1.6179517679e-02  1.0000000000e-02  0.0000000000e+00  1.0000000000e-02  0.0000000000e+00
              168  1.6133446271e-02  1.0000000000e-02  0.0000000000e+00  1.0000000000e-02  0.0000000000e+00
              169  1.5234991930e-02  4.0000000000e-02  0.0000000000e+00  4.0000000000e-02  0.0000000000e+00
              170  1.4173654848e-02  4.0000000000e-02  1.0000000000e-02  3.0000000000e-02  0.0000000000e+00
              171  1.3999487608e-02  4.0000000000e-02  1.0000000000e-02  3.0000000000e-02  0.0000000000e+00
              172  1.2663129403e-02  5.0000000000e-02  1.0000000000e-02  4.0000000000e-02  0.0000000000e+00
              173  1.2565091349e-02  3.0000000000e-02  0.0000000000e+00  3.0000000000e-02  0.0000000000e+00
              174  1.2534854588e-02  4.0000000000e-02  0.0000000000e+00  4.0000000000e-02  0.0000000000e+00
              175  1.2467199243e-02  5.0000000000e-02  1.0000000000e-02  4.0000000000e-02  0.0000000000e+00
              176  1.2457171316e-02  4.0000000000e-02  0.0000000000e+00  4.0000000000e-02  0.0000000000e+00
              177  1.2312687238e-02  2.0000000000e-02  0.0000000000e+00  1.0000000000e-02  1.0000000000e-02
              178  1.2238713817e-02  4.0000000000e-02  0.0000000000e+00  3.0000000000e-02  1.0000000000e-02
              179  1.2201342877e-02  5.0000000000e-02  1.0000000000e-02  4.0000000000e-02  0.0000000000e+00
              180  1.1936409361e-02  4.0000000000e-02  1.0000000000e-02  3.0000000000e-02  0.0000000000e+00
              181  1.1749062735e-02  4.0000000000e-02  0.0000000000e+00  4.0000000000e-02  0.0000000000e+00
              182  1.1642741657e-02  4.0000000000e-02  0.0000000000e+00  4.0000000000e-02  0.0000000000e+00
              183  1.1601958998e-02  4.0000000000e-02  1.0000000000e-02  3.0000000000e-02  0.0000000000e+00
              184  1.1430858355e-02  2.0000000000e-02  1.0000000000e-02  1.0000000000e-02  0.0000000000e+00
              185  1.1422494901e-02  5.0000000000e-02  1.0000000000e-02  4.0000000000e-02  0.0000000000e+00
              186  1.0733892812e-02  3.0000000000e-02  0.0000000000e+00  3.0000000000e-02  0.0000000000e+00
              187  1.0717882703e-02  5.0000000000e-02  0.0000000000e+00  5.0000000000e-02  0.0000000000e+00
              188  1.0334894180e-02  4.0000000000e-02  1.0000000000e-02  3.0000000000e-02  0.0000000000e+00
              189  1.0192615162e-02  6.0000000000e-02  0.0000000000e+00  5.0000000000e-02  1.0000000000e-02
              190  1.0162900441e-02  4.0000000000e-02  1.0000000000e-02  3.0000000000e-02  0.0000000000e+00
              191  1.0011214444e-02  5.0000000000e-02  0.0000000000e+00  5.0000000000e-02  0.0000000000e+00
              192  9.9859478838e-03  4.0000000000e-02  1.0000000000e-02  3.0000000000e-02  0.0000000000e+00
              193  9.9543454644e-03  4.0000000000e-02  1.0000000000e-02  3.0000000000e-02  0.0000000000e+00
              194  9.8726464317e-03  3.0000000000e-02  0.0000000000e+00  3.0000000000e-02  0.0000000000e+00
              195  9.8575910645e-03  4.0000000000e-02  0.0000000000e+00  4.0000000000e-02  0.0000000000e+00
              196  9.5869810257e-03  2.0000000000e-02  0.0000000000e+00  2.0000000000e-02  0.0000000000e+00
              197  9.2537728420e-03  4.0000000000e-02  0.0000000000e+00  4.0000000000e-02  0.0000000000e+00
              198  9.0491252935e-03  5.0000000000e-02  1.0000000000e-02  4.0000000000e-02  0.0000000000e+00
              199  9.0294288246e-03  2.0000000000e-02  1.0000000000e-02  1.0000000000e-02  0.0000000000e+00
              200  8.9083744875e-03  2.0000000000e-02  1.0000000000e-02  1.0000000000e-02  0.0000000000e+00
              201  8.7626063947e-03  4.0000000000e-02  0.0000000000e+00  4.0000000000e-02  0.0000000000e+00
              202  8.5743122589e-03  5.0000000000e-02  0.0000000000e+00  5.0000000000e-02  0.0000000000e+00
              203  8.4422425261e-03  4.0000000000e-02  1.0000000000e-02  3.0000000000e-02  0.0000000000e+00
              204  7.8743846927e-03  5.0000000000e-02  1.0000000000e-02  4.0000000000e-02  0.0000000000e+00
              205  7.8729300632e-03  2.0000000000e-02  1.0000000000e-02  1.0000000000e-02  0.0000000000e+00
              206  7.6988192357e-03  5.0000000000e-02  1.0000000000e-02  4.0000000000e-02  0.0000000000e+00
              207  7.6759120388e-03  4.0000000000e-02  1.0000000000e-02  3.0000000000e-02  0.0000000000e+00
              208  7.6669384340e-03  2.0000000000e-02  1.0000000000e-02  1.0000000000e-02  0.0000000000e+00
              209  7.3242849778e-03  5.0000000000e-02  1.0000000000e-02  4.0000000000e-02  0.0000000000e+00
              210  7.2587239130e-03  5.0000000000e-02  1.0000000000e-02  4.0000000000e-02  0.0000000000e+00
              211  7.2464635326e-03  3.0000000000e-02  0.0000000000e+00  3.0000000000e-02  0.0000000000e+00
              212  7.1784602586e-03  5.0000000000e-02  0.0000000000e+00  5.0000000000e-02  0.0000000000e+00
              213  7.0362407922e-03  7.0000000000e-02  2.0000000000e-02  5.0000000000e-02  0.0000000000e+00
              214  6.7231386305e-03  3.0000000000e-02  0.0000000000e+00  3.0000000000e-02  0.0000000000e+00
              215  6.5148962755e-03  2.0000000000e-02  0.0000000000e+00  2.0000000000e-02  0.0000000000e+00
              216  6.3564082100e-03  4.0000000000e-02  0.0000000000e+00  4.0000000000e-02  0.0000000000e+00
              217  6.2646553623e-03  5.0000000000e-02  0.0000000000e+00  5.0000000000e-02  0.0000000000e+00
              218  6.1137896466e-03  2.0000000000e-02  0.0000000000e+00  2.0000000000e-02  0.0000000000e+00
              219  6.0012716021e-03  5.0000000000e-02  0.0000000000e+00  5.0000000000e-02  0.0000000000e+00
              220  5.9728322530e-03  5.0000000000e-02  0.0000000000e+00  4.0000000000e-02  1.0000000000e-02
              221  5.9597936051e-03  5.0000000000e-02  1.0000000000e-02  4.0000000000e-02  0.0000000000e+00
              222  5.9514845690e-03  4.0000000000e-02  0.0000000000e+00  4.0000000000e-02  0.0000000000e+00
              223  5.9397725678e-03  5.0000000000e-02  0.0000000000e+00  5.0000000000e-02  0.0000000000e+00
              224  5.4695095396e-03  4.0000000000e-02  1.0000000000e-02  3.0000000000e-02  0.0000000000e+00
              225  5.3417541561e-03  2.0000000000e-02  1.0000000000e-02  1.0000000000e-02  0.0000000000e+00
              226  5.3417134685e-03  5.0000000000e-02  1.0000000000e-02  4.0000000000e-02  0.0000000000e+00
              227  5.2750645661e-03  3.0000000000e-02  0.0000000000e+00  3.0000000000e-02  0.0000000000e+00
              228  5.2734235714e-03  5.0000000000e-02  0.0000000000e+00  5.0000000000e-02  0.0000000000e+00
              229  5.2072309985e-03  5.0000000000e-02  0.0000000000e+00  5.0000000000e-02  0.0000000000e+00
              230  5.1240851520e-03  5.0000000000e-02  1.0000000000e-02  4.0000000000e-02  0.0000000000e+00
              231  5.0701978068e-03  4.0000000000e-02  1.0000000000e-02  3.0000000000e-02  0.0000000000e+00
              232  4.9211046175e-03  4.0000000000e-02  0.0000000000e+00  4.0000000000e-02  0.0000000000e+00
              233  4.9200014098e-03  5.0000000000e-02  0.0000000000e+00  5.0000000000e-02  0.0000000000e+00
              234  4.8624750174e-03  5.0000000000e-02  0.0000000000e+00  5.0000000000e-02  0.0000000000e+00
              235  4.5915902871e-03  4.0000000000e-02  1.0000000000e-02  3.0000000000e-02  0.0000000000e+00
              236  4.5492560419e-03  5.0000000000e-02  1.0000000000e-02  4.0000000000e-02  0.0000000000e+00
              237  4.4903353262e-03  4.0000000000e-02  1.0000000000e-02  3.0000000000e-02  0.0000000000e+00
              238  4.4655438331e-03  3.0000000000e-02  0.0000000000e+00  3.0000000000e-02  0.0000000000e+00
              239  4.4266485221e-03  4.0000000000e-02  0.0000000000e+00  4.0000000000e-02  0.0000000000e+00
              240  4.3729513749e-03  5.0000000000e-02  1.0000000000e-02  4.0000000000e-02  0.0000000000e+00
              241  4.3649085696e-03  5.0000000000e-02  1.0000000000e-02  4.0000000000e-02  0.0000000000e+00
              242  4.3003593779e-03  4.0000000000e-02  0.0000000000e+00  4.0000000000e-02  0.0000000000e+00
              243  4.2532010555e-03  2.0000000000e-02  0.0000000000e+00  2.0000000000e-02  0.0000000000e+00
              244  4.2167605677e-03  4.0000000000e-02  0.0000000000e+00  4.0000000000e-02  0.0000000000e+00
              245  4.0689510938e-03  4.0000000000e-02  1.0000000000e-02  3.0000000000e-02  0.0000000000e+00
              246  4.0297786249e-03  4.0000000000e-02  1.0000000000e-02  3.0000000000e-02  0.0000000000e+00
              247  3.9660613894e-03  3.0000000000e-02  0.0000000000e+00  3.0000000000e-02  0.0000000000e+00
              248  3.9194946492e-03  5.0000000000e-02  0.0000000000e+00  5.0000000000e-02  0.0000000000e+00
              249  3.8704819368e-03  4.0000000000e-02  1.0000000000e-02  3.0000000000e-02  0.0000000000e+00
              250  3.8498917401e-03  4.0000000000e-02  1.0000000000e-02  3.0000000000e-02  0.0000000000e+00
              251  3.8489779001e-03  5.0000000000e-02  1.0000000000e-02  4.0000000000e-02  0.0000000000e+00
              252  3.8102877998e-03  5.0000000000e-02  1.0000000000e-02  4.0000000000e-02  0.0000000000e+00
              253  3.7706805451e-03  2.0000000000e-02  1.0000000000e-02  1.0000000000e-02  0.0000000000e+00
              254  3.7497127980e-03  3.0000000000e-02  0.0000000000e+00  3.0000000000e-02  0.0000000000e+00
              255  3.7340671837e-03  5.0000000000e-02  1.0000000000e-02  4.0000000000e-02  0.0000000000e+00
              256  3.7339150509e-03  5.0000000000e-02  0.0000000000e+00  5.0000000000e-02  0.0000000000e+00
              257  3.6537248085e-03  5.0000000000e-02  1.0000000000e-02  4.0000000000e-02  0.0000000000e+00
              258  3.6480682539e-03  4.0000000000e-02  1.0000000000e-02  3.0000000000e-02  0.0000000000e+00
              259  3.6296305468e-03  4.0000000000e-02  0.0000000000e+00  4.0000000000e-02  0.0000000000e+00
              260  3.6029633642e-03  2.0000000000e-02  0.0000000000e+00  2.0000000000e-02  0.0000000000e+00
              261  3.5795414720e-03  5.0000000000e-02  0.0000000000e+00  5.0000000000e-02  0.0000000000e+00
              262  3.5734108544e-03  5.0000000000e-02  1.0000000000e-02  4.0000000000e-02  0.0000000000e+00
              263  3.5612085440e-03  5.0000000000e-02  1.0000000000e-02  4.0000000000e-02  0.0000000000e+00
              264  3.5221739313e-03  4.0000000000e-02  1.0000000000e-02  3.0000000000e-02  0.0000000000e+00
              265  3.5007107400e-03  4.0000000000e-02  1.0000000000e-02  3.0000000000e-02  0.0000000000e+00
              266  3.4795390385e-03  3.0000000000e-02  0.0000000000e+00  3.0000000000e-02  0.0000000000e+00
              267  3.3289450701e-03  5.0000000000e-02  0.0000000000e+00  5.0000000000e-02  0.0000000000e+00
              268  3.2433909114e-03  5.0000000000e-02  0.0000000000e+00  5.0000000000e-02  0.0000000000e+00
              269  3.1732229424e-03  4.0000000000e-02  0.0000000000e+00  4.0000000000e-02  0.0000000000e+00
              270  3.1403640941e-03  5.0000000000e-02  1.0000000000e-02  4.0000000000e-02  0.0000000000e+00
              271  3.1099348530e-03  5.0000000000e-02  1.0000000000e-02  4.0000000000e-02  0.0000000000e+00
              272  3.0692282038e-03  2.0000000000e-02  1.0000000000e-02  1.0000000000e-02  0.0000000000e+00
              273  2.8641527546e-03  4.0000000000e-02  0.0000000000e+00  4.0000000000e-02  0.0000000000e+00
              274  2.8407678300e-03  5.0000000000e-02  1.0000000000e-02  4.0000000000e-02  0.0000000000e+00
              275  2.7939148184e-03  4.0000000000e-02  1.0000000000e-02  3.0000000000e-02  0.0000000000e+00
              276  2.7426330637e-03  4.0000000000e-02  0.0000000000e+00  4.0000000000e-02  0.0000000000e+00
              277  2.7273256558e-03  6.0000000000e-02  1.0000000000e-02  5.0000000000e-02  0.0000000000e+00
              278  2.6622871542e-03  4.0000000000e-02  0.0000000000e+00  4.0000000000e-02  0.0000000000e+00
              279  2.5774517349e-03  5.0000000000e-02  1.0000000000e-02  4.0000000000e-02  0.0000000000e+00
              280  2.5460768929e-03  5.0000000000e-02  1.0000000000e-02  4.0000000000e-02  0.0000000000e+00
              281  2.5124431760e-03  4.0000000000e-02  0.0000000000e+00  4.0000000000e-02  0.0000000000e+00
              282  2.4859706407e-03  4.0000000000e-02  0.0000000000e+00  3.0000000000e-02  1.0000000000e-02
              283  2.4261889481e-03  5.0000000000e-02  0.0000000000e+00  5.0000000000e-02  0.0000000000e+00
              284  2.3814406529e-03  4.0000000000e-02  1.0000000000e-02  3.0000000000e-02  0.0000000000e+00
              285  2.3556345051e-03  6.0000000000e-02  2.0000000000e-02  4.0000000000e-02  0.0000000000e+00
              286  2.3279424718e-03  4.0000000000e-02  0.0000000000e+00  4.0000000000e-02  0.0000000000e+00
              287  2.2984937673e-03  4.0000000000e-02  0.0000000000e+00  4.0000000000e-02  0.0000000000e+00
              288  2.2576801542e-03  2.0000000000e-02  0.0000000000e+00  2.0000000000e-02  0.0000000000e+00
              289  2.2376826807e-03  4.0000000000e-02  0.0000000000e+00  4.0000000000e-02  0.0000000000e+00
              290  2.1891906419e-03  2.0000000000e-02  0.0000000000e+00  2.0000000000e-02  0.0000000000e+00
              291  2.1478960034e-03  5.0000000000e-02  1.0000000000e-02  4.0000000000e-02  0.0000000000e+00
              292  2.1388834560e-03  4.0000000000e-02  1.0000000000e-02  3.0000000000e-02  0.0000000000e+00
              293  2.1049650808e-03  4.0000000000e-02  1.0000000000e-02  3.0000000000e-02  0.0000000000e+00
              294  2.0999899649e-03  3.0000000000e-02  0.0000000000e+00  3.0000000000e-02  0.0000000000e+00
              295  2.0127633656e-03  5.0000000000e-02  0.0000000000e+00  5.0000000000e-02  0.0000000000e+00
              296  1.9126390414e-03  2.0000000000e-02  0.0000000000e+00  2.0000000000e-02  0.0000000000e+00
              297  1.9076847107e-03  5.0000000000e-02  1.0000000000e-02  4.0000000000e-02  0.0000000000e+00
              298  1.8666941567e-03  4.0000000000e-02  1.0000000000e-02  3.0000000000e-02  0.0000000000e+00
              299  1.8403303741e-03  5.0000000000e-02  1.0000000000e-02  4.0000000000e-02  0.0000000000e+00
              300  1.8302355389e-03  4.0000000000e-02  0.0000000000e+00  4.0000000000e-02  0.0000000000e+00
              301  1.8203119648e-03  6.0000000000e-02  1.0000000000e-02  5.0000000000e-02  0.0000000000e+00
              302  1.7964156931e-03  4.0000000000e-02  0.0000000000e+00  4.0000000000e-02  0.0000000000e+00
              303  1.6985709685e-03  2.0000000000e-02  0.0000000000e+00  2.0000000000e-02  0.0000000000e+00
              304  1.6695797615e-03  5.0000000000e-02  1.0000000000e-02  4.0000000000e-02  0.0000000000e+00
              305  1.6539174783e-03  4.0000000000e-02  1.0000000000e-02  3.0000000000e-02  0.0000000000e+00
              306  1.6196790676e-03  5.0000000000e-02  1.0000000000e-02  4.0000000000e-02  0.0000000000e+00
              307  1.4809682916e-03  2.0000000000e-02  1.0000000000e-02  1.0000000000e-02  0.0000000000e+00
              308  1.4694134631e-03  5.0000000000e-02  1.0000000000e-02  4.0000000000e-02  0.0000000000e+00
              309  1.4635555772e-03  4.0000000000e-02  1.0000000000e-02  3.0000000000e-02  0.0000000000e+00
              310  1.3974856769e-03  4.0000000000e-02  0.0000000000e+00  4.0000000000e-02  0.0000000000e+00
              311  1.3940591083e-03  6.0000000000e-02  1.0000000000e-02  5.0000000000e-02  0.0000000000e+00
              312  1.3903726400e-03  3.0000000000e-02  0.0000000000e+00  3.0000000000e-02  0.0000000000e+00
              313  1.3751518592e-03  4.0000000000e-02  0.0000000000e+00  4.0000000000e-02  0.0000000000e+00
              314  1.3363576246e-03  5.0000000000e-02  1.0000000000e-02  4.0000000000e-02  0.0000000000e+00
              315  1.3321143317e-03  5.0000000000e-02  0.0000000000e+00  5.0000000000e-02  0.0000000000e+00
              316  1.3086956062e-03  5.0000000000e-02  1.0000000000e-02  4.0000000000e-02  0.0000000000e+00
              317  1.2925142934e-03  2.0000000000e-02  1.0000000000e-02  1.0000000000e-02  0.0000000000e+00
              318  1.1888309118e-03  5.0000000000e-02  1.0000000000e-02  4.0000000000e-02  0.0000000000e+00
              319  1.1702536644e-03  4.0000000000e-02  0.0000000000e+00  4.0000000000e-02  0.0000000000e+00
              320  1.1533435645e-03  3.0000000000e-02  1.0000000000e-02  1.0000000000e-02  1.0000000000e-02
              321  1.1322950357e-03  3.0000000000e-02  0.0000000000e+00  3.0000000000e-02  0.0000000000e+00
              322  1.0899992724e-03  5.0000000000e-02  0.0000000000e+00  5.0000000000e-02  0.0000000000e+00
              323  1.0897723178e-03  4.0000000000e-02  1.0000000000e-02  3.0000000000e-02  0.0000000000e+00
              324  1.0747060300e-03  4.0000000000e-02  1.0000000000e-02  3.0000000000e-02  0.0000000000e+00
              325  1.0580207246e-03  4.0000000000e-02  1.0000000000e-02  3.0000000000e-02  0.0000000000e+00
              326  1.0319246808e-03  4.0000000000e-02  1.0000000000e-02  3.0000000000e-02  0.0000000000e+00
              327  1.0317150988e-03  4.0000000000e-02  0.0000000000e+00  4.0000000000e-02  0.0000000000e+00
              328  1.0223191298e-03  6.0000000000e-02  1.0000000000e-02  5.0000000000e-02  0.0000000000e+00
              329  9.8382445121e-04  4.0000000000e-02  1.0000000000e-02  3.0000000000e-02  0.0000000000e+00
              330  9.7858448031e-04  5.0000000000e-02  1.0000000000e-02  4.0000000000e-02  0.0000000000e+00
              331  9.1543039433e-04  4.0000000000e-02  1.0000000000e-02  3.0000000000e-02  0.0000000000e+00
              332  8.9418973718e-04  5.0000000000e-02  1.0000000000e-02  4.0000000000e-02  0.0000000000e+00
              333  8.8887624819e-04  5.0000000000e-02  1.0000000000e-02  4.0000000000e-02  0.0000000000e+00
              334  8.8525994018e-04  4.0000000000e-02  1.0000000000e-02  3.0000000000e-02  0.0000000000e+00
              335  8.5761582678e-04  4.0000000000e-02  0.0000000000e+00  4.0000000000e-02  0.0000000000e+00
              336  8.5597445177e-04  4.0000000000e-02  0.0000000000e+00  4.0000000000e-02  0.0000000000e+00
              337  8.4185892700e-04  4.0000000000e-02  1.0000000000e-02  3.0000000000e-02  0.0000000000e+00
              338  8.3761428961e-04  4.0000000000e-02  1.0000000000e-02  3.0000000000e-02  0.0000000000e+00
              339  8.3608158612e-04  5.0000000000e-02  1.0000000000e-02  4.0000000000e-02  0.0000000000e+00
              340  8.3200334316e-04  2.0000000000e-02  0.0000000000e+00  2.0000000000e-02  0.0000000000e+00
              341  8.1293543029e-04  4.0000000000e-02  1.0000000000e-02  3.0000000000e-02  0.0000000000e+00
              342  8.0797573444e-04  4.0000000000e-02  1.0000000000e-02  3.0000000000e-02  0.0000000000e+00
              343  8.0761211537e-04  4.0000000000e-02  1.0000000000e-02  3.0000000000e-02  0.0000000000e+00
              344  7.7036165569e-04  4.0000000000e-02  1.0000000000e-02  3.0000000000e-02  0.0000000000e+00
              345  7.6390040658e-04  5.0000000000e-02  1.0000000000e-02  4.0000000000e-02  0.0000000000e+00
              346  7.3607539471e-04  3.0000000000e-02  0.0000000000e+00  3.0000000000e-02  0.0000000000e+00
              347  7.2602239345e-04  5.0000000000e-02  0.0000000000e+00  5.0000000000e-02  0.0000000000e+00
              348  7.2186163733e-04  4.0000000000e-02  1.0000000000e-02  3.0000000000e-02  0.0000000000e+00
              349  7.2181111717e-04  5.0000000000e-02  1.0000000000e-02  4.0000000000e-02  0.0000000000e+00
              350  7.1562337041e-04  2.0000000000e-02  1.0000000000e-02  1.0000000000e-02  0.0000000000e+00
              351  6.9952010923e-04  5.0000000000e-02  1.0000000000e-02  4.0000000000e-02  0.0000000000e+00
              352  6.8163159735e-04  2.0000000000e-02  1.0000000000e-02  1.0000000000e-02  0.0000000000e+00
              353  6.6201017157e-04  4.0000000000e-02  1.0000000000e-02  3.0000000000e-02  0.0000000000e+00
              354  6.5855176567e-04  4.0000000000e-02  0.0000000000e+00  4.0000000000e-02  0.0000000000e+00
              355  6.4554724005e-04  3.0000000000e-02  1.0000000000e-02  2.0000000000e-02  0.0000000000e+00
              356  6.4489559348e-04  3.0000000000e-02  0.0000000000e+00  3.0000000000e-02  0.0000000000e+00
              357  6.3269794393e-04  5.0000000000e-02  0.0000000000e+00  5.0000000000e-02  0.0000000000e+00
              358  6.2267037124e-04  4.0000000000e-02  1.0000000000e-02  3.0000000000e-02  0.0000000000e+00
              359  6.1755076891e-04  5.0000000000e-02  0.0000000000e+00  5.0000000000e-02  0.0000000000e+00
              360  6.0635949596e-04  5.0000000000e-02  1.0000000000e-02  4.0000000000e-02  0.0000000000e+00
              361  6.0344990092e-04  5.0000000000e-02  1.0000000000e-02  4.0000000000e-02  0.0000000000e+00
              362  5.8342503045e-04  2.0000000000e-02  1.0000000000e-02  1.0000000000e-02  0.0000000000e+00
              363  5.8117337966e-04  4.0000000000e-02  1.0000000000e-02  3.0000000000e-02  0.0000000000e+00
              364  5.7860276677e-04  5.0000000000e-02  1.0000000000e-02  4.0000000000e-02  0.0000000000e+00
              365  5.7563146396e-04  4.0000000000e-02  0.0000000000e+00  4.0000000000e-02  0.0000000000e+00
              366  5.7514242181e-04  4.0000000000e-02  0.0000000000e+00  4.0000000000e-02  0.0000000000e+00
              367  5.6988405947e-04  4.0000000000e-02  0.0000000000e+00  4.0000000000e-02  0.0000000000e+00
              368  5.6932644014e-04  5.0000000000e-02  0.0000000000e+00  5.0000000000e-02  0.0000000000e+00
              369  5.5967186603e-04  5.0000000000e-02  1.0000000000e-02  4.0000000000e-02  0.0000000000e+00
              370  5.5771857879e-04  4.0000000000e-02  1.0000000000e-02  3.0000000000e-02  0.0000000000e+00
              371  5.5432986456e-04  5.0000000000e-02  1.0000000000e-02  4.0000000000e-02  0.0000000000e+00
              372  5.5404827627e-04  5.0000000000e-02  1.0000000000e-02  4.0000000000e-02  0.0000000000e+00
              373  5.5118110457e-04  4.0000000000e-02  1.0000000000e-02  3.0000000000e-02  0.0000000000e+00
              374  5.4948300165e-04  2.0000000000e-02  1.0000000000e-02  1.0000000000e-02  0.0000000000e+00
              375  5.4182134867e-04  4.0000000000e-02  1.0000000000e-02  3.0000000000e-02  0.0000000000e+00
              376  5.3566560068e-04  5.0000000000e-02  1.0000000000e-02  4.0000000000e-02  0.0000000000e+00
              377  5.2670619408e-04  4.0000000000e-02  1.0000000000e-02  3.0000000000e-02  0.0000000000e+00
              378  4.8950229008e-04  2.0000000000e-02  1.0000000000e-02  1.0000000000e-02  0.0000000000e+00
              379  4.8940069479e-04  5.0000000000e-02  1.0000000000e-02  4.0000000000e-02  0.0000000000e+00
              380  4.8262475191e-04  5.0000000000e-02  1.0000000000e-02  4.0000000000e-02  0.0000000000e+00
              381  4.7660720859e-04  2.0000000000e-02  0.0000000000e+00  2.0000000000e-02  0.0000000000e+00
              382  4.7361802423e-04  4.0000000000e-02  1.0000000000e-02  3.0000000000e-02  0.0000000000e+00
              383  4.6271044126e-04  5.0000000000e-02  1.0000000000e-02  4.0000000000e-02  0.0000000000e+00
              384  4.5659775118e-04  5.0000000000e-02  1.0000000000e-02  4.0000000000e-02  0.0000000000e+00
              385  4.5494141072e-04  4.0000000000e-02  1.0000000000e-02  3.0000000000e-02  0.0000000000e+00
              386  4.4279100478e-04  5.0000000000e-02  1.0000000000e-02  4.0000000000e-02  0.0000000000e+00
              387  4.4117137524e-04  4.0000000000e-02  1.0000000000e-02  3.0000000000e-02  0.0000000000e+00
              388  4.4109659143e-04  4.0000000000e-02  1.0000000000e-02  3.0000000000e-02  0.0000000000e+00
              389  4.1857131417e-04  3.0000000000e-02  0.0000000000e+00  3.0000000000e-02  0.0000000000e+00
              390  4.1736543721e-04  5.0000000000e-02  0.0000000000e+00  4.0000000000e-02  1.0000000000e-02
              391  4.0963735550e-04  4.0000000000e-02  1.0000000000e-02  3.0000000000e-02  0.0000000000e+00
              392  4.0585187113e-04  4.0000000000e-02  1.0000000000e-02  3.0000000000e-02  0.0000000000e+00
              393  4.0103431015e-04  4.0000000000e-02  1.0000000000e-02  3.0000000000e-02  0.0000000000e+00
              394  4.0078977776e-04  5.0000000000e-02  1.0000000000e-02  4.0000000000e-02  0.0000000000e+00
              395  3.9086198971e-04  4.0000000000e-02  0.0000000000e+00  4.0000000000e-02  0.0000000000e+00
              396  3.8820706424e-04  5.0000000000e-02  0.0000000000e+00  5.0000000000e-02  0.0000000000e+00
              397  3.8746973307e-04  5.0000000000e-02  0.0000000000e+00  5.0000000000e-02  0.0000000000e+00
              398  3.8724868010e-04  4.0000000000e-02  0.0000000000e+00  4.0000000000e-02  0.0000000000e+00
              399  3.8328766729e-04  2.0000000000e-02  0.0000000000e+00  2.0000000000e-02  0.0000000000e+00
              400  3.7485815573e-04  4.0000000000e-02  0.0000000000e+00  4.0000000000e-02  0.0000000000e+00
              401  3.7044629774e-04  4.0000000000e-02  1.0000000000e-02  3.0000000000e-02  0.0000000000e+00
              402  3.6219094098e-04  6.0000000000e-02  1.0000000000e-02  5.0000000000e-02  0.0000000000e+00
              403  3.6183272022e-04  4.0000000000e-02  0.0000000000e+00  4.0000000000e-02  0.0000000000e+00
              404  3.6033182509e-04  6.0000000000e-02  1.0000000000e-02  5.0000000000e-02  0.0000000000e+00
              405  3.4835756953e-04  6.0000000000e-02  0.0000000000e+00  6.0000000000e-02  0.0000000000e+00
              406  3.4691496520e-04  5.0000000000e-02  1.0000000000e-02  4.0000000000e-02  0.0000000000e+00
              407  3.4673894710e-04  2.0000000000e-02  1.0000000000e-02  1.0000000000e-02  0.0000000000e+00
              408  3.4518479233e-04  5.0000000000e-02  1.0000000000e-02  4.0000000000e-02  0.0000000000e+00
              409  3.4282995643e-04  4.0000000000e-02  0.0000000000e+00  4.0000000000e-02  0.0000000000e+00
              410  3.3294924756e-04  6.0000000000e-02  1.0000000000e-02  5.0000000000e-02  0.0000000000e+00
              411  3.2975184186e-04  6.0000000000e-02  1.0000000000e-02  5.0000000000e-02  0.0000000000e+00
              412  3.2838352371e-04  6.0000000000e-02  1.0000000000e-02  5.0000000000e-02  0.0000000000e+00
              413  3.2561342260e-04  4.0000000000e-02  0.0000000000e+00  4.0000000000e-02  0.0000000000e+00
              414  3.2218463425e-04  6.0000000000e-02  1.0000000000e-02  5.0000000000e-02  0.0000000000e+00
              415  3.2178078464e-04  7.0000000000e-02  1.0000000000e-02  6.0000000000e-02  0.0000000000e+00
              416  3.2059707466e-04  4.0000000000e-02  1.0000000000e-02  3.0000000000e-02  0.0000000000e+00
              417  3.1476069375e-04  2.0000000000e-02  0.0000000000e+00  2.0000000000e-02  0.0000000000e+00
              418  3.1401765557e-04  3.0000000000e-02  1.0000000000e-02  2.0000000000e-02  0.0000000000e+00
              419  3.0433058349e-04  6.0000000000e-02  1.0000000000e-02  5.0000000000e-02  0.0000000000e+00
              420  3.0254699250e-04  6.0000000000e-02  1.0000000000e-02  5.0000000000e-02  0.0000000000e+00
              421  3.0204154919e-04  2.0000000000e-02  1.0000000000e-02  1.0000000000e-02  0.0000000000e+00
              422  2.9065640805e-04  4.0000000000e-02  0.0000000000e+00  4.0000000000e-02  0.0000000000e+00
              423  2.9035321044e-04  6.0000000000e-02  1.0000000000e-02  5.0000000000e-02  0.0000000000e+00
              424  2.9002477365e-04  4.0000000000e-02  0.0000000000e+00  4.0000000000e-02  0.0000000000e+00
              425  2.8302472930e-04  6.0000000000e-02  1.0000000000e-02  5.0000000000e-02  0.0000000000e+00
              426  2.8300701203e-04  5.0000000000e-02  1.0000000000e-02  4.0000000000e-02  0.0000000000e+00
              427  2.7699078446e-04  2.0000000000e-02  1.0000000000e-02  1.0000000000e-02  0.0000000000e+00
              428  2.6677048102e-04  5.0000000000e-02  0.0000000000e+00  5.0000000000e-02  0.0000000000e+00
              429  2.6291886706e-04  6.0000000000e-02  1.0000000000e-02  5.0000000000e-02  0.0000000000e+00
              430  2.6078083167e-04  4.0000000000e-02  1.0000000000e-02  3.0000000000e-02  0.0000000000e+00
              431  2.5769743607e-04  5.0000000000e-02  0.0000000000e+00  5.0000000000e-02  0.0000000000e+00
              432  2.5687323646e-04  6.0000000000e-02  1.0000000000e-02  5.0000000000e-02  0.0000000000e+00
              433  2.5668526525e-04  4.0000000000e-02  1.0000000000e-02  3.0000000000e-02  0.0000000000e+00
              434  2.5605723317e-04  4.0000000000e-02  1.0000000000e-02  3.0000000000e-02  0.0000000000e+00
              435  2.5170004670e-04  4.0000000000e-02  0.0000000000e+00  4.0000000000e-02  0.0000000000e+00
              436  2.4646298874e-04  6.0000000000e-02  1.0000000000e-02  5.0000000000e-02  0.0000000000e+00
              437  2.4510216518e-04  5.0000000000e-02  0.0000000000e+00  5.0000000000e-02  0.0000000000e+00
              438  2.4380439732e-04  5.0000000000e-02  0.0000000000e+00  5.0000000000e-02  0.0000000000e+00
              439  2.3835267552e-04  4.0000000000e-02  0.0000000000e+00  4.0000000000e-02  0.0000000000e+00
              440  2.3703650210e-04  6.0000000000e-02  1.0000000000e-02  5.0000000000e-02  0.0000000000e+00
              441  2.3399197482e-04  4.0000000000e-02  0.0000000000e+00  4.0000000000e-02  0.0000000000e+00
              442  2.3191685446e-04  5.0000000000e-02  0.0000000000e+00  5.0000000000e-02  0.0000000000e+00
              443  2.3180564483e-04  5.0000000000e-02  1.0000000000e-02  4.0000000000e-02  0.0000000000e+00
              444  2.3107980540e-04  5.0000000000e-02  0.0000000000e+00  5.0000000000e-02  0.0000000000e+00
              445  2.2907691459e-04  5.0000000000e-02  0.0000000000e+00  5.0000000000e-02  0.0000000000e+00
              446  2.2709809012e-04  4.0000000000e-02  0.0000000000e+00  4.0000000000e-02  0.0000000000e+00
              447  2.2506063786e-04  4.0000000000e-02  0.0000000000e+00  4.0000000000e-02  0.0000000000e+00
              448  2.2273412981e-04  2.0000000000e-02  0.0000000000e+00  2.0000000000e-02  0.0000000000e+00
              449  2.1642550749e-04  5.0000000000e-02  0.0000000000e+00  5.0000000000e-02  0.0000000000e+00
              450  2.1510391399e-04  4.0000000000e-02  1.0000000000e-02  3.0000000000e-02  0.0000000000e+00
              451  2.1034956166e-04  4.0000000000e-02  1.0000000000e-02  3.0000000000e-02  0.0000000000e+00
              452  2.0963769659e-04  5.0000000000e-02  1.0000000000e-02  4.0000000000e-02  0.0000000000e+00
              453  2.0700343624e-04  4.0000000000e-02  1.0000000000e-02  3.0000000000e-02  0.0000000000e+00
              454  2.0576686227e-04  4.0000000000e-02  0.0000000000e+00  4.0000000000e-02  0.0000000000e+00
              455  2.0456875419e-04  4.0000000000e-02  0.0000000000e+00  4.0000000000e-02  0.0000000000e+00
              456  2.0145881855e-04  5.0000000000e-02  1.0000000000e-02  4.0000000000e-02  0.0000000000e+00
              457  2.0070658987e-04  4.0000000000e-02  1.0000000000e-02  3.0000000000e-02  0.0000000000e+00
              458  1.9991770128e-04  2.0000000000e-02  0.0000000000e+00  2.0000000000e-02  0.0000000000e+00
              459  1.9783020859e-04  4.0000000000e-02  1.0000000000e-02  3.0000000000e-02  0.0000000000e+00
              460  1.9734841860e-04  4.0000000000e-02  1.0000000000e-02  3.0000000000e-02  0.0000000000e+00
              461  1.9062024229e-04  5.0000000000e-02  1.0000000000e-02  4.0000000000e-02  0.0000000000e+00
              462  1.8691245971e-04  5.0000000000e-02  1.0000000000e-02  4.0000000000e-02  0.0000000000e+00
              463  1.8595128916e-04  4.0000000000e-02  0.0000000000e+00  4.0000000000e-02  0.0000000000e+00
              464  1.8441291706e-04  4.0000000000e-02  0.0000000000e+00  4.0000000000e-02  0.0000000000e+00
              465  1.8198570728e-04  5.0000000000e-02  1.0000000000e-02  4.0000000000e-02  0.0000000000e+00
              466  1.7593794713e-04  5.0000000000e-02  1.0000000000e-02  4.0000000000e-02  0.0000000000e+00
              467  1.7212318713e-04  5.0000000000e-02  1.0000000000e-02  4.0000000000e-02  0.0000000000e+00
              468  1.7084987622e-04  4.0000000000e-02  1.0000000000e-02  3.0000000000e-02  0.0000000000e+00
              469  1.6992824294e-04  5.0000000000e-02  1.0000000000e-02  4.0000000000e-02  0.0000000000e+00
              470  1.6856686369e-04  2.0000000000e-02  1.0000000000e-02  1.0000000000e-02  0.0000000000e+00
              471  1.6547902148e-04  2.0000000000e-02  0.0000000000e+00  2.0000000000e-02  0.0000000000e+00
              472  1.6447465327e-04  4.0000000000e-02  1.0000000000e-02  3.0000000000e-02  0.0000000000e+00
              473  1.6051104647e-04  5.0000000000e-02  0.0000000000e+00  5.0000000000e-02  0.0000000000e+00
              474  1.5883638762e-04  3.0000000000e-02  1.0000000000e-02  2.0000000000e-02  0.0000000000e+00
              475  1.5805486349e-04  5.0000000000e-02  1.0000000000e-02  4.0000000000e-02  0.0000000000e+00
              476  1.5802766898e-04  4.0000000000e-02  1.0000000000e-02  3.0000000000e-02  0.0000000000e+00
              477  1.4972329477e-04  4.0000000000e-02  1.0000000000e-02  3.0000000000e-02  0.0000000000e+00
              478  1.4965878139e-04  4.0000000000e-02  1.0000000000e-02  3.0000000000e-02  0.0000000000e+00
              479  1.4963198214e-04  5.0000000000e-02  1.0000000000e-02  4.0000000000e-02  0.0000000000e+00
              480  1.4938528613e-04  4.0000000000e-02  0.0000000000e+00  4.0000000000e-02  0.0000000000e+00
              481  1.4763925376e-04  6.0000000000e-02  1.0000000000e-02  5.0000000000e-02  0.0000000000e+00
              482  1.4748013653e-04  5.0000000000e-02  1.0000000000e-02  4.0000000000e-02  0.0000000000e+00
              483  1.4507815044e-04  2.0000000000e-02  1.0000000000e-02  1.0000000000e-02  0.0000000000e+00
              484  1.4385797796e-04  5.0000000000e-02  1.0000000000e-02  4.0000000000e-02  0.0000000000e+00
              485  1.4350148012e-04  4.0000000000e-02  1.0000000000e-02  3.0000000000e-02  0.0000000000e+00
              486  1.4315492870e-04  4.0000000000e-02  1.0000000000e-02  3.0000000000e-02  0.0000000000e+00
              487  1.4210265805e-04  5.0000000000e-02  1.0000000000e-02  4.0000000000e-02  0.0000000000e+00
              488  1.4121123292e-04  4.0000000000e-02  0.0000000000e+00  4.0000000000e-02  0.0000000000e+00
              489  1.3938012548e-04  5.0000000000e-02  1.0000000000e-02  4.0000000000e-02  0.0000000000e+00
              490  1.3749137426e-04  5.0000000000e-02  0.0000000000e+00  5.0000000000e-02  0.0000000000e+00
              491  1.3729592704e-04  5.0000000000e-02  1.0000000000e-02  4.0000000000e-02  0.0000000000e+00
              492  1.3569295288e-04  4.0000000000e-02  1.0000000000e-02  3.0000000000e-02  0.0000000000e+00
              493  1.3488978739e-04  4.0000000000e-02  1.0000000000e-02  3.0000000000e-02  0.0000000000e+00
              494  1.3403435265e-04  5.0000000000e-02  1.0000000000e-02  4.0000000000e-02  0.0000000000e+00
              495  1.3313464113e-04  4.0000000000e-02  0.0000000000e+00  4.0000000000e-02  0.0000000000e+00
              496  1.3307037129e-04  3.0000000000e-02  0.0000000000e+00  3.0000000000e-02  0.0000000000e+00
              497  1.3156681742e-04  5.0000000000e-02  0.0000000000e+00  4.0000000000e-02  1.0000000000e-02
              498  1.3052077947e-04  4.0000000000e-02  0.0000000000e+00  4.0000000000e-02  0.0000000000e+00
              499  1.3029631152e-04  6.0000000000e-02  0.0000000000e+00  6.0000000000e-02  0.0000000000e+00
              500  1.3006368762e-04  4.0000000000e-02  0.0000000000e+00  3.0000000000e-02  1.0000000000e-02
              501  1.2674436512e-04  4.0000000000e-02  0.0000000000e+00  4.0000000000e-02  0.0000000000e+00
              502  1.2451842384e-04  5.0000000000e-02  1.0000000000e-02  4.0000000000e-02  0.0000000000e+00
              503  1.2260803038e-04  4.0000000000e-02  1.0000000000e-02  3.0000000000e-02  0.0000000000e+00
              504  1.2259870122e-04  4.0000000000e-02  1.0000000000e-02  3.0000000000e-02  0.0000000000e+00
              505  1.1919501026e-04  5.0000000000e-02  1.0000000000e-02  4.0000000000e-02  0.0000000000e+00
              506  1.1878524879e-04  5.0000000000e-02  1.0000000000e-02  4.0000000000e-02  0.0000000000e+00
              507  1.1762645096e-04  4.0000000000e-02  0.0000000000e+00  4.0000000000e-02  0.0000000000e+00
              508  1.1543903891e-04  5.0000000000e-02  0.0000000000e+00  5.0000000000e-02  0.0000000000e+00
              509  1.1510173791e-04  6.0000000000e-02  1.0000000000e-02  5.0000000000e-02  0.0000000000e+00
              510  1.1449926470e-04  4.0000000000e-02  1.0000000000e-02  3.0000000000e-02  0.0000000000e+00
              511  1.1447160014e-04  4.0000000000e-02  1.0000000000e-02  3.0000000000e-02  0.0000000000e+00
              512  1.1397532676e-04  2.0000000000e-02  1.0000000000e-02  1.0000000000e-02  0.0000000000e+00
              513  1.1322742514e-04  4.0000000000e-02  1.0000000000e-02  3.0000000000e-02  0.0000000000e+00
              514  1.1299502608e-04  5.0000000000e-02  1.0000000000e-02  4.0000000000e-02  0.0000000000e+00
              515  1.1066052209e-04  4.0000000000e-02  1.0000000000e-02  3.0000000000e-02  0.0000000000e+00
              516  1.0991715685e-04  5.0000000000e-02  1.0000000000e-02  4.0000000000e-02  0.0000000000e+00
              517  1.0957047194e-04  2.0000000000e-02  1.0000000000e-02  1.0000000000e-02  0.0000000000e+00
              518  1.0894315779e-04  2.0000000000e-02  1.0000000000e-02  1.0000000000e-02  0.0000000000e+00
              519  1.0798215713e-04  4.0000000000e-02  1.0000000000e-02  3.0000000000e-02  0.0000000000e+00
              520  1.0690428659e-04  2.0000000000e-02  0.0000000000e+00  2.0000000000e-02  0.0000000000e+00
              521  1.0649986637e-04  4.0000000000e-02  0.0000000000e+00  4.0000000000e-02  0.0000000000e+00
              522  1.0340422888e-04  5.0000000000e-02  1.0000000000e-02  4.0000000000e-02  0.0000000000e+00
              523  1.0036808209e-04  4.0000000000e-02  1.0000000000e-02  3.0000000000e-02  0.0000000000e+00
              524  9.8201303626e-05  5.0000000000e-02  1.0000000000e-02  4.0000000000e-02  0.0000000000e+00
              525  9.8150010623e-05  4.0000000000e-02  1.0000000000e-02  3.0000000000e-02  0.0000000000e+00
              526  9.7462379671e-05  5.0000000000e-02  1.0000000000e-02  4.0000000000e-02  0.0000000000e+00
              527  9.5376742699e-05  5.0000000000e-02  1.0000000000e-02  4.0000000000e-02  0.0000000000e+00
              528  9.0720852346e-05  2.0000000000e-02  0.0000000000e+00  2.0000000000e-02  0.0000000000e+00
              529  8.9012242189e-05  5.0000000000e-02  1.0000000000e-02  4.0000000000e-02  0.0000000000e+00
              530  8.8944107900e-05  4.0000000000e-02  1.0000000000e-02  3.0000000000e-02  0.0000000000e+00
              531  8.8783648551e-05  5.0000000000e-02  1.0000000000e-02  4.0000000000e-02  0.0000000000e+00
              532  8.8441682390e-05  4.0000000000e-02  1.0000000000e-02  3.0000000000e-02  0.0000000000e+00
              533  8.8221310619e-05  5.0000000000e-02  1.0000000000e-02  4.0000000000e-02  0.0000000000e+00
              534  8.7205154832e-05  4.0000000000e-02  1.0000000000e-02  3.0000000000e-02  0.0000000000e+00
              535  8.6632063591e-05  4.0000000000e-02  1.0000000000e-02  3.0000000000e-02  0.0000000000e+00
              536  8.5162481405e-05  2.0000000000e-02  1.0000000000e-02  1.0000000000e-02  0.0000000000e+00
              537  8.4468873279e-05  5.0000000000e-02  1.0000000000e-02  4.0000000000e-02  0.0000000000e+00
              538  8.4233229812e-05  5.0000000000e-02  1.0000000000e-02  4.0000000000e-02  0.0000000000e+00
              539  8.0811568440e-05  4.0000000000e-02  0.0000000000e+00  4.0000000000e-02  0.0000000000e+00
              540  7.9234509816e-05  4.0000000000e-02  0.0000000000e+00  4.0000000000e-02  0.0000000000e+00
              541  7.9093741554e-05  5.0000000000e-02  0.0000000000e+00  5.0000000000e-02  0.0000000000e+00
              542  7.7876562304e-05  6.0000000000e-02  1.0000000000e-02  5.0000000000e-02  0.0000000000e+00
              543  7.6787888890e-05  5.0000000000e-02  1.0000000000e-02  4.0000000000e-02  0.0000000000e+00
              544  7.6601961900e-05  6.0000000000e-02  1.0000000000e-02  5.0000000000e-02  0.0000000000e+00
              545  7.6192342984e-05  5.0000000000e-02  1.0000000000e-02  4.0000000000e-02  0.0000000000e+00
              546  7.5233118499e-05  5.0000000000e-02  1.0000000000e-02  4.0000000000e-02  0.0000000000e+00
              547  7.4980046409e-05  4.0000000000e-02  1.0000000000e-02  3.0000000000e-02  0.0000000000e+00
              548  7.4032321387e-05  4.0000000000e-02  0.0000000000e+00  4.0000000000e-02  0.0000000000e+00
              549  7.0952624458e-05  6.0000000000e-02  1.0000000000e-02  5.0000000000e-02  0.0000000000e+00
              550  7.0863289755e-05  4.0000000000e-02  1.0000000000e-02  3.0000000000e-02  0.0000000000e+00
              551  7.0699386840e-05  4.0000000000e-02  1.0000000000e-02  3.0000000000e-02  0.0000000000e+00
              552  6.9736013502e-05  4.0000000000e-02  1.0000000000e-02  3.0000000000e-02  0.0000000000e+00
              553  6.9434567349e-05  4.0000000000e-02  0.0000000000e+00  4.0000000000e-02  0.0000000000e+00
              554  6.8744652001e-05  4.0000000000e-02  0.0000000000e+00  4.0000000000e-02  0.0000000000e+00
              555  6.8600186209e-05  5.0000000000e-02  1.0000000000e-02  4.0000000000e-02  0.0000000000e+00
              556  6.7374294479e-05  4.0000000000e-02  0.0000000000e+00  4.0000000000e-02  0.0000000000e+00
              557  6.6943564241e-05  2.0000000000e-02  0.0000000000e+00  2.0000000000e-02  0.0000000000e+00
              558  6.6375208446e-05  6.0000000000e-02  1.0000000000e-02  5.0000000000e-02  0.0000000000e+00
              559  6.5735766743e-05  2.0000000000e-02  1.0000000000e-02  1.0000000000e-02  0.0000000000e+00
              560  6.5478963534e-05  4.0000000000e-02  1.0000000000e-02  3.0000000000e-02  0.0000000000e+00
              561  6.5189286677e-05  5.0000000000e-02  1.0000000000e-02  4.0000000000e-02  0.0000000000e+00
              562  6.4749929353e-05  2.0000000000e-02  1.0000000000e-02  1.0000000000e-02  0.0000000000e+00
              563  6.4440722408e-05  5.0000000000e-02  1.0000000000e-02  4.0000000000e-02  0.0000000000e+00
              564  6.3062561955e-05  5.0000000000e-02  1.0000000000e-02  4.0000000000e-02  0.0000000000e+00
              565  6.2267765211e-05  5.0000000000e-02  1.0000000000e-02  4.0000000000e-02  0.0000000000e+00
              566  6.0567077967e-05  5.0000000000e-02  1.0000000000e-02  4.0000000000e-02  0.0000000000e+00
              567  6.0144615303e-05  4.0000000000e-02  1.0000000000e-02  3.0000000000e-02  0.0000000000e+00
              568  6.0061904558e-05  5.0000000000e-02  1.0000000000e-02  4.0000000000e-02  0.0000000000e+00
              569  5.9816636097e-05  2.0000000000e-02  1.0000000000e-02  1.0000000000e-02  0.0000000000e+00
              570  5.9158768888e-05  4.0000000000e-02  1.0000000000e-02  3.0000000000e-02  0.0000000000e+00
              571  5.8990160231e-05  2.0000000000e-02  1.0000000000e-02  1.0000000000e-02  0.0000000000e+00
              572  5.8872360453e-05  4.0000000000e-02  1.0000000000e-02  3.0000000000e-02  0.0000000000e+00
              573  5.8035365792e-05  4.0000000000e-02  1.0000000000e-02  3.0000000000e-02  0.0000000000e+00
              574  5.7961046721e-05  6.0000000000e-02  1.0000000000e-02  5.0000000000e-02  0.0000000000e+00
              575  5.7742782132e-05  4.0000000000e-02  0.0000000000e+00  4.0000000000e-02  0.0000000000e+00
              576  5.6746563671e-05  4.0000000000e-02  0.0000000000e+00  4.0000000000e-02  0.0000000000e+00
              577  5.6720450476e-05  6.0000000000e-02  1.0000000000e-02  5.0000000000e-02  0.0000000000e+00
              578  5.6340224708e-05  5.0000000000e-02  1.0000000000e-02  4.0000000000e-02  0.0000000000e+00
              579  5.4094981039e-05  4.0000000000e-02  1.0000000000e-02  3.0000000000e-02  0.0000000000e+00
              580  5.3163707216e-05  5.0000000000e-02  1.0000000000e-02  4.0000000000e-02  0.0000000000e+00
              581  5.3130941525e-05  4.0000000000e-02  1.0000000000e-02  3.0000000000e-02  0.0000000000e+00
              582  5.2850166929e-05  3.0000000000e-02  1.0000000000e-02  2.0000000000e-02  0.0000000000e+00
              583  5.2684284282e-05  5.0000000000e-02  1.0000000000e-02  4.0000000000e-02  0.0000000000e+00
              584  5.2231290318e-05  4.0000000000e-02  1.0000000000e-02  3.0000000000e-02  0.0000000000e+00
              585  5.1958608554e-05  5.0000000000e-02  0.0000000000e+00  5.0000000000e-02  0.0000000000e+00
              586  5.1204095597e-05  5.0000000000e-02  0.0000000000e+00  5.0000000000e-02  0.0000000000e+00
              587  5.0606458111e-05  5.0000000000e-02  1.0000000000e-02  4.0000000000e-02  0.0000000000e+00
              588  5.0240257132e-05  4.0000000000e-02  1.0000000000e-02  3.0000000000e-02  0.0000000000e+00
              589  4.8396253844e-05  2.0000000000e-02  1.0000000000e-02  1.0000000000e-02  0.0000000000e+00
              590  4.8111177390e-05  5.0000000000e-02  1.0000000000e-02  4.0000000000e-02  0.0000000000e+00
              591  4.7166530168e-05  4.0000000000e-02  1.0000000000e-02  3.0000000000e-02  0.0000000000e+00
              592  4.7032657971e-05  4.0000000000e-02  1.0000000000e-02  3.0000000000e-02  0.0000000000e+00
              593  4.6320607208e-05  4.0000000000e-02  1.0000000000e-02  3.0000000000e-02  0.0000000000e+00
              594  4.4593127235e-05  2.0000000000e-02  1.0000000000e-02  1.0000000000e-02  0.0000000000e+00
              595  4.4143556796e-05  6.0000000000e-02  1.0000000000e-02  5.0000000000e-02  0.0000000000e+00
              596  4.3911721319e-05  6.0000000000e-02  1.0000000000e-02  5.0000000000e-02  0.0000000000e+00
              597  4.3364133349e-05  4.0000000000e-02  0.0000000000e+00  4.0000000000e-02  0.0000000000e+00
              598  4.2615864903e-05  4.0000000000e-02  0.0000000000e+00  4.0000000000e-02  0.0000000000e+00
              599  4.2131464985e-05  5.0000000000e-02  0.0000000000e+00  5.0000000000e-02  0.0000000000e+00
              600  4.1818732756e-05  6.0000000000e-02  1.0000000000e-02  5.0000000000e-02  0.0000000000e+00
              601  4.0516899699e-05  5.0000000000e-02  1.0000000000e-02  4.0000000000e-02  0.0000000000e+00
              602  4.0436212999e-05  4.0000000000e-02  1.0000000000e-02  3.0000000000e-02  0.0000000000e+00
              603  3.8534219651e-05  5.0000000000e-02  0.0000000000e+00  5.0000000000e-02  0.0000000000e+00
              604  3.8072057452e-05  4.0000000000e-02  0.0000000000e+00  4.0000000000e-02  0.0000000000e+00
              605  3.7530314717e-05  4.0000000000e-02  0.0000000000e+00  4.0000000000e-02  0.0000000000e+00
              606  3.7384021350e-05  5.0000000000e-02  1.0000000000e-02  4.0000000000e-02  0.0000000000e+00
              607  3.7262296262e-05  5.0000000000e-02  1.0000000000e-02  4.0000000000e-02  0.0000000000e+00
              608  3.7205149399e-05  5.0000000000e-02  1.0000000000e-02  4.0000000000e-02  0.0000000000e+00
              609  3.7175501109e-05  4.0000000000e-02  1.0000000000e-02  3.0000000000e-02  0.0000000000e+00
              610  3.5999327567e-05  5.0000000000e-02  1.0000000000e-02  4.0000000000e-02  0.0000000000e+00
              611  3.5746983649e-05  4.0000000000e-02  1.0000000000e-02  3.0000000000e-02  0.0000000000e+00
              612  3.4648888747e-05  2.0000000000e-02  1.0000000000e-02  1.0000000000e-02  0.0000000000e+00
              613  3.4465937044e-05  5.0000000000e-02  1.0000000000e-02  4.0000000000e-02  0.0000000000e+00
              614  3.4394474575e-05  4.0000000000e-02  1.0000000000e-02  3.0000000000e-02  0.0000000000e+00
              615  3.4330227899e-05  4.0000000000e-02  1.0000000000e-02  3.0000000000e-02  0.0000000000e+00
              616  3.4006888408e-05  5.0000000000e-02  1.0000000000e-02  4.0000000000e-02  0.0000000000e+00
              617  3.3099561328e-05  2.0000000000e-02  1.0000000000e-02  1.0000000000e-02  0.0000000000e+00
              618  3.2744826507e-05  4.0000000000e-02  1.0000000000e-02  3.0000000000e-02  0.0000000000e+00
              619  3.2258659755e-05  2.0000000000e-02  0.0000000000e+00  2.0000000000e-02  0.0000000000e+00
              620  3.1690965248e-05  5.0000000000e-02  1.0000000000e-02  4.0000000000e-02  0.0000000000e+00
              621  3.1487995660e-05  5.0000000000e-02  1.0000000000e-02  4.0000000000e-02  0.0000000000e+00
              622  3.1262251043e-05  5.0000000000e-02  0.0000000000e+00  5.0000000000e-02  0.0000000000e+00
              623  3.0594325229e-05  6.0000000000e-02  1.0000000000e-02  5.0000000000e-02  0.0000000000e+00
              624  3.0288096650e-05  5.0000000000e-02  1.0000000000e-02  4.0000000000e-02  0.0000000000e+00
              625  2.9939887711e-05  5.0000000000e-02  0.0000000000e+00  5.0000000000e-02  0.0000000000e+00
              626  2.9585325062e-05  4.0000000000e-02  0.0000000000e+00  4.0000000000e-02  0.0000000000e+00
              627  2.9485208028e-05  6.0000000000e-02  1.0000000000e-02  5.0000000000e-02  0.0000000000e+00
              628  2.9044141925e-05  3.0000000000e-02  1.0000000000e-02  2.0000000000e-02  0.0000000000e+00
              629  2.8579811423e-05  4.0000000000e-02  1.0000000000e-02  3.0000000000e-02  0.0000000000e+00
              630  2.8468776130e-05  5.0000000000e-02  1.0000000000e-02  4.0000000000e-02  0.0000000000e+00
              631  2.8437066691e-05  5.0000000000e-02  0.0000000000e+00  5.0000000000e-02  0.0000000000e+00
              632  2.8366511591e-05  5.0000000000e-02  1.0000000000e-02  4.0000000000e-02  0.0000000000e+00
              633  2.8100402790e-05  5.0000000000e-02  1.0000000000e-02  4.0000000000e-02  0.0000000000e+00
              634  2.7527934256e-05  5.0000000000e-02  1.0000000000e-02  4.0000000000e-02  0.0000000000e+00
              635  2.6846811372e-05  5.0000000000e-02  1.0000000000e-02  4.0000000000e-02  0.0000000000e+00
              636  2.6159042724e-05  4.0000000000e-02  1.0000000000e-02  3.0000000000e-02  0.0000000000e+00
              637  2.5729756234e-05  4.0000000000e-02  1.0000000000e-02  3.0000000000e-02  0.0000000000e+00
              638  2.5694567485e-05  4.0000000000e-02  1.0000000000e-02  3.0000000000e-02  0.0000000000e+00
              639  2.5685779131e-05  5.0000000000e-02  1.0000000000e-02  4.0000000000e-02  0.0000000000e+00
              640  2.5334130729e-05  4.0000000000e-02  1.0000000000e-02  3.0000000000e-02  0.0000000000e+00
              641  2.5175674400e-05  5.0000000000e-02  0.0000000000e+00  5.0000000000e-02  0.0000000000e+00
              642  2.4543183808e-05  4.0000000000e-02  0.0000000000e+00  4.0000000000e-02  0.0000000000e+00
              643  2.4442166582e-05  5.0000000000e-02  0.0000000000e+00  5.0000000000e-02  0.0000000000e+00
              644  2.4318903268e-05  4.0000000000e-02  0.0000000000e+00  4.0000000000e-02  0.0000000000e+00
              645  2.4181383829e-05  4.0000000000e-02  0.0000000000e+00  4.0000000000e-02  0.0000000000e+00
              646  2.3157726015e-05  4.0000000000e-02  0.0000000000e+00  4.0000000000e-02  0.0000000000e+00
              647  2.2783346881e-05  5.0000000000e-02  1.0000000000e-02  4.0000000000e-02  0.0000000000e+00
              648  2.2575154690e-05  6.0000000000e-02  1.0000000000e-02  5.0000000000e-02  0.0000000000e+00
              649  2.2331500557e-05  4.0000000000e-02  1.0000000000e-02  3.0000000000e-02  0.0000000000e+00
              650  2.2301922600e-05  4.0000000000e-02  1.0000000000e-02  3.0000000000e-02  0.0000000000e+00
              651  2.1785015893e-05  5.0000000000e-02  1.0000000000e-02  4.0000000000e-02  0.0000000000e+00
              652  2.1651938526e-05  4.0000000000e-02  1.0000000000e-02  3.0000000000e-02  0.0000000000e+00
              653  2.1637491309e-05  5.0000000000e-02  1.0000000000e-02  4.0000000000e-02  0.0000000000e+00
              654  2.1606182758e-05  2.0000000000e-02  1.0000000000e-02  1.0000000000e-02  0.0000000000e+00
              655  2.1561796474e-05  5.0000000000e-02  1.0000000000e-02  4.0000000000e-02  0.0000000000e+00
              656  2.1526858702e-05  5.0000000000e-02  0.0000000000e+00  5.0000000000e-02  0.0000000000e+00
              657  2.1356655611e-05  3.0000000000e-02  1.0000000000e-02  1.0000000000e-02  1.0000000000e-02
              658  2.1213614979e-05  5.0000000000e-02  1.0000000000e-02  4.0000000000e-02  0.0000000000e+00
              659  2.1186180172e-05  2.0000000000e-02  0.0000000000e+00  2.0000000000e-02  0.0000000000e+00
              660  2.0887211684e-05  5.0000000000e-02  1.0000000000e-02  4.0000000000e-02  0.0000000000e+00
              661  2.0462542866e-05  6.0000000000e-02  0.0000000000e+00  6.0000000000e-02  0.0000000000e+00
              662  2.0379997841e-05  5.0000000000e-02  0.0000000000e+00  5.0000000000e-02  0.0000000000e+00
              663  1.9773420255e-05  5.0000000000e-02  1.0000000000e-02  4.0000000000e-02  0.0000000000e+00
              664  1.9361094676e-05  5.0000000000e-02  1.0000000000e-02  4.0000000000e-02  0.0000000000e+00
              665  1.9114797595e-05  5.0000000000e-02  0.0000000000e+00  5.0000000000e-02  0.0000000000e+00
              666  1.8956912555e-05  4.0000000000e-02  0.0000000000e+00  4.0000000000e-02  0.0000000000e+00
              667  1.8847030147e-05  4.0000000000e-02  0.0000000000e+00  4.0000000000e-02  0.0000000000e+00
              668  1.8679613230e-05  5.0000000000e-02  0.0000000000e+00  5.0000000000e-02  0.0000000000e+00
              669  1.8556663906e-05  5.0000000000e-02  1.0000000000e-02  4.0000000000e-02  0.0000000000e+00
              670  1.8555438715e-05  5.0000000000e-02  1.0000000000e-02  4.0000000000e-02  0.0000000000e+00
              671  1.8392348653e-05  2.0000000000e-02  0.0000000000e+00  2.0000000000e-02  0.0000000000e+00
              672  1.8258009528e-05  5.0000000000e-02  0.0000000000e+00  5.0000000000e-02  0.0000000000e+00
              673  1.8122100157e-05  4.0000000000e-02  0.0000000000e+00  4.0000000000e-02  0.0000000000e+00
              674  1.8059420423e-05  5.0000000000e-02  0.0000000000e+00  5.0000000000e-02  0.0000000000e+00
              675  1.8018552760e-05  6.0000000000e-02  1.0000000000e-02  5.0000000000e-02  0.0000000000e+00
              676  1.7694633066e-05  4.0000000000e-02  1.0000000000e-02  3.0000000000e-02  0.0000000000e+00
              677  1.7529773491e-05  2.0000000000e-02  1.0000000000e-02  1.0000000000e-02  0.0000000000e+00
              678  1.7337912013e-05  4.0000000000e-02  1.0000000000e-02  3.0000000000e-02  0.0000000000e+00
              679  1.7245888939e-05  4.0000000000e-02  1.0000000000e-02  3.0000000000e-02  0.0000000000e+00
              680  1.6989313914e-05  5.0000000000e-02  1.0000000000e-02  4.0000000000e-02  0.0000000000e+00
              681  1.6585433806e-05  4.0000000000e-02  1.0000000000e-02  3.0000000000e-02  0.0000000000e+00
              682  1.6468412197e-05  5.0000000000e-02  1.0000000000e-02  4.0000000000e-02  0.0000000000e+00
              683  1.6039774952e-05  5.0000000000e-02  1.0000000000e-02  4.0000000000e-02  0.0000000000e+00
              684  1.5973973223e-05  5.0000000000e-02  1.0000000000e-02  4.0000000000e-02  0.0000000000e+00
              685  1.5674808043e-05  5.0000000000e-02  1.0000000000e-02  4.0000000000e-02  0.0000000000e+00
              686  1.5454030542e-05  5.0000000000e-02  1.0000000000e-02  4.0000000000e-02  0.0000000000e+00
              687  1.5314228630e-05  2.0000000000e-02  1.0000000000e-02  1.0000000000e-02  0.0000000000e+00
              688  1.5073278175e-05  3.0000000000e-02  0.0000000000e+00  3.0000000000e-02  0.0000000000e+00
              689  1.4856191460e-05  4.0000000000e-02  0.0000000000e+00  4.0000000000e-02  0.0000000000e+00
              690  1.4390656671e-05  6.0000000000e-02  1.0000000000e-02  5.0000000000e-02  0.0000000000e+00
              691  1.4377691081e-05  5.0000000000e-02  1.0000000000e-02  4.0000000000e-02  0.0000000000e+00
              692  1.4309502755e-05  4.0000000000e-02  0.0000000000e+00  4.0000000000e-02  0.0000000000e+00
              693  1.4112046262e-05  6.0000000000e-02  0.0000000000e+00  6.0000000000e-02  0.0000000000e+00
              694  1.4015316267e-05  6.0000000000e-02  1.0000000000e-02  5.0000000000e-02  0.0000000000e+00
              695  1.3829033342e-05  4.0000000000e-02  0.0000000000e+00  4.0000000000e-02  0.0000000000e+00
              696  1.3501098025e-05  5.0000000000e-02  1.0000000000e-02  3.0000000000e-02  1.0000000000e-02
              697  1.3447998487e-05  6.0000000000e-02  1.0000000000e-02  5.0000000000e-02  0.0000000000e+00
              698  1.3400700824e-05  5.0000000000e-02  1.0000000000e-02  4.0000000000e-02  0.0000000000e+00
              699  1.2921958433e-05  6.0000000000e-02  1.0000000000e-02  5.0000000000e-02  0.0000000000e+00
              700  1.2681222083e-05  5.0000000000e-02  1.0000000000e-02  4.0000000000e-02  0.0000000000e+00
              701  1.2667004708e-05  5.0000000000e-02  1.0000000000e-02  4.0000000000e-02  0.0000000000e+00
              702  1.2609613975e-05  3.0000000000e-02  1.0000000000e-02  2.0000000000e-02  0.0000000000e+00
              703  1.2537072539e-05  5.0000000000e-02  1.0000000000e-02  4.0000000000e-02  0.0000000000e+00
              704  1.2344053781e-05  2.0000000000e-02  1.0000000000e-02  1.0000000000e-02  0.0000000000e+00
              705  1.1967137575e-05  5.0000000000e-02  1.0000000000e-02  4.0000000000e-02  0.0000000000e+00
              706  1.1890117961e-05  5.0000000000e-02  1.0000000000e-02  4.0000000000e-02  0.0000000000e+00
              707  1.1861069337e-05  5.0000000000e-02  1.0000000000e-02  4.0000000000e-02  0.0000000000e+00
              708  1.1610050820e-05  5.0000000000e-02  1.0000000000e-02  4.0000000000e-02  0.0000000000e+00
              709  1.1591707154e-05  4.0000000000e-02  0.0000000000e+00  4.0000000000e-02  0.0000000000e+00
              710  1.1434105504e-05  6.0000000000e-02  1.0000000000e-02  5.0000000000e-02  0.0000000000e+00
              711  1.1337547676e-05  2.0000000000e-02  1.0000000000e-02  1.0000000000e-02  0.0000000000e+00
              712  1.1316810016e-05  4.0000000000e-02  1.0000000000e-02  3.0000000000e-02  0.0000000000e+00
              713  1.1315587928e-05  4.0000000000e-02  0.0000000000e+00  4.0000000000e-02  0.0000000000e+00
              714  1.1147423127e-05  6.0000000000e-02  1.0000000000e-02  5.0000000000e-02  0.0000000000e+00
              715  1.1105892654e-05  5.0000000000e-02  1.0000000000e-02  4.0000000000e-02  0.0000000000e+00
              716  1.0966348698e-05  4.0000000000e-02  1.0000000000e-02  3.0000000000e-02  0.0000000000e+00
              717  1.0962383388e-05  5.0000000000e-02  1.0000000000e-02  4.0000000000e-02  0.0000000000e+00
              718  1.0746897899e-05  5.0000000000e-02  1.0000000000e-02  4.0000000000e-02  0.0000000000e+00
              719  1.0592371522e-05  4.0000000000e-02  1.0000000000e-02  3.0000000000e-02  0.0000000000e+00
              720  1.0477582760e-05  4.0000000000e-02  1.0000000000e-02  3.0000000000e-02  0.0000000000e+00
              721  1.0340877118e-05  5.0000000000e-02  1.0000000000e-02  4.0000000000e-02  0.0000000000e+00
              722  1.0301096406e-05  2.0000000000e-02  1.0000000000e-02  1.0000000000e-02  0.0000000000e+00
              723  1.0285773252e-05  5.0000000000e-02  1.0000000000e-02  4.0000000000e-02  0.0000000000e+00
              724  1.0162820905e-05  4.0000000000e-02  1.0000000000e-02  3.0000000000e-02  0.0000000000e+00
              725  1.0113057520e-05  2.0000000000e-02  0.0000000000e+00  2.0000000000e-02  0.0000000000e+00
              726  1.0074869004e-05  5.0000000000e-02  0.0000000000e+00  5.0000000000e-02  0.0000000000e+00
              727  1.0063135666e-05  4.0000000000e-02  0.0000000000e+00  4.0000000000e-02  0.0000000000e+00
              728  9.9983441103e-06  6.0000000000e-02  1.0000000000e-02  5.0000000000e-02  0.0000000000e+00
Ewald components = 2.62511131804051e-13, -33.8075273415067, 21.1383239417488
Ewald components = 1.35350024670892e-151, -1.08740537387457, 0.918918948338747
 # Adding ewald correction to the energy: -1.34789140e+00
 # Generating QMCPACK trial wavefunction.
 # Shape of supercell wavefunction (64,32)
 # RHF-like trial wavefunction.
 # Generating trial wavefunction for momentum: 0
 # Time to rediagonalise fock:   4.68018055e-02 s
 # Generating trial wavefunction for momentum: 1
 # Time to rediagonalise fock:   1.19924545e-04 s
 # Generating trial wavefunction for momentum: 2
 # Time to rediagonalise fock:   8.84532928e-05 s
 # Generating trial wavefunction for momentum: 3
 # Time to rediagonalise fock:   8.63075256e-05 s
 # Generating trial wavefunction for momentum: 4
 # Time to rediagonalise fock:   7.67707825e-05 s
 # Generating trial wavefunction for momentum: 5
 # Time to rediagonalise fock:   7.72476196e-05 s
 # Generating trial wavefunction for momentum: 6
 # Time to rediagonalise fock:   7.93933868e-05 s
 # Generating trial wavefunction for momentum: 7
 # Time to rediagonalise fock:   8.13007355e-05 s
 # Recomputed MO energies.
 # kpoint               e_mo
 #      0    -6.68888679e-01
 #      1    -4.13285337e-01
 #      2    -4.13285337e-01
 #      4    -4.13285337e-01
 #      7    -4.13285337e-01
 #      3    -2.62047142e-01
 #      5    -2.62047142e-01
 #      6    -2.62047142e-01
 #      3    -2.62047142e-01
 #      5    -2.62047142e-01
 #      6    -2.62047142e-01
 #      2    -2.48371143e-01
 #      1    -2.48371143e-01
 #      4    -2.48371143e-01
 #      7    -2.48371143e-01
 #      5     4.33744852e-02
 #      3     4.33744852e-02
 #      6     4.33744852e-02
 #      3     4.33744852e-02
 #      5     4.33744852e-02
 #      6     4.33744852e-02
 #      2     1.93864748e-01
 #      1     1.93864748e-01
 #      4     1.93864748e-01
 #      1     1.93864748e-01
 #      2     1.93864748e-01
 #      4     1.93864748e-01
 #      7     1.93864748e-01
 #      7     1.93864748e-01
 #      0     3.21224433e-01
 #      0     3.21224433e-01
 #      0     3.21224433e-01
