Applying user settings 

  Pseudopotentials
    reading pp:  ../../pseudopotentials/C.BFD.upf 
    reading pp:  ../../pseudopotentials/O.BFD.upf 
    reading pp:  ../../pseudopotentials/O.BFD.xml 
    reading pp:  ../../pseudopotentials/H.BFD.upf 
    reading pp:  ../../pseudopotentials/C.BFD.xml 
    reading pp:  ../../pseudopotentials/H.BFD.xml 
 

Project starting 
  checking for file collisions 
  loading cascade images 
    cascade 0 checking in 
  checking cascade dependencies 
    all simulation dependencies satisfied 
  
  starting runs:
  ~~~~~~~~~~~~~~~~~~~~~~~~~~~~~~ 
  elapsed time 0.0 s  memory 102.13 MB 
    Entering ./runs/diamond/scf 0 
      writing input files  0 scf 
    Entering ./runs/diamond/scf 0 
      sending required files  0 scf 
      submitting job  0 scf 
    Entering ./runs/diamond/scf 0 
      Executing:  
        export OMP_NUM_THREADS=1
        mpirun -np 16 pw.x -input scf.in 

  elapsed time 3.0 s  memory 102.23 MB 
    Entering ./runs/diamond/scf 0 
      copying results  0 scf 
    Entering ./runs/diamond/scf 0 
      analyzing  0 scf 

Project finished
