2019-05-12 03:06:05.022660-05:00
===============
Quantum Package
===============

Git Commit: merge
Git Date  : Thu Jan 24 12:23:09 2019 +0100
Git SHA1  : d565a3c8d5d96fc447803564781b74c94e9028df
EZFIO Dir : H2O.ezfio


Task server running : tcp://127.0.1.1:41279
.. >>>>> [ IO READ: mo_guess_type ] <<<<< ..
 
.. >>>>> [ RES  MEM :       0.028461 GB ] [ VIRT MEM :       0.242004 GB ] <<<<< ..
.. >>>>> [ WALL TIME:       0.000208  s ] [ CPU  TIME:       0.018982  s ] <<<<< ..
 
.. >>>>> [ IO READ: ao_num ] <<<<< ..
 
.. >>>>> [ RES  MEM :       0.028461 GB ] [ VIRT MEM :       0.242004 GB ] <<<<< ..
.. >>>>> [ WALL TIME:       0.000381  s ] [ CPU  TIME:       0.019156  s ] <<<<< ..
 
.. >>>>> [ IO READ: io_ao_one_e_integrals ] <<<<< ..
 
.. >>>>> [ RES  MEM :       0.028461 GB ] [ VIRT MEM :       0.242004 GB ] <<<<< ..
.. >>>>> [ WALL TIME:       0.000525  s ] [ CPU  TIME:       0.019300  s ] <<<<< ..
 
.. >>>>> [ IO READ: do_pseudo ] <<<<< ..
 
.. >>>>> [ RES  MEM :       0.029247 GB ] [ VIRT MEM :       0.242004 GB ] <<<<< ..
.. >>>>> [ WALL TIME:       0.000687  s ] [ CPU  TIME:       0.019462  s ] <<<<< ..
 
.. >>>>> [ IO READ: io_ao_integrals_kinetic ] <<<<< ..
 
.. >>>>> [ RES  MEM :       0.029247 GB ] [ VIRT MEM :       0.242004 GB ] <<<<< ..
.. >>>>> [ WALL TIME:       0.000804  s ] [ CPU  TIME:       0.019580  s ] <<<<< ..
 
.. >>>>> [ IO READ: ao_prim_num ] <<<<< ..
 
.. >>>>> [ RES  MEM :       0.029583 GB ] [ VIRT MEM :       0.706902 GB ] <<<<< ..
.. >>>>> [ WALL TIME:       0.043047  s ] [ CPU  TIME:       0.055981  s ] <<<<< ..
 
.. >>>>> [ IO READ: ao_expo ] <<<<< ..
 
.. >>>>> [ RES  MEM :       0.029583 GB ] [ VIRT MEM :       0.706902 GB ] <<<<< ..
.. >>>>> [ WALL TIME:       0.046947  s ] [ CPU  TIME:       0.070164  s ] <<<<< ..
 
.. >>>>> [ IO READ: ao_coef ] <<<<< ..
 
.. >>>>> [ RES  MEM :       0.029583 GB ] [ VIRT MEM :       0.706902 GB ] <<<<< ..
.. >>>>> [ WALL TIME:       0.058996  s ] [ CPU  TIME:       0.110852  s ] <<<<< ..
 
.. >>>>> [ IO READ: ao_power ] <<<<< ..
 
.. >>>>> [ RES  MEM :       0.029583 GB ] [ VIRT MEM :       0.706902 GB ] <<<<< ..
.. >>>>> [ WALL TIME:       0.066883  s ] [ CPU  TIME:       0.138590  s ] <<<<< ..
 
.. >>>>> [ IO READ: ao_nucl ] <<<<< ..
 
.. >>>>> [ RES  MEM :       0.029583 GB ] [ VIRT MEM :       0.706902 GB ] <<<<< ..
.. >>>>> [ WALL TIME:       0.070819  s ] [ CPU  TIME:       0.153371  s ] <<<<< ..
 
.. >>>>> [ IO READ: nucl_num ] <<<<< ..
 
.. >>>>> [ RES  MEM :       0.029583 GB ] [ VIRT MEM :       0.706902 GB ] <<<<< ..
.. >>>>> [ WALL TIME:       0.071109  s ] [ CPU  TIME:       0.154548  s ] <<<<< ..
 
.. >>>>> [ IO READ: nucl_label ] <<<<< ..
 
.. >>>>> [ RES  MEM :       0.029583 GB ] [ VIRT MEM :       0.706902 GB ] <<<<< ..
.. >>>>> [ WALL TIME:       0.078863  s ] [ CPU  TIME:       0.177113  s ] <<<<< ..
 
.. >>>>> [ IO READ: nucl_charge ] <<<<< ..
 
.. >>>>> [ RES  MEM :       0.029583 GB ] [ VIRT MEM :       0.706902 GB ] <<<<< ..
.. >>>>> [ WALL TIME:       0.082802  s ] [ CPU  TIME:       0.190687  s ] <<<<< ..
 
 
.. >>>>> [ RES  MEM :       0.029583 GB ] [ VIRT MEM :       0.706902 GB ] <<<<< ..
.. >>>>> [ WALL TIME:       0.085897  s ] [ CPU  TIME:       0.203235  s ] <<<<< ..
 

Nuclear Coordinates (Angstroms)
===============================

================ ============ ============ ============ ============
      Atom          Charge          X            Y            Z 
================ ============ ============ ============ ============
H                    1.000000     0.000000     0.757200    -0.469200
H                    1.000000     0.000000    -0.757200    -0.469200
O                    8.000000     0.000000     0.000000     0.117300
================ ============ ============ ============ ============

.. >>>>> [ IO READ: io_ao_integrals_e_n ] <<<<< ..
 
.. >>>>> [ RES  MEM :       0.029896 GB ] [ VIRT MEM :       0.710808 GB ] <<<<< ..
.. >>>>> [ WALL TIME:       0.094812  s ] [ CPU  TIME:       0.231080  s ] <<<<< ..
 
.. >>>>> [ IO READ: ao_cartesian ] <<<<< ..
 
.. >>>>> [ RES  MEM :       0.029896 GB ] [ VIRT MEM :       0.710808 GB ] <<<<< ..
.. >>>>> [ WALL TIME:       0.102869  s ] [ CPU  TIME:       0.255690  s ] <<<<< ..
 
.. >>>>> [ IO READ: io_ao_integrals_overlap ] <<<<< ..
 
.. >>>>> [ RES  MEM :       0.030167 GB ] [ VIRT MEM :       0.710808 GB ] <<<<< ..
.. >>>>> [ WALL TIME:       0.103235  s ] [ CPU  TIME:       0.257824  s ] <<<<< ..
 
* mo_num                                                        71
.. >>>>> [ IO READ: elec_beta_num ] <<<<< ..
 
.. >>>>> [ RES  MEM :       0.036327 GB ] [ VIRT MEM :       0.805672 GB ] <<<<< ..
.. >>>>> [ WALL TIME:       0.151131  s ] [ CPU  TIME:       0.414769  s ] <<<<< ..
 
.. >>>>> [ IO READ: level_shift ] <<<<< ..
 
.. >>>>> [ RES  MEM :       0.036327 GB ] [ VIRT MEM :       0.805672 GB ] <<<<< ..
.. >>>>> [ WALL TIME:       0.151407  s ] [ CPU  TIME:       0.416115  s ] <<<<< ..
 
.. >>>>> [ IO READ: elec_alpha_num ] <<<<< ..
 
.. >>>>> [ RES  MEM :       0.036327 GB ] [ VIRT MEM :       0.805672 GB ] <<<<< ..
.. >>>>> [ WALL TIME:       0.151664  s ] [ CPU  TIME:       0.417342  s ] <<<<< ..
 
.. >>>>> [ IO READ: do_direct_integrals ] <<<<< ..
 
.. >>>>> [ RES  MEM :       0.037125 GB ] [ VIRT MEM :       0.805672 GB ] <<<<< ..
.. >>>>> [ WALL TIME:       0.151929  s ] [ CPU  TIME:       0.418641  s ] <<<<< ..
 
 AO map initialized :                4994380
.. >>>>> [ IO READ: io_ao_two_e_integrals ] <<<<< ..
 
.. >>>>> [ RES  MEM :       0.037125 GB ] [ VIRT MEM :       0.809692 GB ] <<<<< ..
.. >>>>> [ WALL TIME:       0.162931  s ] [ CPU  TIME:       0.460006  s ] <<<<< ..
 
 Providing the AO integrals
.. >>>>> [ IO READ: ao_integrals_threshold ] <<<<< ..
 
.. >>>>> [ RES  MEM :       0.037670 GB ] [ VIRT MEM :       0.942657 GB ] <<<<< ..
.. >>>>> [ WALL TIME:       0.360197  s ] [ CPU  TIME:       0.977155  s ] <<<<< ..
 
 Sorting the map
 AO integrals provided:
  Size of AO map :            26.0409202575684      MB
  Number of AO integrals :               2263583
  cpu  time :   12.5220650000000      s
  wall time :   7.36249613761902      s  ( x    1.70079070548070       )
.. >>>>> [ IO READ: frozen_orb_scf ] <<<<< ..
 
.. >>>>> [ RES  MEM :       0.068302 GB ] [ VIRT MEM :       1.035641 GB ] <<<<< ..
.. >>>>> [ WALL TIME:       7.710833  s ] [ CPU  TIME:      13.706965  s ] <<<<< ..
 
 Read mo_occ
.. >>>>> [ IO READ: ao_md5 ] <<<<< ..
 
.. >>>>> [ RES  MEM :       0.068302 GB ] [ VIRT MEM :       1.047508 GB ] <<<<< ..
.. >>>>> [ WALL TIME:       7.726960  s ] [ CPU  TIME:      13.763825  s ] <<<<< ..
 
 * mo_label          no_label
.. >>>>> [ IO READ: disk_access_nuclear_repulsion ] <<<<< ..
 
.. >>>>> [ RES  MEM :       0.070122 GB ] [ VIRT MEM :       1.047585 GB ] <<<<< ..
.. >>>>> [ WALL TIME:       7.799646  s ] [ CPU  TIME:      14.004908  s ] <<<<< ..
 
 
.. >>>>> [ RES  MEM :       0.070122 GB ] [ VIRT MEM :       1.047585 GB ] <<<<< ..
.. >>>>> [ WALL TIME:       7.799771  s ] [ CPU  TIME:      14.005461  s ] <<<<< ..
 
* Nuclear repulsion energy                           9.189533762934902    
.. >>>>> [ IO READ: max_dim_diis ] <<<<< ..
 
.. >>>>> [ RES  MEM :       0.070477 GB ] [ VIRT MEM :       1.047585 GB ] <<<<< ..
.. >>>>> [ WALL TIME:       7.974847  s ] [ CPU  TIME:      14.660424  s ] <<<<< ..
 
.. >>>>> [ IO READ: scf_algorithm ] <<<<< ..
 
.. >>>>> [ RES  MEM :       0.070477 GB ] [ VIRT MEM :       1.047585 GB ] <<<<< ..
.. >>>>> [ WALL TIME:       7.978868  s ] [ CPU  TIME:      14.675745  s ] <<<<< ..
 
.. >>>>> [ IO READ: n_it_scf_max ] <<<<< ..
 
.. >>>>> [ RES  MEM :       0.070477 GB ] [ VIRT MEM :       1.047585 GB ] <<<<< ..
.. >>>>> [ WALL TIME:       7.979187  s ] [ CPU  TIME:      14.677672  s ] <<<<< ..
 
.. >>>>> [ IO READ: thresh_scf ] <<<<< ..
 
.. >>>>> [ RES  MEM :       0.070496 GB ] [ VIRT MEM :       1.047585 GB ] <<<<< ..
.. >>>>> [ WALL TIME:       7.979361  s ] [ CPU  TIME:      14.678666  s ] <<<<< ..
 
.. >>>>> [ IO READ: threshold_diis ] <<<<< ..
 
.. >>>>> [ RES  MEM :       0.070496 GB ] [ VIRT MEM :       1.047585 GB ] <<<<< ..
.. >>>>> [ WALL TIME:       7.979515  s ] [ CPU  TIME:      14.679507  s ] <<<<< ..
 
 
.. >>>>> [ RES  MEM :       0.070496 GB ] [ VIRT MEM :       1.050518 GB ] <<<<< ..
.. >>>>> [ WALL TIME:       7.979664  s ] [ CPU  TIME:      14.680330  s ] <<<<< ..
 
 Energy of the guess =    127.622569962796     
==== ================ ================ ================ ================
  N          Energy      Energy diff       DIIS error     Level shift   
==== ================ ================ ================ ================
   1   -64.6952385225  -192.3178084853     3.4039367457     0.0000000000   1
   2   -71.7592328130    -7.0639942905     2.0843955360     0.0000000000   2
   3   -76.0426315789    -4.2833987659     0.1823130922     0.0000000000   3
   4   -76.0537122803    -0.0110807014     0.0566729280     0.0000000000   4
   5   -76.0572217687    -0.0035094884     0.0093893682     0.0000000000   5
   6   -76.0573139030    -0.0000921343     0.0012040968     0.0000000000   6
   7   -76.0573166599    -0.0000027568     0.0007262060     0.0000000000   7
   8   -76.0573167969    -0.0000001371     0.0006669960     0.0000000000   8
   9   -76.0573168550    -0.0000000580     0.0005768438     0.0000000000   9
  10   -76.0573168650    -0.0000000101     0.0005811939     0.0000000000  10
  11   -76.0573171700    -0.0000003050     0.0002616523     0.0000000000   0
  12   -76.0573172370    -0.0000000670     0.0001869635     0.0000000000   1
  13   -76.0573172587    -0.0000000217     0.0001020266     0.0000000000   0
  14   -76.0573172667    -0.0000000080     0.0000715449     0.0000000000   1
  15   -76.0573172698    -0.0000000031     0.0000415236     0.0000000000   0
  16   -76.0573172710    -0.0000000012     0.0000277575     0.0000000000   1
  17   -76.0573172713    -0.0000000003     0.0001699674     0.5000000000   0
  18   -76.0573172717    -0.0000000005     0.0000062842     0.2500000000   1
  19   -76.0573172718    -0.0000000001     0.0000022746     0.1250000000   2
==== ================ ================ ================ ================
 
 
.. >>>>> [ RES  MEM :       0.071789 GB ] [ VIRT MEM :       1.050518 GB ] <<<<< ..
.. >>>>> [ WALL TIME:      13.563198  s ] [ CPU  TIME:      35.805675  s ] <<<<< ..
 
MOs are now **Canonical**

Eigenvalues
-----------

======== ================
       1   -20.5541079871
       2    -1.3453744223
       3    -0.7095023383
       4    -0.5778248139
       5    -0.5045560203
       6     0.1408658771
       7     0.2040001695
       8     0.5437260294
       9     0.6012880830
      10     0.6659322991
      11     0.7847548346
      12     0.7999608825
      13     0.8048777199
      14     0.8610620091
      15     0.9550213767
      16     1.0633941051
      17     1.1967855785
      18     1.4894008749
      19     1.5233100038
      20     2.0349054217
      21     2.0390686290
      22     2.0637565538
      23     2.1270406932
      24     2.2174139377
      25     2.5417532023
      26     2.9518643715
      27     3.3549272037
      28     3.4893862856
      29     3.5818836190
      30     3.6549942559
      31     3.7480086619
      32     3.8751384949
      33     3.8775797324
      34     3.9614656805
      35     4.0061338663
      36     4.0463858120
      37     4.0795104533
      38     4.2789035998
      39     4.3127268366
      40     4.5666350341
      41     4.6202665122
      42     4.8626012323
      43     5.0443897645
      44     5.1553795762
      45     5.4430016239
      46     5.6669873886
      47     6.0506524623
      48     6.6822435835
      49     6.9153363476
      50     6.9382598136
      51     6.9938612720
      52     7.0246912799
      53     7.0977271727
      54     7.2360419085
      55     7.4329253194
      56     7.7798342906
      57     8.2534837047
      58     8.5399149940
      59    26.1080751630
      60    26.5456565473
      61    27.0153641567
      62    28.6237643170
      63    43.9091453812
      64    43.9117205553
      65    43.9506554603
      66    44.0737550016
      67    44.2543361364
      68   138.2902168843
      69   138.6638719395
      70   138.9552770155
      71   149.0480766730
======== ================

 
.. >>>>> [ RES  MEM :       0.071835 GB ] [ VIRT MEM :       1.062408 GB ] <<<<< ..
.. >>>>> [ WALL TIME:      13.579830  s ] [ CPU  TIME:      35.862025  s ] <<<<< ..
 
* SCF energy                                        -76.05731727176526    
 
.. >>>>> [ RES  MEM :       0.071857 GB ] [ VIRT MEM :       1.062408 GB ] <<<<< ..
.. >>>>> [ WALL TIME:      13.631514  s ] [ CPU  TIME:      36.035638  s ] <<<<< ..
 
Wall time : 15.0068s

