2019-05-12 22:47:07.146439-05:00
===============
Quantum Package
===============

Git Commit: merge
Git Date  : Thu Jan 24 12:23:09 2019 +0100
Git SHA1  : d565a3c8d5d96fc447803564781b74c94e9028df
EZFIO Dir : H2O.ezfio


Task server running : tcp://127.0.1.1:41379
.. >>>>> [ IO READ: io_mo_two_e_integrals ] <<<<< ..
 
.. >>>>> [ RES  MEM :       0.028641 GB ] [ VIRT MEM :       0.243130 GB ] <<<<< ..
.. >>>>> [ WALL TIME:       0.000382  s ] [ CPU  TIME:       0.036194  s ] <<<<< ..
 
* mo_num                                                        71
.. >>>>> [ IO READ: mo_class ] <<<<< ..
 
.. >>>>> [ RES  MEM :       0.029488 GB ] [ VIRT MEM :       0.708027 GB ] <<<<< ..
.. >>>>> [ WALL TIME:       0.003267  s ] [ CPU  TIME:       0.044057  s ] <<<<< ..
 
.. >>>>> [ IO READ: no_vvvv_integrals ] <<<<< ..
 
.. >>>>> [ RES  MEM :       0.029488 GB ] [ VIRT MEM :       0.708027 GB ] <<<<< ..
.. >>>>> [ WALL TIME:       0.003715  s ] [ CPU  TIME:       0.047173  s ] <<<<< ..
 
* N_int                                                          2
.. >>>>> [ IO READ: io_ao_two_e_integrals ] <<<<< ..
 
.. >>>>> [ RES  MEM :       0.029762 GB ] [ VIRT MEM :       0.708027 GB ] <<<<< ..
.. >>>>> [ WALL TIME:       0.004252  s ] [ CPU  TIME:       0.050796  s ] <<<<< ..
 
.. >>>>> [ IO READ: ao_num ] <<<<< ..
 
.. >>>>> [ RES  MEM :       0.029762 GB ] [ VIRT MEM :       0.708027 GB ] <<<<< ..
.. >>>>> [ WALL TIME:       0.004724  s ] [ CPU  TIME:       0.054023  s ] <<<<< ..
 
 AO map initialized :                4994380
.. >>>>> [ IO READ: ao_power ] <<<<< ..
 
.. >>>>> [ RES  MEM :       0.029762 GB ] [ VIRT MEM :       0.708027 GB ] <<<<< ..
.. >>>>> [ WALL TIME:       0.006348  s ] [ CPU  TIME:       0.065912  s ] <<<<< ..
 
.. >>>>> [ IO READ: ao_prim_num ] <<<<< ..
 
.. >>>>> [ RES  MEM :       0.029762 GB ] [ VIRT MEM :       0.708027 GB ] <<<<< ..
.. >>>>> [ WALL TIME:       0.007089  s ] [ CPU  TIME:       0.071028  s ] <<<<< ..
 
.. >>>>> [ IO READ: ao_expo ] <<<<< ..
 
.. >>>>> [ RES  MEM :       0.029762 GB ] [ VIRT MEM :       0.708027 GB ] <<<<< ..
.. >>>>> [ WALL TIME:       0.009150  s ] [ CPU  TIME:       0.085329  s ] <<<<< ..
 
.. >>>>> [ IO READ: ao_coef ] <<<<< ..
 
.. >>>>> [ RES  MEM :       0.029762 GB ] [ VIRT MEM :       0.708027 GB ] <<<<< ..
.. >>>>> [ WALL TIME:       0.010667  s ] [ CPU  TIME:       0.095955  s ] <<<<< ..
 
.. >>>>> [ IO READ: ao_nucl ] <<<<< ..
 
.. >>>>> [ RES  MEM :       0.030228 GB ] [ VIRT MEM :       0.708027 GB ] <<<<< ..
.. >>>>> [ WALL TIME:       0.011913  s ] [ CPU  TIME:       0.104869  s ] <<<<< ..
 
 Providing the AO integrals
.. >>>>> [ IO READ: nucl_num ] <<<<< ..
 
.. >>>>> [ RES  MEM :       0.031086 GB ] [ VIRT MEM :       0.844898 GB ] <<<<< ..
.. >>>>> [ WALL TIME:       0.057878  s ] [ CPU  TIME:       0.403101  s ] <<<<< ..
 
.. >>>>> [ IO READ: nucl_label ] <<<<< ..
 
.. >>>>> [ RES  MEM :       0.031086 GB ] [ VIRT MEM :       0.844898 GB ] <<<<< ..
.. >>>>> [ WALL TIME:       0.058408  s ] [ CPU  TIME:       0.406237  s ] <<<<< ..
 
.. >>>>> [ IO READ: nucl_charge ] <<<<< ..
 
.. >>>>> [ RES  MEM :       0.031086 GB ] [ VIRT MEM :       0.844898 GB ] <<<<< ..
.. >>>>> [ WALL TIME:       0.058852  s ] [ CPU  TIME:       0.408780  s ] <<<<< ..
 
 
.. >>>>> [ RES  MEM :       0.031086 GB ] [ VIRT MEM :       0.844898 GB ] <<<<< ..
.. >>>>> [ WALL TIME:       0.059310  s ] [ CPU  TIME:       0.411433  s ] <<<<< ..
 

Nuclear Coordinates (Angstroms)
===============================

================ ============ ============ ============ ============
      Atom          Charge          X            Y            Z 
================ ============ ============ ============ ============
H                    1.000000     0.000000     0.757200    -0.469200
H                    1.000000     0.000000    -0.757200    -0.469200
O                    8.000000     0.000000     0.000000     0.117300
================ ============ ============ ============ ============

.. >>>>> [ IO READ: ao_integrals_threshold ] <<<<< ..
 
.. >>>>> [ RES  MEM :       0.031086 GB ] [ VIRT MEM :       0.844898 GB ] <<<<< ..
.. >>>>> [ WALL TIME:       0.122527  s ] [ CPU  TIME:       0.878921  s ] <<<<< ..
 
 Sorting the map
 AO integrals provided:
  Size of AO map :            26.0409202575684      MB
  Number of AO integrals :               2263583
  cpu  time :   11.7366190000000      s
  wall time :   1.85999512672424      s  ( x    6.31002674758085       )
 
 AO -> MO integrals transformation
 ---------------------------------
 
 Read  mo_coef
.. >>>>> [ IO READ: mo_integrals_threshold ] <<<<< ..
 
.. >>>>> [ RES  MEM :       0.059284 GB ] [ VIRT MEM :       0.936882 GB ] <<<<< ..
.. >>>>> [ WALL TIME:       1.875472  s ] [ CPU  TIME:      11.867519  s ] <<<<< ..
 
 MO map initialized:                3267846
 i
 |+++++++++++++++++++++++++++++++++++++++++++++++++++++++++++++++++++++++-------
 --------------------------------------------------|
 j
 |+++++++++++++++++++++++++++++++++++++++++++++++++++++++++++++++++++++++-------
 --------------------------------------------------|
 k
 |+++++++++++++++++++++++++++++++++++++++++++++++++++++++++++++++++++++++-------
 --------------------------------------------------|
 l
 |+++++++++++++++++++++++++++++++++++++++++++++++++++++++++++++++++++++++-------
 --------------------------------------------------|
 Providing the molecular integrals 
 Buffers :    14.10263     MB / core
   11.39241     % in    1.55649900436401      s   24.5309410095215      MB
   82.27848     % in    2.60335111618042      s   30.5559310913086      MB
 Molecular integrals provided:
  Size of MO map              29.6821556091309      MB
  Number of MO integrals:                1535643
  cpu  time :   23.6198150000000      s
  wall time :   2.97286105155945      s  ( x    7.94514596893452      )
 Molecular integrals provided
.. >>>>> [ IO READ: n_states ] <<<<< ..
 
.. >>>>> [ RES  MEM :       0.308773 GB ] [ VIRT MEM :       1.206505 GB ] <<<<< ..
.. >>>>> [ WALL TIME:       4.848834  s ] [ CPU  TIME:      35.490743  s ] <<<<< ..
 
 * mo_label          Canonical
.. >>>>> [ IO READ: read_wf ] <<<<< ..
 
.. >>>>> [ RES  MEM :       0.308773 GB ] [ VIRT MEM :       1.206505 GB ] <<<<< ..
.. >>>>> [ WALL TIME:       4.848982  s ] [ CPU  TIME:      35.491783  s ] <<<<< ..
 
* Number of determinants                                         1
* Dimension of the psi arrays                               100000
.. >>>>> [ IO READ: elec_beta_num ] <<<<< ..
 
.. >>>>> [ RES  MEM :       0.309631 GB ] [ VIRT MEM :       1.206505 GB ] <<<<< ..
.. >>>>> [ WALL TIME:       4.849396  s ] [ CPU  TIME:      35.494899  s ] <<<<< ..
 
.. >>>>> [ IO READ: elec_alpha_num ] <<<<< ..
 
.. >>>>> [ RES  MEM :       0.309631 GB ] [ VIRT MEM :       1.206505 GB ] <<<<< ..
.. >>>>> [ WALL TIME:       4.849508  s ] [ CPU  TIME:      35.495652  s ] <<<<< ..
 
.. >>>>> [ IO READ: distributed_davidson ] <<<<< ..
 
.. >>>>> [ RES  MEM :       0.312389 GB ] [ VIRT MEM :       1.209492 GB ] <<<<< ..
.. >>>>> [ WALL TIME:       4.852032  s ] [ CPU  TIME:      35.515636  s ] <<<<< ..
 
* Number of unique alpha determinants                            1
* Number of unique beta determinants                             1
.. >>>>> [ IO READ: io_mo_integrals_e_n ] <<<<< ..
 
.. >>>>> [ RES  MEM :       0.312637 GB ] [ VIRT MEM :       1.212479 GB ] <<<<< ..
.. >>>>> [ WALL TIME:       4.852317  s ] [ CPU  TIME:      35.517712  s ] <<<<< ..
 
.. >>>>> [ IO READ: io_ao_integrals_e_n ] <<<<< ..
 
.. >>>>> [ RES  MEM :       0.312637 GB ] [ VIRT MEM :       1.212479 GB ] <<<<< ..
.. >>>>> [ WALL TIME:       4.852440  s ] [ CPU  TIME:      35.518563  s ] <<<<< ..
 
.. >>>>> [ IO READ: io_mo_integrals_kinetic ] <<<<< ..
 
.. >>>>> [ RES  MEM :       0.315083 GB ] [ VIRT MEM :       1.283649 GB ] <<<<< ..
.. >>>>> [ WALL TIME:       4.856871  s ] [ CPU  TIME:      35.553122  s ] <<<<< ..
 
.. >>>>> [ IO READ: io_ao_integrals_kinetic ] <<<<< ..
 
.. >>>>> [ RES  MEM :       0.315083 GB ] [ VIRT MEM :       1.283649 GB ] <<<<< ..
.. >>>>> [ WALL TIME:       4.857000  s ] [ CPU  TIME:      35.554037  s ] <<<<< ..
 
.. >>>>> [ IO READ: io_mo_one_e_integrals ] <<<<< ..
 
.. >>>>> [ RES  MEM :       0.315083 GB ] [ VIRT MEM :       1.283649 GB ] <<<<< ..
.. >>>>> [ WALL TIME:       4.859212  s ] [ CPU  TIME:      35.571522  s ] <<<<< ..
 
 Providing the mono electronic integrals
.. >>>>> [ IO READ: do_pseudo ] <<<<< ..
 
.. >>>>> [ RES  MEM :       0.315083 GB ] [ VIRT MEM :       1.283649 GB ] <<<<< ..
.. >>>>> [ WALL TIME:       4.859373  s ] [ CPU  TIME:      35.572604  s ] <<<<< ..
 
.. >>>>> [ IO READ: threshold_generators ] <<<<< ..
 
.. >>>>> [ RES  MEM :       0.556694 GB ] [ VIRT MEM :       3.158649 GB ] <<<<< ..
.. >>>>> [ WALL TIME:       5.273726  s ] [ CPU  TIME:      38.845472  s ] <<<<< ..
 
* Number of determinants                                     98113
 Read psi_coef       98113           1
 Read psi_det
* Number of unique alpha determinants                         5032
* Number of unique beta determinants                          5031
.. >>>>> [ IO READ: pt2_relative_error ] <<<<< ..
 
.. >>>>> [ RES  MEM :       0.584759 GB ] [ VIRT MEM :       3.173309 GB ] <<<<< ..
.. >>>>> [ WALL TIME:       7.227686  s ] [ CPU  TIME:      54.143701  s ] <<<<< ..
 
.. >>>>> [ IO READ: disk_access_nuclear_repulsion ] <<<<< ..
 
.. >>>>> [ RES  MEM :       0.584759 GB ] [ VIRT MEM :       3.173309 GB ] <<<<< ..
.. >>>>> [ WALL TIME:       7.227799  s ] [ CPU  TIME:      54.143796  s ] <<<<< ..
 
 
.. >>>>> [ RES  MEM :       0.584759 GB ] [ VIRT MEM :       3.173309 GB ] <<<<< ..
.. >>>>> [ WALL TIME:       7.227882  s ] [ CPU  TIME:      54.143868  s ] <<<<< ..
 
* Nuclear repulsion energy                           9.189533762934902    
.. >>>>> [ IO READ: used_weight ] <<<<< ..
 
.. >>>>> [ RES  MEM :       0.584759 GB ] [ VIRT MEM :       3.173309 GB ] <<<<< ..
.. >>>>> [ WALL TIME:       7.228015  s ] [ CPU  TIME:      54.143993  s ] <<<<< ..
 
 
.. >>>>> [ RES  MEM :       0.587749 GB ] [ VIRT MEM :       3.176296 GB ] <<<<< ..
.. >>>>> [ WALL TIME:       7.230374  s ] [ CPU  TIME:      54.172596  s ] <<<<< ..
 
* Number of generators                                       97573
 
.. >>>>> [ RES  MEM :       0.587749 GB ] [ VIRT MEM :       3.176296 GB ] <<<<< ..
.. >>>>> [ WALL TIME:       7.230592  s ] [ CPU  TIME:      54.172882  s ] <<<<< ..
 
* Number of selectors                                        97573
* Target maximum memory (GB)                                  2000
* Number of comb teeth                                          46
* Number of core     MOs                                         0
* Number of inactive MOs                                         0
* Number of active   MOs                                        71
* Number of virtual  MOs                                         0
* Number of deleted  MOs                                         0
.. >>>>> [ IO READ: s2_eig ] <<<<< ..
 
.. >>>>> [ RES  MEM :       0.596115 GB ] [ VIRT MEM :       3.185890 GB ] <<<<< ..
.. >>>>> [ WALL TIME:       7.306355  s ] [ CPU  TIME:      54.739212  s ] <<<<< ..
 
* PT2 Energy denominator                            -76.37632447009727    
 
.. >>>>> [ RES  MEM :       0.596619 GB ] [ VIRT MEM :       3.185890 GB ] <<<<< ..
.. >>>>> [ WALL TIME:       7.308191  s ] [ CPU  TIME:      54.753759  s ] <<<<< ..
 
* Number of generators                                       97573
 
.. >>>>> [ RES  MEM :       0.596619 GB ] [ VIRT MEM :       3.185890 GB ] <<<<< ..
.. >>>>> [ WALL TIME:       7.308405  s ] [ CPU  TIME:      54.755293  s ] <<<<< ..
 
* Number of selectors                                        97573
* Number of comb teeth                                          46
* Number of tasks                                           109844
* Number of fragmented tasks                                  9458
* Number of threads for PT2                                      8
* Memory (Gb)                                       0.6161358844488860E-01
========== ================= =========== =============== =============== =================
 Samples        Energy        Stat. Err     Variance          Norm          Seconds      
========== ================= =========== =============== =============== =================
 
.. >>>>> [ RES  MEM :       0.598331 GB ] [ VIRT MEM :       3.191013 GB ] <<<<< ..
.. >>>>> [ WALL TIME:       7.545506  s ] [ CPU  TIME:      56.483765  s ] <<<<< ..
 
 Read  n_states_diag
* N_generators_bitmask                                           1
         3    -76.3890785932   0.567E-03    0.4311649891    0.0010836416      9.9988          
         4    -76.3889751922   0.417E-03    0.4295608346    0.0010727128     11.9082          
         5    -76.3887563167   0.408E-03    0.4247072469    0.0010521730     13.7998          
         6    -76.3889103664   0.335E-03    0.4283105897    0.0010628665     15.2885          
         7    -76.3892248020   0.451E-03    0.4612281475    0.0010579404     16.9293          
         8    -76.3893198638   0.399E-03    0.4603674676    0.0010664161     18.2319          
         9    -76.3892327635   0.363E-03    0.4554393929    0.0010621904     19.8017          
        10    -76.3893038710   0.339E-03    0.4812952186    0.0010594216     21.2217          
        13    -76.3895333325   0.314E-03    0.4916556579    0.0010747935     23.1078          
        15    -76.3897864303   0.418E-03    0.5150057784    0.0010793627     24.6945          
        18    -76.3897680187   0.373E-03    0.5121430560    0.0010798210     25.9211          
        20    -76.3897876994   0.339E-03    0.5265657891    0.0010767971     27.7572          
        22    -76.3898801074   0.358E-03    0.5610774881    0.0010774916     28.9015          
        25    -76.3898768977   0.318E-03    0.5656251755    0.0010721652     30.2981          
        28    -76.3897264239   0.296E-03    0.5495790811    0.0010679003     31.7837          
        30    -76.3897438226   0.280E-03    0.5491333283    0.0010675153     33.5574          
        32    -76.3897443987   0.262E-03    0.5424930057    0.0010740163     34.6921          
        34    -76.3896892705   0.250E-03    0.5355748979    0.0010719515     36.1560          
        36    -76.3897642179   0.257E-03    0.5425397180    0.0010713213     37.4487          
        39    -76.3897676162   0.236E-03    0.5394278403    0.0010722594     38.4815          
        42    -76.3896955336   0.223E-03    0.5312715083    0.0010707147     40.4785          
        44    -76.3896553272   0.215E-03    0.5263705862    0.0010700577     42.5013          
        48    -76.3896180901   0.199E-03    0.5185117994    0.0010721376     44.3335          
        51    -76.3895645430   0.188E-03    0.5130394890    0.0010702887     45.8408          
        54    -76.3895348092   0.151E-03    0.5077526617    0.0010700609     46.9881          
        56    -76.3895193995   0.146E-03    0.5053623675    0.0010696836     48.1334          
        60    -76.3895204775   0.139E-03    0.5046839615    0.0010684765     49.1487          
        64    -76.3894817817   0.133E-03    0.5002003382    0.0010678194     50.5926          
        69    -76.3893975877   0.106E-03    0.4895736061    0.0010688560     51.6517          
        72    -76.3893968961   0.102E-03    0.4882248870    0.0010689905     52.8874          
        76    -76.3894862463   0.119E-03    0.4993086241    0.0010755584     54.0147          
        79    -76.3894928586   0.121E-03    0.5069930443    0.0010758517     55.1904          
        83    -76.3894927229   0.118E-03    0.5095436707    0.0010744883     56.2986          
        87    -76.3894885057   0.113E-03    0.5073541524    0.0010749227     57.6186          
        90    -76.3895004052   0.111E-03    0.5106321020    0.0010743309     58.6488          
        94    -76.3894984255   0.107E-03    0.5088974306    0.0010745056     59.9127          
        98    -76.3894998549   0.103E-03    0.5107569459    0.0010734962     61.0112          
       104    -76.3894820948   0.976E-04    0.5074777515    0.0010732398     62.1481          
       108    -76.3894573444   0.941E-04    0.5051638339    0.0010716647     63.2637          
       113    -76.3894554705   0.911E-04    0.5042553196    0.0010705892     64.3042          
       118    -76.3894492284   0.875E-04    0.5024603483    0.0010703625     65.3243          
       123    -76.3894534232   0.847E-04    0.5016727028    0.0010702752     66.3859          
       126    -76.3894503698   0.830E-04    0.5006256929    0.0010701457     67.5568          
       132    -76.3894339647   0.795E-04    0.4985619827    0.0010693225     68.7316          
       138    -76.3894482571   0.762E-04    0.5030988491    0.0010694313     69.9367          
       144    -76.3894402805   0.732E-04    0.5010552520    0.0010694539     71.2143          
       149    -76.3894326403   0.709E-04    0.4994897845    0.0010694064     72.2382          
       154    -76.3894213241   0.693E-04    0.4980073506    0.0010686248     73.4803          
       158    -76.3894121824   0.678E-04    0.4968210492    0.0010680756     74.5243          
       164    -76.3894049212   0.654E-04    0.4953369488    0.0010680371     75.7500          
       171    -76.3893858770   0.613E-04    0.4934569319    0.0010673119     77.0293          
       176    -76.3893779101   0.597E-04    0.4924220175    0.0010667776     78.2959          
       183    -76.3893689868   0.576E-04    0.4910482226    0.0010663036     79.4786          
       191    -76.3893726563   0.563E-04    0.4902011743    0.0010664671     80.6093          
       197    -76.3893781905   0.550E-04    0.4911344653    0.0010662090     81.6336          
       204    -76.3893705726   0.534E-04    0.4897964479    0.0010661285     82.6694          
       214    -76.3893927710   0.536E-04    0.4938805092    0.0010679006     83.8000          
       220    -76.3893855095   0.522E-04    0.4927458138    0.0010676331     84.8030          
       229    -76.3893773441   0.509E-04    0.4924420943    0.0010668549     86.0276          
       236    -76.3893786516   0.454E-04    0.4907690639    0.0010684935     87.0459          
       246    -76.3893766059   0.442E-04    0.4894893341    0.0010688450     88.0819          
       254    -76.3893759613   0.432E-04    0.4888363784    0.0010689946     89.1675          
       261    -76.3893687198   0.422E-04    0.4878907024    0.0010686145     90.2583          
       269    -76.3893802388   0.429E-04    0.4905015172    0.0010689768     91.2928          
       277    -76.3893623115   0.379E-04    0.4894602548    0.0010670767     92.4349          
       285    -76.3893644013   0.371E-04    0.4896422324    0.0010671109     93.4462          
       295    -76.3893637092   0.360E-04    0.4886550376    0.0010674854     94.5820          
       305    -76.3893589037   0.349E-04    0.4876152986    0.0010673602     95.6224          
       313    -76.3893566582   0.343E-04    0.4870332978    0.0010671520     96.6867          
       323    -76.3893665265   0.300E-04    0.4898226931    0.0010669799     97.7823          
       336    -76.3893614198   0.290E-04    0.4889967193    0.0010667441     98.9410          
       349    -76.3893583942   0.282E-04    0.4883536613    0.0010666222     99.9433          
       360    -76.3893575661   0.276E-04    0.4878581386    0.0010667046    100.9867          
       370    -76.3893617707   0.279E-04    0.4897247924    0.0010664783    102.0208          
       380    -76.3893472335   0.217E-04    0.4862948401    0.0010662322    103.0644          
========== ================= =========== =============== =============== =================
 
.. >>>>> [ RES  MEM :       0.872997 GB ] [ VIRT MEM :       3.458023 GB ] <<<<< ..
.. >>>>> [ WALL TIME:     110.907391  s ] [ CPU  TIME:     873.817499  s ] <<<<< ..
 
* Number of generators                                       97573
 
.. >>>>> [ RES  MEM :       0.872997 GB ] [ VIRT MEM :       3.458023 GB ] <<<<< ..
.. >>>>> [ WALL TIME:     110.907588  s ] [ CPU  TIME:     873.818890  s ] <<<<< ..
 
* Number of selectors                                        97573
* Number of comb teeth                                          46
.. >>>>> [ IO READ: do_pt2 ] <<<<< ..
 
.. >>>>> [ RES  MEM :       0.871498 GB ] [ VIRT MEM :       3.456524 GB ] <<<<< ..
.. >>>>> [ WALL TIME:     110.965068  s ] [ CPU  TIME:     874.228673  s ] <<<<< ..
 
 
Summary at N_det =        98113
-----------------------------------
 
# ============ =============================
                    State      1
# ============ =============================
# E            -76.37632447
# PT2            -0.01302276     0.00002173
#
# E+PT2         -76.38934723     0.00002173
# E+rPT2        -76.38933336     0.00002170
# ============ =============================
 
 N_det             =        98113
 N_states          =            1
 N_sop             =        18721
 
 * State            1
 < S^2 >         =   6.872542533189079E-005
 E               =   -76.3763244700973     
 Variance        =   0.486294840110586     
 PT norm         =   3.265321175095903E-002
 PT2             =  -1.302276339321704E-002
 rPT2            =  -1.300889289223916E-002
 E+PT2            =   -76.3893472334905       +/-   2.172674517064933E-005
 E+rPT2           =   -76.3893333629895       +/-   2.170360408829713E-005
 
 -----
Wall time : 1.87437m

