Index of ion charge 0
Index of valence charge 1
Using c4q to name output files
Converting Wavefunction from the PySCF Code
Periodic Boundary Comditions: no
usingECP: no
Multideterminants: no
NUMBER OF AOs: 58
Size of Basis Set: 58
NUMBER OF MOs: 58
Unit in Bohr=1
Number of alpha electrons: 5
Number of beta electrons: 5
Number of electrons: 10
SPIN MULTIPLICITY: 1
NUMBER OF ATOMS: 3
 QMCGaussianParserBase::dump 
Number of alpha electrons 5
Number of beta electrons 5
 Generating Standard Input file containing VMC, standard optmization, and DMC blocks.
 Modify according to the accuracy you would like to achieve. 
 QMCGaussianParserBase::dump 
Number of alpha electrons 5
Number of beta electrons 5
Adding Two-Body and One-Body jastrows with rcut="10" and size="10"
Adding Three-Body jastrows with rcut="5"
 Generating Standard Input file containing VMC, standard optmization, and DMC blocks.
 Modify according to the accuracy you would like to achieve. 
