 # Generating QMCPACK input from PYSCF checkpoint file.
 # git sha1: cd196fa67a7c3213761ba0c242586d676be31d55-dirty
 # Date/Time: Sun May  5 15:48:19 2019
 # Working directory: /p/lustre2/malone14/qmcpack_workshop_2019/day1_afqmc/07-diamond_2x2x2_kpoint_sym
 # Generating Hamiltonian and wavefunction from pyscf cell object.
Ewald components = 2.62511131804051e-13, -33.8075273415067, 21.1383239417488
Ewald components = 1.35350024670892e-151, -1.08740537387457, 0.918918948338747
 # Adding ewald correction to the energy: -1.3478914042865924
 # Time to reach Cholesky: 2.70000000e-01 s.
 # Total number of orbitals: 64
 # Each kpoint is distributed accross 1 mpi tasks.
 # Approx total memory required for orbital products: 2.38e-01 GB.
 # Calculating factorization for momentum: 0
 # Generating orbital products
 # Time to generate orbital products: 2.51083612e-01
        iteration      max_residual        total_time         time_k3k4   time_comp_cholv         time_buff
                0  1.3436789802e-01  0.0000000000e+00  0.0000000000e+00  0.0000000000e+00  0.0000000000e+00
                1  1.3425096411e-01  1.0000000000e-02  0.0000000000e+00  0.0000000000e+00  0.0000000000e+00
                2  1.1814912082e-01  1.0000000000e-02  0.0000000000e+00  1.0000000000e-02  0.0000000000e+00
                3  1.1029416464e-01  0.0000000000e+00  0.0000000000e+00  0.0000000000e+00  0.0000000000e+00
                4  1.0172936875e-01  0.0000000000e+00  0.0000000000e+00  0.0000000000e+00  0.0000000000e+00
                5  7.3968838868e-02  1.0000000000e-02  0.0000000000e+00  1.0000000000e-02  0.0000000000e+00
                6  7.3923962734e-02  1.0000000000e-02  0.0000000000e+00  0.0000000000e+00  0.0000000000e+00
                7  5.7976885739e-02  0.0000000000e+00  0.0000000000e+00  0.0000000000e+00  0.0000000000e+00
                8  4.3115917743e-02  0.0000000000e+00  0.0000000000e+00  0.0000000000e+00  0.0000000000e+00
                9  4.3020178809e-02  1.0000000000e-02  0.0000000000e+00  1.0000000000e-02  0.0000000000e+00
               10  4.2884588550e-02  1.0000000000e-02  0.0000000000e+00  0.0000000000e+00  0.0000000000e+00
               11  4.0765322171e-02  0.0000000000e+00  0.0000000000e+00  0.0000000000e+00  0.0000000000e+00
               12  3.3833533138e-02  1.0000000000e-02  0.0000000000e+00  1.0000000000e-02  0.0000000000e+00
               13  2.5712678947e-02  0.0000000000e+00  0.0000000000e+00  0.0000000000e+00  0.0000000000e+00
               14  2.4548541189e-02  0.0000000000e+00  0.0000000000e+00  0.0000000000e+00  0.0000000000e+00
               15  2.2753274112e-02  0.0000000000e+00  0.0000000000e+00  0.0000000000e+00  0.0000000000e+00
               16  1.8105931630e-02  2.0000000000e-02  0.0000000000e+00  1.0000000000e-02  0.0000000000e+00
               17  1.6836518281e-02  0.0000000000e+00  0.0000000000e+00  0.0000000000e+00  0.0000000000e+00
               18  1.6836385207e-02  0.0000000000e+00  0.0000000000e+00  0.0000000000e+00  0.0000000000e+00
               19  1.6179517679e-02  1.0000000000e-02  0.0000000000e+00  1.0000000000e-02  0.0000000000e+00
               20  1.2457171316e-02  0.0000000000e+00  0.0000000000e+00  0.0000000000e+00  0.0000000000e+00
               21  1.1601958998e-02  0.0000000000e+00  0.0000000000e+00  0.0000000000e+00  0.0000000000e+00
               22  9.8575910645e-03  1.0000000000e-02  0.0000000000e+00  1.0000000000e-02  0.0000000000e+00
               23  9.0491252935e-03  0.0000000000e+00  0.0000000000e+00  0.0000000000e+00  0.0000000000e+00
               24  9.0294288246e-03  0.0000000000e+00  0.0000000000e+00  0.0000000000e+00  0.0000000000e+00
               25  7.8743846927e-03  1.0000000000e-02  0.0000000000e+00  1.0000000000e-02  0.0000000000e+00
               26  7.6759120388e-03  0.0000000000e+00  0.0000000000e+00  0.0000000000e+00  0.0000000000e+00
               27  6.7231386305e-03  0.0000000000e+00  0.0000000000e+00  0.0000000000e+00  0.0000000000e+00
               28  6.2646553623e-03  2.0000000000e-02  0.0000000000e+00  1.0000000000e-02  0.0000000000e+00
               29  5.4695095396e-03  0.0000000000e+00  0.0000000000e+00  0.0000000000e+00  0.0000000000e+00
               30  4.3003593779e-03  0.0000000000e+00  0.0000000000e+00  0.0000000000e+00  0.0000000000e+00
               31  3.8102877998e-03  1.0000000000e-02  0.0000000000e+00  1.0000000000e-02  0.0000000000e+00
               32  3.6296305468e-03  0.0000000000e+00  0.0000000000e+00  0.0000000000e+00  0.0000000000e+00
               33  3.1099348530e-03  0.0000000000e+00  0.0000000000e+00  0.0000000000e+00  0.0000000000e+00
               34  2.2984937673e-03  2.0000000000e-02  0.0000000000e+00  1.0000000000e-02  0.0000000000e+00
               35  2.2376826807e-03  0.0000000000e+00  0.0000000000e+00  0.0000000000e+00  0.0000000000e+00
               36  2.0127633656e-03  0.0000000000e+00  0.0000000000e+00  0.0000000000e+00  0.0000000000e+00
               37  1.7964156931e-03  0.0000000000e+00  0.0000000000e+00  0.0000000000e+00  0.0000000000e+00
               38  1.6196790676e-03  1.0000000000e-02  0.0000000000e+00  1.0000000000e-02  0.0000000000e+00
               39  1.3086956062e-03  0.0000000000e+00  0.0000000000e+00  0.0000000000e+00  0.0000000000e+00
               40  1.1702536644e-03  1.0000000000e-02  0.0000000000e+00  0.0000000000e+00  0.0000000000e+00
               41  8.3608158612e-04  0.0000000000e+00  0.0000000000e+00  0.0000000000e+00  0.0000000000e+00
               42  7.2181111717e-04  1.0000000000e-02  0.0000000000e+00  0.0000000000e+00  0.0000000000e+00
               43  6.9952010923e-04  0.0000000000e+00  0.0000000000e+00  0.0000000000e+00  0.0000000000e+00
               44  6.5855176567e-04  0.0000000000e+00  0.0000000000e+00  0.0000000000e+00  0.0000000000e+00
               45  6.0344990092e-04  1.0000000000e-02  1.0000000000e-02  0.0000000000e+00  0.0000000000e+00
               46  5.5118110457e-04  0.0000000000e+00  0.0000000000e+00  0.0000000000e+00  0.0000000000e+00
               47  5.2670619408e-04  0.0000000000e+00  0.0000000000e+00  0.0000000000e+00  0.0000000000e+00
               48  4.8262475191e-04  1.0000000000e-02  0.0000000000e+00  0.0000000000e+00  0.0000000000e+00
               49  3.8724868010e-04  1.0000000000e-02  0.0000000000e+00  0.0000000000e+00  0.0000000000e+00
               50  3.4691496520e-04  0.0000000000e+00  0.0000000000e+00  0.0000000000e+00  0.0000000000e+00
               51  3.2059707466e-04  0.0000000000e+00  0.0000000000e+00  0.0000000000e+00  0.0000000000e+00
               52  3.1476069375e-04  1.0000000000e-02  0.0000000000e+00  1.0000000000e-02  0.0000000000e+00
               53  3.0254699250e-04  0.0000000000e+00  0.0000000000e+00  0.0000000000e+00  0.0000000000e+00
               54  2.8300701203e-04  0.0000000000e+00  0.0000000000e+00  0.0000000000e+00  0.0000000000e+00
               55  2.2506063786e-04  1.0000000000e-02  0.0000000000e+00  1.0000000000e-02  0.0000000000e+00
               56  2.0070658987e-04  1.0000000000e-02  0.0000000000e+00  0.0000000000e+00  0.0000000000e+00
               57  1.6992824294e-04  0.0000000000e+00  0.0000000000e+00  0.0000000000e+00  0.0000000000e+00
               58  1.6856686369e-04  1.0000000000e-02  1.0000000000e-02  0.0000000000e+00  0.0000000000e+00
               59  1.6051104647e-04  0.0000000000e+00  0.0000000000e+00  0.0000000000e+00  0.0000000000e+00
               60  1.4748013653e-04  0.0000000000e+00  0.0000000000e+00  0.0000000000e+00  0.0000000000e+00
               61  1.1447160014e-04  0.0000000000e+00  0.0000000000e+00  0.0000000000e+00  0.0000000000e+00
               62  1.0991715685e-04  1.0000000000e-02  0.0000000000e+00  1.0000000000e-02  0.0000000000e+00
               63  1.0957047194e-04  1.0000000000e-02  0.0000000000e+00  0.0000000000e+00  0.0000000000e+00
               64  1.0798215713e-04  0.0000000000e+00  0.0000000000e+00  0.0000000000e+00  0.0000000000e+00
               65  9.5376742699e-05  0.0000000000e+00  0.0000000000e+00  0.0000000000e+00  0.0000000000e+00
               66  8.6632063591e-05  1.0000000000e-02  0.0000000000e+00  1.0000000000e-02  0.0000000000e+00
               67  6.7374294479e-05  0.0000000000e+00  0.0000000000e+00  0.0000000000e+00  0.0000000000e+00
               68  6.6375208446e-05  0.0000000000e+00  0.0000000000e+00  0.0000000000e+00  0.0000000000e+00
               69  6.5189286677e-05  1.0000000000e-02  0.0000000000e+00  1.0000000000e-02  0.0000000000e+00
               70  6.0061904558e-05  0.0000000000e+00  0.0000000000e+00  0.0000000000e+00  0.0000000000e+00
               71  5.9158768888e-05  1.0000000000e-02  0.0000000000e+00  0.0000000000e+00  0.0000000000e+00
               72  5.3130941525e-05  1.0000000000e-02  0.0000000000e+00  1.0000000000e-02  0.0000000000e+00
               73  5.0240257132e-05  0.0000000000e+00  0.0000000000e+00  0.0000000000e+00  0.0000000000e+00
               74  4.6320607208e-05  0.0000000000e+00  0.0000000000e+00  0.0000000000e+00  0.0000000000e+00
               75  3.5746983649e-05  1.0000000000e-02  0.0000000000e+00  0.0000000000e+00  0.0000000000e+00
               76  3.4006888408e-05  0.0000000000e+00  0.0000000000e+00  0.0000000000e+00  0.0000000000e+00
               77  3.2744826507e-05  0.0000000000e+00  0.0000000000e+00  0.0000000000e+00  0.0000000000e+00
               78  2.9485208028e-05  0.0000000000e+00  0.0000000000e+00  0.0000000000e+00  0.0000000000e+00
               79  2.1637491309e-05  1.0000000000e-02  0.0000000000e+00  0.0000000000e+00  1.0000000000e-02
               80  2.1526858702e-05  0.0000000000e+00  0.0000000000e+00  0.0000000000e+00  0.0000000000e+00
               81  2.1213614979e-05  0.0000000000e+00  0.0000000000e+00  0.0000000000e+00  0.0000000000e+00
               82  1.8555438715e-05  1.0000000000e-02  0.0000000000e+00  1.0000000000e-02  0.0000000000e+00
               83  1.7694633066e-05  1.0000000000e-02  0.0000000000e+00  0.0000000000e+00  1.0000000000e-02
               84  1.5454030542e-05  0.0000000000e+00  0.0000000000e+00  0.0000000000e+00  0.0000000000e+00
               85  1.5314228630e-05  0.0000000000e+00  0.0000000000e+00  0.0000000000e+00  0.0000000000e+00
               86  1.2667004708e-05  1.0000000000e-02  0.0000000000e+00  1.0000000000e-02  0.0000000000e+00
               87  1.2537072539e-05  0.0000000000e+00  0.0000000000e+00  0.0000000000e+00  0.0000000000e+00
               88  1.1434105504e-05  0.0000000000e+00  0.0000000000e+00  0.0000000000e+00  0.0000000000e+00
               89  1.0340877118e-05  0.0000000000e+00  0.0000000000e+00  0.0000000000e+00  0.0000000000e+00
               90  1.0162820905e-05  1.0000000000e-02  0.0000000000e+00  0.0000000000e+00  1.0000000000e-02
               91  9.6737651469e-06  0.0000000000e+00  0.0000000000e+00  0.0000000000e+00  0.0000000000e+00
 # Calculating factorization for momentum: 1
 # Generating orbital products
 # Time to generate orbital products: 2.47750759e-01
        iteration      max_residual        total_time         time_k3k4   time_comp_cholv         time_buff
                0  2.2290200689e-01  2.0000000000e-02  0.0000000000e+00  1.0000000000e-02  0.0000000000e+00
                1  1.3013460540e-01  0.0000000000e+00  0.0000000000e+00  0.0000000000e+00  0.0000000000e+00
                2  9.5121563341e-02  1.0000000000e-02  0.0000000000e+00  0.0000000000e+00  0.0000000000e+00
                3  8.7051912482e-02  1.0000000000e-02  0.0000000000e+00  0.0000000000e+00  0.0000000000e+00
                4  8.6999671078e-02  1.0000000000e-02  0.0000000000e+00  1.0000000000e-02  0.0000000000e+00
                5  7.7488731026e-02  0.0000000000e+00  0.0000000000e+00  0.0000000000e+00  0.0000000000e+00
                6  7.1407416208e-02  1.0000000000e-02  0.0000000000e+00  1.0000000000e-02  0.0000000000e+00
                7  5.8859858036e-02  2.0000000000e-02  0.0000000000e+00  1.0000000000e-02  0.0000000000e+00
                8  5.2766913602e-02  0.0000000000e+00  0.0000000000e+00  0.0000000000e+00  0.0000000000e+00
                9  4.4747306490e-02  1.0000000000e-02  0.0000000000e+00  0.0000000000e+00  0.0000000000e+00
               10  3.8934268613e-02  1.0000000000e-02  0.0000000000e+00  0.0000000000e+00  0.0000000000e+00
               11  3.5941798159e-02  1.0000000000e-02  0.0000000000e+00  1.0000000000e-02  0.0000000000e+00
               12  3.3454915500e-02  0.0000000000e+00  0.0000000000e+00  0.0000000000e+00  0.0000000000e+00
               13  3.2329729153e-02  2.0000000000e-02  0.0000000000e+00  0.0000000000e+00  0.0000000000e+00
               14  2.9580593414e-02  0.0000000000e+00  0.0000000000e+00  0.0000000000e+00  0.0000000000e+00
               15  2.6813637627e-02  1.0000000000e-02  0.0000000000e+00  1.0000000000e-02  0.0000000000e+00
               16  2.5955832763e-02  1.0000000000e-02  0.0000000000e+00  0.0000000000e+00  0.0000000000e+00
               17  2.0289492547e-02  1.0000000000e-02  0.0000000000e+00  1.0000000000e-02  0.0000000000e+00
               18  1.9971352877e-02  1.0000000000e-02  0.0000000000e+00  0.0000000000e+00  0.0000000000e+00
               19  1.4173654848e-02  0.0000000000e+00  0.0000000000e+00  0.0000000000e+00  0.0000000000e+00
               20  1.2312687238e-02  2.0000000000e-02  0.0000000000e+00  1.0000000000e-02  0.0000000000e+00
               21  1.1642741657e-02  0.0000000000e+00  0.0000000000e+00  0.0000000000e+00  0.0000000000e+00
               22  1.0192615162e-02  1.0000000000e-02  0.0000000000e+00  0.0000000000e+00  0.0000000000e+00
               23  9.8726464317e-03  1.0000000000e-02  0.0000000000e+00  1.0000000000e-02  0.0000000000e+00
               24  9.5869810257e-03  1.0000000000e-02  0.0000000000e+00  0.0000000000e+00  0.0000000000e+00
               25  8.5743122589e-03  0.0000000000e+00  0.0000000000e+00  0.0000000000e+00  0.0000000000e+00
               26  5.3417134685e-03  1.0000000000e-02  0.0000000000e+00  1.0000000000e-02  0.0000000000e+00
               27  4.5492560419e-03  2.0000000000e-02  0.0000000000e+00  0.0000000000e+00  0.0000000000e+00
               28  4.4655438331e-03  0.0000000000e+00  0.0000000000e+00  0.0000000000e+00  0.0000000000e+00
               29  4.2167605677e-03  2.0000000000e-02  0.0000000000e+00  1.0000000000e-02  0.0000000000e+00
               30  3.8704819368e-03  0.0000000000e+00  0.0000000000e+00  0.0000000000e+00  0.0000000000e+00
               31  3.6537248085e-03  1.0000000000e-02  0.0000000000e+00  1.0000000000e-02  0.0000000000e+00
               32  3.5007107400e-03  1.0000000000e-02  0.0000000000e+00  0.0000000000e+00  0.0000000000e+00
               33  2.5124431760e-03  1.0000000000e-02  0.0000000000e+00  1.0000000000e-02  0.0000000000e+00
               34  2.4261889481e-03  1.0000000000e-02  0.0000000000e+00  0.0000000000e+00  0.0000000000e+00
               35  2.2576801542e-03  0.0000000000e+00  0.0000000000e+00  0.0000000000e+00  0.0000000000e+00
               36  1.6695797615e-03  2.0000000000e-02  0.0000000000e+00  1.0000000000e-02  0.0000000000e+00
               37  1.4694134631e-03  0.0000000000e+00  0.0000000000e+00  0.0000000000e+00  0.0000000000e+00
               38  1.3903726400e-03  1.0000000000e-02  0.0000000000e+00  1.0000000000e-02  0.0000000000e+00
               39  1.0899992724e-03  1.0000000000e-02  0.0000000000e+00  0.0000000000e+00  0.0000000000e+00
               40  1.0223191298e-03  1.0000000000e-02  0.0000000000e+00  1.0000000000e-02  0.0000000000e+00
               41  8.1293543029e-04  1.0000000000e-02  0.0000000000e+00  0.0000000000e+00  0.0000000000e+00
               42  8.0797573444e-04  1.0000000000e-02  0.0000000000e+00  0.0000000000e+00  0.0000000000e+00
               43  7.2602239345e-04  0.0000000000e+00  0.0000000000e+00  0.0000000000e+00  0.0000000000e+00
               44  6.8163159735e-04  2.0000000000e-02  0.0000000000e+00  1.0000000000e-02  0.0000000000e+00
               45  6.3269794393e-04  1.0000000000e-02  0.0000000000e+00  1.0000000000e-02  0.0000000000e+00
               46  5.5967186603e-04  0.0000000000e+00  0.0000000000e+00  0.0000000000e+00  0.0000000000e+00
               47  4.4109659143e-04  1.0000000000e-02  0.0000000000e+00  1.0000000000e-02  0.0000000000e+00
               48  4.1736543721e-04  2.0000000000e-02  0.0000000000e+00  1.0000000000e-02  0.0000000000e+00
               49  3.7485815573e-04  1.0000000000e-02  0.0000000000e+00  0.0000000000e+00  0.0000000000e+00
               50  3.4673894710e-04  1.0000000000e-02  0.0000000000e+00  0.0000000000e+00  0.0000000000e+00
               51  3.0204154919e-04  0.0000000000e+00  0.0000000000e+00  0.0000000000e+00  0.0000000000e+00
               52  2.9035321044e-04  1.0000000000e-02  0.0000000000e+00  1.0000000000e-02  0.0000000000e+00
               53  2.5605723317e-04  1.0000000000e-02  0.0000000000e+00  1.0000000000e-02  0.0000000000e+00
               54  2.4380439732e-04  1.0000000000e-02  0.0000000000e+00  1.0000000000e-02  0.0000000000e+00
               55  2.0576686227e-04  1.0000000000e-02  0.0000000000e+00  0.0000000000e+00  0.0000000000e+00
               56  1.9783020859e-04  1.0000000000e-02  0.0000000000e+00  0.0000000000e+00  0.0000000000e+00
               57  1.8595128916e-04  1.0000000000e-02  0.0000000000e+00  1.0000000000e-02  0.0000000000e+00
               58  1.6547902148e-04  0.0000000000e+00  0.0000000000e+00  0.0000000000e+00  0.0000000000e+00
               59  1.5802766898e-04  2.0000000000e-02  0.0000000000e+00  1.0000000000e-02  0.0000000000e+00
               60  1.4385797796e-04  1.0000000000e-02  0.0000000000e+00  0.0000000000e+00  0.0000000000e+00
               61  1.3029631152e-04  0.0000000000e+00  0.0000000000e+00  0.0000000000e+00  0.0000000000e+00
               62  1.2451842384e-04  2.0000000000e-02  0.0000000000e+00  1.0000000000e-02  0.0000000000e+00
               63  1.1449926470e-04  0.0000000000e+00  0.0000000000e+00  0.0000000000e+00  0.0000000000e+00
               64  1.0894315779e-04  1.0000000000e-02  0.0000000000e+00  1.0000000000e-02  0.0000000000e+00
               65  9.8201303626e-05  1.0000000000e-02  0.0000000000e+00  1.0000000000e-02  0.0000000000e+00
               66  8.8783648551e-05  1.0000000000e-02  0.0000000000e+00  0.0000000000e+00  0.0000000000e+00
               67  8.7205154833e-05  1.0000000000e-02  0.0000000000e+00  1.0000000000e-02  0.0000000000e+00
               68  7.0863289755e-05  0.0000000000e+00  0.0000000000e+00  0.0000000000e+00  0.0000000000e+00
               69  6.5735766743e-05  2.0000000000e-02  0.0000000000e+00  1.0000000000e-02  0.0000000000e+00
               70  5.8990160231e-05  1.0000000000e-02  0.0000000000e+00  1.0000000000e-02  0.0000000000e+00
               71  5.1204095597e-05  0.0000000000e+00  0.0000000000e+00  0.0000000000e+00  0.0000000000e+00
               72  5.0606458111e-05  2.0000000000e-02  0.0000000000e+00  1.0000000000e-02  0.0000000000e+00
               73  4.7032657971e-05  0.0000000000e+00  0.0000000000e+00  0.0000000000e+00  0.0000000000e+00
               74  3.8534219651e-05  1.0000000000e-02  0.0000000000e+00  1.0000000000e-02  0.0000000000e+00
               75  3.7205149399e-05  1.0000000000e-02  0.0000000000e+00  0.0000000000e+00  0.0000000000e+00
               76  3.4394474575e-05  1.0000000000e-02  0.0000000000e+00  1.0000000000e-02  0.0000000000e+00
               77  3.3099561328e-05  1.0000000000e-02  0.0000000000e+00  1.0000000000e-02  0.0000000000e+00
               78  2.5685779131e-05  1.0000000000e-02  0.0000000000e+00  0.0000000000e+00  0.0000000000e+00
               79  2.4442166582e-05  1.0000000000e-02  0.0000000000e+00  1.0000000000e-02  0.0000000000e+00
               80  2.4318903268e-05  1.0000000000e-02  0.0000000000e+00  0.0000000000e+00  0.0000000000e+00
               81  2.1561796474e-05  0.0000000000e+00  0.0000000000e+00  0.0000000000e+00  0.0000000000e+00
               82  1.9114797595e-05  1.0000000000e-02  0.0000000000e+00  1.0000000000e-02  0.0000000000e+00
               83  1.8956912555e-05  2.0000000000e-02  0.0000000000e+00  0.0000000000e+00  0.0000000000e+00
               84  1.7337912013e-05  0.0000000000e+00  0.0000000000e+00  0.0000000000e+00  0.0000000000e+00
               85  1.6989313914e-05  1.0000000000e-02  0.0000000000e+00  0.0000000000e+00  0.0000000000e+00
               86  1.3829033342e-05  0.0000000000e+00  0.0000000000e+00  0.0000000000e+00  0.0000000000e+00
               87  1.1337547676e-05  1.0000000000e-02  0.0000000000e+00  1.0000000000e-02  0.0000000000e+00
               88  8.8409039630e-06  2.0000000000e-02  0.0000000000e+00  1.0000000000e-02  0.0000000000e+00
 # Calculating factorization for momentum: 2
 # Generating orbital products
 # Time to generate orbital products: 2.56398916e-01
        iteration      max_residual        total_time         time_k3k4   time_comp_cholv         time_buff
                0  2.2290200689e-01  1.0000000000e-02  0.0000000000e+00  0.0000000000e+00  0.0000000000e+00
                1  1.2025529181e-01  1.0000000000e-02  0.0000000000e+00  0.0000000000e+00  0.0000000000e+00
                2  1.0882497822e-01  0.0000000000e+00  0.0000000000e+00  0.0000000000e+00  0.0000000000e+00
                3  8.7922484965e-02  1.0000000000e-02  0.0000000000e+00  1.0000000000e-02  0.0000000000e+00
                4  7.9525409027e-02  2.0000000000e-02  0.0000000000e+00  1.0000000000e-02  0.0000000000e+00
                5  7.8649520187e-02  0.0000000000e+00  0.0000000000e+00  0.0000000000e+00  0.0000000000e+00
                6  6.3312768755e-02  1.0000000000e-02  0.0000000000e+00  0.0000000000e+00  0.0000000000e+00
                7  5.8848117091e-02  1.0000000000e-02  0.0000000000e+00  0.0000000000e+00  0.0000000000e+00
                8  4.8906401184e-02  0.0000000000e+00  0.0000000000e+00  0.0000000000e+00  0.0000000000e+00
                9  4.1916285179e-02  1.0000000000e-02  0.0000000000e+00  1.0000000000e-02  0.0000000000e+00
               10  3.9124610468e-02  2.0000000000e-02  0.0000000000e+00  0.0000000000e+00  0.0000000000e+00
               11  3.5873517547e-02  0.0000000000e+00  0.0000000000e+00  0.0000000000e+00  0.0000000000e+00
               12  3.2913597659e-02  2.0000000000e-02  0.0000000000e+00  0.0000000000e+00  0.0000000000e+00
               13  3.2905438608e-02  0.0000000000e+00  0.0000000000e+00  0.0000000000e+00  0.0000000000e+00
               14  3.2269500079e-02  1.0000000000e-02  0.0000000000e+00  1.0000000000e-02  0.0000000000e+00
               15  2.3976013974e-02  1.0000000000e-02  0.0000000000e+00  1.0000000000e-02  0.0000000000e+00
               16  2.3668772126e-02  2.0000000000e-02  0.0000000000e+00  1.0000000000e-02  0.0000000000e+00
               17  2.1336840745e-02  0.0000000000e+00  0.0000000000e+00  0.0000000000e+00  0.0000000000e+00
               18  1.8709121646e-02  1.0000000000e-02  0.0000000000e+00  1.0000000000e-02  0.0000000000e+00
               19  1.8660240516e-02  1.0000000000e-02  0.0000000000e+00  1.0000000000e-02  0.0000000000e+00
               20  1.5234991930e-02  1.0000000000e-02  0.0000000000e+00  0.0000000000e+00  0.0000000000e+00
               21  1.1749062735e-02  1.0000000000e-02  0.0000000000e+00  1.0000000000e-02  0.0000000000e+00
               22  1.1422494901e-02  1.0000000000e-02  0.0000000000e+00  0.0000000000e+00  0.0000000000e+00
               23  1.0011214444e-02  1.0000000000e-02  0.0000000000e+00  1.0000000000e-02  0.0000000000e+00
               24  9.9543454644e-03  0.0000000000e+00  0.0000000000e+00  0.0000000000e+00  0.0000000000e+00
               25  7.6988192357e-03  2.0000000000e-02  0.0000000000e+00  0.0000000000e+00  0.0000000000e+00
               26  5.9397725678e-03  0.0000000000e+00  0.0000000000e+00  0.0000000000e+00  0.0000000000e+00
               27  5.1240851520e-03  1.0000000000e-02  0.0000000000e+00  1.0000000000e-02  0.0000000000e+00
               28  4.2532010555e-03  2.0000000000e-02  0.0000000000e+00  0.0000000000e+00  0.0000000000e+00
               29  4.0297786249e-03  0.0000000000e+00  0.0000000000e+00  0.0000000000e+00  0.0000000000e+00
               30  3.9194946492e-03  1.0000000000e-02  0.0000000000e+00  1.0000000000e-02  0.0000000000e+00
               31  3.7706805451e-03  1.0000000000e-02  0.0000000000e+00  1.0000000000e-02  0.0000000000e+00
               32  3.5612085440e-03  1.0000000000e-02  0.0000000000e+00  0.0000000000e+00  0.0000000000e+00
               33  3.2433909114e-03  0.0000000000e+00  0.0000000000e+00  0.0000000000e+00  0.0000000000e+00
               34  2.3279424718e-03  2.0000000000e-02  0.0000000000e+00  1.0000000000e-02  0.0000000000e+00
               35  2.1388834560e-03  0.0000000000e+00  0.0000000000e+00  0.0000000000e+00  0.0000000000e+00
               36  1.1533435645e-03  1.0000000000e-02  0.0000000000e+00  0.0000000000e+00  0.0000000000e+00
               37  1.0747060300e-03  1.0000000000e-02  0.0000000000e+00  1.0000000000e-02  0.0000000000e+00
               38  9.7858448031e-04  1.0000000000e-02  0.0000000000e+00  0.0000000000e+00  0.0000000000e+00
               39  8.5761582678e-04  0.0000000000e+00  0.0000000000e+00  0.0000000000e+00  0.0000000000e+00
               40  8.5597445177e-04  2.0000000000e-02  0.0000000000e+00  1.0000000000e-02  0.0000000000e+00
               41  8.4185892700e-04  1.0000000000e-02  0.0000000000e+00  1.0000000000e-02  0.0000000000e+00
               42  6.4554724005e-04  1.0000000000e-02  0.0000000000e+00  1.0000000000e-02  0.0000000000e+00
               43  5.7514242180e-04  1.0000000000e-02  0.0000000000e+00  0.0000000000e+00  0.0000000000e+00
               44  5.4948300165e-04  0.0000000000e+00  0.0000000000e+00  0.0000000000e+00  0.0000000000e+00
               45  4.7660720859e-04  2.0000000000e-02  0.0000000000e+00  1.0000000000e-02  0.0000000000e+00
               46  4.5659775118e-04  1.0000000000e-02  0.0000000000e+00  1.0000000000e-02  0.0000000000e+00
               47  4.4279100478e-04  1.0000000000e-02  0.0000000000e+00  1.0000000000e-02  0.0000000000e+00
               48  4.4117137524e-04  1.0000000000e-02  0.0000000000e+00  1.0000000000e-02  0.0000000000e+00
               49  4.0963735550e-04  0.0000000000e+00  0.0000000000e+00  0.0000000000e+00  0.0000000000e+00
               50  4.0585187113e-04  1.0000000000e-02  0.0000000000e+00  1.0000000000e-02  0.0000000000e+00
               51  3.6219094098e-04  1.0000000000e-02  0.0000000000e+00  0.0000000000e+00  0.0000000000e+00
               52  3.4835756953e-04  1.0000000000e-02  0.0000000000e+00  1.0000000000e-02  0.0000000000e+00
               53  2.6291886706e-04  1.0000000000e-02  0.0000000000e+00  0.0000000000e+00  0.0000000000e+00
               54  2.2709809012e-04  1.0000000000e-02  0.0000000000e+00  0.0000000000e+00  0.0000000000e+00
               55  2.1642550749e-04  0.0000000000e+00  0.0000000000e+00  0.0000000000e+00  0.0000000000e+00
               56  2.1510391399e-04  0.0000000000e+00  0.0000000000e+00  0.0000000000e+00  0.0000000000e+00
               57  1.5805486349e-04  2.0000000000e-02  0.0000000000e+00  1.0000000000e-02  0.0000000000e+00
               58  1.4350148012e-04  0.0000000000e+00  0.0000000000e+00  0.0000000000e+00  0.0000000000e+00
               59  1.3313464113e-04  1.0000000000e-02  0.0000000000e+00  1.0000000000e-02  0.0000000000e+00
               60  1.3006368762e-04  1.0000000000e-02  0.0000000000e+00  0.0000000000e+00  0.0000000000e+00
               61  1.2260803038e-04  1.0000000000e-02  0.0000000000e+00  1.0000000000e-02  0.0000000000e+00
               62  1.1510173791e-04  0.0000000000e+00  0.0000000000e+00  0.0000000000e+00  0.0000000000e+00
               63  1.1299502608e-04  2.0000000000e-02  0.0000000000e+00  0.0000000000e+00  0.0000000000e+00
               64  1.0690428659e-04  1.0000000000e-02  0.0000000000e+00  1.0000000000e-02  0.0000000000e+00
               65  1.0340422888e-04  1.0000000000e-02  0.0000000000e+00  0.0000000000e+00  0.0000000000e+00
               66  8.8221310619e-05  0.0000000000e+00  0.0000000000e+00  0.0000000000e+00  0.0000000000e+00
               67  8.0811568440e-05  1.0000000000e-02  0.0000000000e+00  1.0000000000e-02  0.0000000000e+00
               68  7.0952624458e-05  1.0000000000e-02  0.0000000000e+00  0.0000000000e+00  0.0000000000e+00
               69  7.0699386840e-05  0.0000000000e+00  0.0000000000e+00  0.0000000000e+00  0.0000000000e+00
               70  5.9816636097e-05  2.0000000000e-02  0.0000000000e+00  1.0000000000e-02  0.0000000000e+00
               71  5.6340224708e-05  1.0000000000e-02  0.0000000000e+00  1.0000000000e-02  0.0000000000e+00
               72  5.2684284282e-05  0.0000000000e+00  0.0000000000e+00  0.0000000000e+00  0.0000000000e+00
               73  4.7166530168e-05  2.0000000000e-02  0.0000000000e+00  1.0000000000e-02  0.0000000000e+00
               74  4.3364133349e-05  0.0000000000e+00  0.0000000000e+00  0.0000000000e+00  0.0000000000e+00
               75  3.8072057452e-05  1.0000000000e-02  0.0000000000e+00  1.0000000000e-02  0.0000000000e+00
               76  3.2258659755e-05  1.0000000000e-02  0.0000000000e+00  1.0000000000e-02  0.0000000000e+00
               77  2.9939887711e-05  1.0000000000e-02  0.0000000000e+00  0.0000000000e+00  0.0000000000e+00
               78  2.9044141925e-05  1.0000000000e-02  0.0000000000e+00  1.0000000000e-02  0.0000000000e+00
               79  2.6846811372e-05  0.0000000000e+00  0.0000000000e+00  0.0000000000e+00  0.0000000000e+00
               80  2.5175674400e-05  2.0000000000e-02  0.0000000000e+00  1.0000000000e-02  0.0000000000e+00
               81  2.4181383828e-05  1.0000000000e-02  0.0000000000e+00  0.0000000000e+00  0.0000000000e+00
               82  2.2331500557e-05  1.0000000000e-02  0.0000000000e+00  1.0000000000e-02  0.0000000000e+00
               83  1.9773420255e-05  0.0000000000e+00  0.0000000000e+00  0.0000000000e+00  0.0000000000e+00
               84  1.8018552759e-05  2.0000000000e-02  0.0000000000e+00  0.0000000000e+00  0.0000000000e+00
               85  1.4377691081e-05  0.0000000000e+00  0.0000000000e+00  0.0000000000e+00  0.0000000000e+00
               86  1.1316810015e-05  1.0000000000e-02  0.0000000000e+00  1.0000000000e-02  0.0000000000e+00
               87  1.1105892654e-05  1.0000000000e-02  0.0000000000e+00  0.0000000000e+00  0.0000000000e+00
               88  1.0592371522e-05  1.0000000000e-02  0.0000000000e+00  0.0000000000e+00  0.0000000000e+00
               89  9.9983441103e-06  0.0000000000e+00  0.0000000000e+00  0.0000000000e+00  0.0000000000e+00
 # Calculating factorization for momentum: 3
 # Generating orbital products
 # Time to generate orbital products: 2.46341467e-01
        iteration      max_residual        total_time         time_k3k4   time_comp_cholv         time_buff
                0  2.4501420362e-01  0.0000000000e+00  0.0000000000e+00  0.0000000000e+00  0.0000000000e+00
                1  1.1707954395e-01  2.0000000000e-02  0.0000000000e+00  2.0000000000e-02  0.0000000000e+00
                2  1.0913427190e-01  0.0000000000e+00  0.0000000000e+00  0.0000000000e+00  0.0000000000e+00
                3  1.0894399451e-01  2.0000000000e-02  0.0000000000e+00  1.0000000000e-02  0.0000000000e+00
                4  9.1304692693e-02  0.0000000000e+00  0.0000000000e+00  0.0000000000e+00  0.0000000000e+00
                5  8.9183067516e-02  1.0000000000e-02  0.0000000000e+00  1.0000000000e-02  0.0000000000e+00
                6  7.5229383769e-02  2.0000000000e-02  0.0000000000e+00  2.0000000000e-02  0.0000000000e+00
                7  5.9031704715e-02  0.0000000000e+00  0.0000000000e+00  0.0000000000e+00  0.0000000000e+00
                8  5.4438089023e-02  1.0000000000e-02  0.0000000000e+00  1.0000000000e-02  0.0000000000e+00
                9  5.1028689002e-02  2.0000000000e-02  0.0000000000e+00  1.0000000000e-02  0.0000000000e+00
               10  4.8141958554e-02  0.0000000000e+00  0.0000000000e+00  0.0000000000e+00  0.0000000000e+00
               11  4.3034794675e-02  1.0000000000e-02  0.0000000000e+00  1.0000000000e-02  0.0000000000e+00
               12  3.0551170257e-02  1.0000000000e-02  0.0000000000e+00  1.0000000000e-02  0.0000000000e+00
               13  2.9081756049e-02  1.0000000000e-02  0.0000000000e+00  0.0000000000e+00  0.0000000000e+00
               14  2.6867410072e-02  1.0000000000e-02  0.0000000000e+00  1.0000000000e-02  0.0000000000e+00
               15  2.5220551876e-02  0.0000000000e+00  0.0000000000e+00  0.0000000000e+00  0.0000000000e+00
               16  2.3086095788e-02  2.0000000000e-02  1.0000000000e-02  0.0000000000e+00  0.0000000000e+00
               17  2.1983562654e-02  0.0000000000e+00  0.0000000000e+00  0.0000000000e+00  0.0000000000e+00
               18  1.9399209672e-02  1.0000000000e-02  0.0000000000e+00  0.0000000000e+00  0.0000000000e+00
               19  1.7292368051e-02  1.0000000000e-02  0.0000000000e+00  0.0000000000e+00  0.0000000000e+00
               20  1.7045188215e-02  1.0000000000e-02  0.0000000000e+00  0.0000000000e+00  0.0000000000e+00
               21  1.2467199243e-02  1.0000000000e-02  0.0000000000e+00  1.0000000000e-02  0.0000000000e+00
               22  1.1936409361e-02  1.0000000000e-02  0.0000000000e+00  0.0000000000e+00  0.0000000000e+00
               23  9.2537728420e-03  1.0000000000e-02  0.0000000000e+00  1.0000000000e-02  0.0000000000e+00
               24  7.3242849778e-03  0.0000000000e+00  0.0000000000e+00  0.0000000000e+00  0.0000000000e+00
               25  6.0012716021e-03  2.0000000000e-02  0.0000000000e+00  1.0000000000e-02  0.0000000000e+00
               26  5.3417541561e-03  0.0000000000e+00  0.0000000000e+00  0.0000000000e+00  0.0000000000e+00
               27  4.5915902871e-03  0.0000000000e+00  0.0000000000e+00  0.0000000000e+00  0.0000000000e+00
               28  4.3729513749e-03  1.0000000000e-02  0.0000000000e+00  1.0000000000e-02  0.0000000000e+00
               29  3.6480682539e-03  1.0000000000e-02  0.0000000000e+00  1.0000000000e-02  0.0000000000e+00
               30  3.5795414720e-03  2.0000000000e-02  0.0000000000e+00  1.0000000000e-02  0.0000000000e+00
               31  3.4795390385e-03  0.0000000000e+00  0.0000000000e+00  0.0000000000e+00  0.0000000000e+00
               32  3.1403640941e-03  2.0000000000e-02  0.0000000000e+00  0.0000000000e+00  0.0000000000e+00
               33  2.6622871542e-03  0.0000000000e+00  0.0000000000e+00  0.0000000000e+00  0.0000000000e+00
               34  2.5774517349e-03  1.0000000000e-02  0.0000000000e+00  1.0000000000e-02  0.0000000000e+00
               35  2.3556345051e-03  1.0000000000e-02  0.0000000000e+00  0.0000000000e+00  0.0000000000e+00
               36  1.9126390414e-03  1.0000000000e-02  0.0000000000e+00  0.0000000000e+00  0.0000000000e+00
               37  1.6985709685e-03  0.0000000000e+00  0.0000000000e+00  0.0000000000e+00  0.0000000000e+00
               38  1.3751518592e-03  1.0000000000e-02  0.0000000000e+00  0.0000000000e+00  1.0000000000e-02
               39  1.2925142934e-03  2.0000000000e-02  0.0000000000e+00  1.0000000000e-02  0.0000000000e+00
               40  1.1888309118e-03  1.0000000000e-02  0.0000000000e+00  0.0000000000e+00  0.0000000000e+00
               41  8.8525994018e-04  0.0000000000e+00  0.0000000000e+00  0.0000000000e+00  0.0000000000e+00
               42  7.3607539471e-04  2.0000000000e-02  0.0000000000e+00  1.0000000000e-02  0.0000000000e+00
               43  7.1562337042e-04  0.0000000000e+00  0.0000000000e+00  0.0000000000e+00  0.0000000000e+00
               44  6.0635949596e-04  1.0000000000e-02  0.0000000000e+00  1.0000000000e-02  0.0000000000e+00
               45  5.8117337966e-04  1.0000000000e-02  0.0000000000e+00  1.0000000000e-02  0.0000000000e+00
               46  5.5771857879e-04  1.0000000000e-02  0.0000000000e+00  1.0000000000e-02  0.0000000000e+00
               47  3.7044629774e-04  1.0000000000e-02  0.0000000000e+00  1.0000000000e-02  0.0000000000e+00
               48  3.6183272022e-04  1.0000000000e-02  0.0000000000e+00  0.0000000000e+00  0.0000000000e+00
               49  3.2561342260e-04  1.0000000000e-02  0.0000000000e+00  1.0000000000e-02  0.0000000000e+00
               50  3.2218463425e-04  1.0000000000e-02  0.0000000000e+00  1.0000000000e-02  0.0000000000e+00
               51  2.9002477365e-04  1.0000000000e-02  0.0000000000e+00  1.0000000000e-02  0.0000000000e+00
               52  2.8302472930e-04  1.0000000000e-02  0.0000000000e+00  1.0000000000e-02  0.0000000000e+00
               53  2.3703650210e-04  2.0000000000e-02  0.0000000000e+00  0.0000000000e+00  0.0000000000e+00
               54  2.1034956166e-04  0.0000000000e+00  0.0000000000e+00  0.0000000000e+00  0.0000000000e+00
               55  1.9062024229e-04  1.0000000000e-02  0.0000000000e+00  1.0000000000e-02  0.0000000000e+00
               56  1.8198570728e-04  0.0000000000e+00  0.0000000000e+00  0.0000000000e+00  0.0000000000e+00
               57  1.4963198214e-04  2.0000000000e-02  0.0000000000e+00  0.0000000000e+00  2.0000000000e-02
               58  1.4121123292e-04  1.0000000000e-02  0.0000000000e+00  1.0000000000e-02  0.0000000000e+00
               59  1.3488978739e-04  0.0000000000e+00  0.0000000000e+00  0.0000000000e+00  0.0000000000e+00
               60  1.2674436512e-04  2.0000000000e-02  0.0000000000e+00  1.0000000000e-02  0.0000000000e+00
               61  1.1762645096e-04  1.0000000000e-02  0.0000000000e+00  1.0000000000e-02  0.0000000000e+00
               62  1.0649986637e-04  1.0000000000e-02  0.0000000000e+00  1.0000000000e-02  0.0000000000e+00
               63  1.0036808209e-04  1.0000000000e-02  0.0000000000e+00  1.0000000000e-02  0.0000000000e+00
               64  9.0720852346e-05  1.0000000000e-02  0.0000000000e+00  1.0000000000e-02  0.0000000000e+00
               65  8.4233229812e-05  0.0000000000e+00  0.0000000000e+00  0.0000000000e+00  0.0000000000e+00
               66  7.7876562304e-05  1.0000000000e-02  0.0000000000e+00  0.0000000000e+00  0.0000000000e+00
               67  7.6601961900e-05  1.0000000000e-02  0.0000000000e+00  1.0000000000e-02  0.0000000000e+00
               68  6.9736013502e-05  1.0000000000e-02  0.0000000000e+00  1.0000000000e-02  0.0000000000e+00
               69  6.4749929353e-05  0.0000000000e+00  0.0000000000e+00  0.0000000000e+00  0.0000000000e+00
               70  6.2267765211e-05  1.0000000000e-02  0.0000000000e+00  0.0000000000e+00  1.0000000000e-02
               71  5.6720450476e-05  2.0000000000e-02  0.0000000000e+00  1.0000000000e-02  0.0000000000e+00
               72  4.4143556796e-05  1.0000000000e-02  0.0000000000e+00  1.0000000000e-02  0.0000000000e+00
               73  4.2615864903e-05  0.0000000000e+00  0.0000000000e+00  0.0000000000e+00  0.0000000000e+00
               74  3.7384021350e-05  2.0000000000e-02  0.0000000000e+00  1.0000000000e-02  0.0000000000e+00
               75  3.7262296262e-05  1.0000000000e-02  0.0000000000e+00  1.0000000000e-02  0.0000000000e+00
               76  3.4648888747e-05  0.0000000000e+00  0.0000000000e+00  0.0000000000e+00  0.0000000000e+00
               77  2.8468776130e-05  1.0000000000e-02  0.0000000000e+00  1.0000000000e-02  0.0000000000e+00
               78  2.8437066691e-05  2.0000000000e-02  0.0000000000e+00  1.0000000000e-02  0.0000000000e+00
               79  2.4543183808e-05  0.0000000000e+00  0.0000000000e+00  0.0000000000e+00  0.0000000000e+00
               80  2.1186180172e-05  1.0000000000e-02  0.0000000000e+00  1.0000000000e-02  0.0000000000e+00
               81  1.8847030147e-05  1.0000000000e-02  0.0000000000e+00  1.0000000000e-02  0.0000000000e+00
               82  1.6468412197e-05  1.0000000000e-02  0.0000000000e+00  1.0000000000e-02  0.0000000000e+00
               83  1.5973973223e-05  2.0000000000e-02  0.0000000000e+00  1.0000000000e-02  1.0000000000e-02
               84  1.4112046262e-05  1.0000000000e-02  0.0000000000e+00  1.0000000000e-02  0.0000000000e+00
               85  1.4015316267e-05  1.0000000000e-02  0.0000000000e+00  1.0000000000e-02  0.0000000000e+00
               86  1.3501098025e-05  0.0000000000e+00  0.0000000000e+00  0.0000000000e+00  0.0000000000e+00
               87  1.1967137575e-05  2.0000000000e-02  0.0000000000e+00  1.0000000000e-02  0.0000000000e+00
               88  1.0966348698e-05  0.0000000000e+00  0.0000000000e+00  0.0000000000e+00  0.0000000000e+00
               89  9.4477305362e-06  1.0000000000e-02  0.0000000000e+00  0.0000000000e+00  0.0000000000e+00
 # Calculating factorization for momentum: 4
 # Generating orbital products
 # Time to generate orbital products: 2.44665146e-01
        iteration      max_residual        total_time         time_k3k4   time_comp_cholv         time_buff
                0  2.2290200689e-01  1.0000000000e-02  0.0000000000e+00  0.0000000000e+00  0.0000000000e+00
                1  1.3073332340e-01  1.0000000000e-02  0.0000000000e+00  0.0000000000e+00  0.0000000000e+00
                2  1.0482669474e-01  0.0000000000e+00  0.0000000000e+00  0.0000000000e+00  0.0000000000e+00
                3  8.7945642140e-02  1.0000000000e-02  0.0000000000e+00  1.0000000000e-02  0.0000000000e+00
                4  8.7030191339e-02  1.0000000000e-02  0.0000000000e+00  0.0000000000e+00  0.0000000000e+00
                5  7.5861103930e-02  1.0000000000e-02  0.0000000000e+00  1.0000000000e-02  0.0000000000e+00
                6  6.6903357697e-02  1.0000000000e-02  0.0000000000e+00  0.0000000000e+00  0.0000000000e+00
                7  6.3381080308e-02  1.0000000000e-02  0.0000000000e+00  1.0000000000e-02  0.0000000000e+00
                8  5.8062048201e-02  1.0000000000e-02  0.0000000000e+00  1.0000000000e-02  0.0000000000e+00
                9  5.4794784266e-02  1.0000000000e-02  0.0000000000e+00  0.0000000000e+00  0.0000000000e+00
               10  5.4232209951e-02  1.0000000000e-02  0.0000000000e+00  0.0000000000e+00  0.0000000000e+00
               11  3.3543447678e-02  0.0000000000e+00  0.0000000000e+00  0.0000000000e+00  0.0000000000e+00
               12  3.1650504878e-02  1.0000000000e-02  0.0000000000e+00  0.0000000000e+00  0.0000000000e+00
               13  3.0451977146e-02  1.0000000000e-02  0.0000000000e+00  1.0000000000e-02  0.0000000000e+00
               14  2.9474315261e-02  1.0000000000e-02  0.0000000000e+00  0.0000000000e+00  0.0000000000e+00
               15  2.4775844184e-02  1.0000000000e-02  0.0000000000e+00  1.0000000000e-02  0.0000000000e+00
               16  2.2061857711e-02  1.0000000000e-02  0.0000000000e+00  0.0000000000e+00  0.0000000000e+00
               17  2.0764165738e-02  1.0000000000e-02  0.0000000000e+00  1.0000000000e-02  0.0000000000e+00
               18  1.9181781992e-02  0.0000000000e+00  0.0000000000e+00  0.0000000000e+00  0.0000000000e+00
               19  1.7466197933e-02  2.0000000000e-02  0.0000000000e+00  1.0000000000e-02  0.0000000000e+00
               20  1.2663129403e-02  0.0000000000e+00  0.0000000000e+00  0.0000000000e+00  0.0000000000e+00
               21  1.2565091349e-02  1.0000000000e-02  0.0000000000e+00  1.0000000000e-02  0.0000000000e+00
               22  1.2201342877e-02  2.0000000000e-02  0.0000000000e+00  2.0000000000e-02  0.0000000000e+00
               23  1.0717882703e-02  0.0000000000e+00  0.0000000000e+00  0.0000000000e+00  0.0000000000e+00
               24  9.9859478838e-03  1.0000000000e-02  0.0000000000e+00  0.0000000000e+00  1.0000000000e-02
               25  7.2587239130e-03  1.0000000000e-02  0.0000000000e+00  0.0000000000e+00  0.0000000000e+00
               26  7.0362407922e-03  1.0000000000e-02  0.0000000000e+00  1.0000000000e-02  0.0000000000e+00
               27  6.5148962755e-03  1.0000000000e-02  0.0000000000e+00  0.0000000000e+00  0.0000000000e+00
               28  4.8624750174e-03  0.0000000000e+00  0.0000000000e+00  0.0000000000e+00  0.0000000000e+00
               29  4.4903353262e-03  2.0000000000e-02  0.0000000000e+00  0.0000000000e+00  1.0000000000e-02
               30  4.0689510938e-03  0.0000000000e+00  0.0000000000e+00  0.0000000000e+00  0.0000000000e+00
               31  3.7497127980e-03  1.0000000000e-02  0.0000000000e+00  0.0000000000e+00  0.0000000000e+00
               32  3.5221739313e-03  1.0000000000e-02  0.0000000000e+00  1.0000000000e-02  0.0000000000e+00
               33  2.8407678300e-03  1.0000000000e-02  0.0000000000e+00  0.0000000000e+00  0.0000000000e+00
               34  2.1478960034e-03  1.0000000000e-02  0.0000000000e+00  1.0000000000e-02  0.0000000000e+00
               35  2.1049650808e-03  0.0000000000e+00  0.0000000000e+00  0.0000000000e+00  0.0000000000e+00
               36  1.9076847107e-03  2.0000000000e-02  0.0000000000e+00  1.0000000000e-02  0.0000000000e+00
               37  1.3940591083e-03  0.0000000000e+00  0.0000000000e+00  0.0000000000e+00  0.0000000000e+00
               38  1.0897723178e-03  1.0000000000e-02  0.0000000000e+00  1.0000000000e-02  0.0000000000e+00
               39  1.0580207246e-03  1.0000000000e-02  0.0000000000e+00  1.0000000000e-02  0.0000000000e+00
               40  8.8887624819e-04  1.0000000000e-02  0.0000000000e+00  0.0000000000e+00  0.0000000000e+00
               41  8.3200334316e-04  1.0000000000e-02  0.0000000000e+00  0.0000000000e+00  0.0000000000e+00
               42  8.0761211537e-04  1.0000000000e-02  0.0000000000e+00  0.0000000000e+00  0.0000000000e+00
               43  7.6390040658e-04  0.0000000000e+00  0.0000000000e+00  0.0000000000e+00  0.0000000000e+00
               44  5.8342503045e-04  2.0000000000e-02  0.0000000000e+00  0.0000000000e+00  0.0000000000e+00
               45  5.7563146396e-04  0.0000000000e+00  0.0000000000e+00  0.0000000000e+00  0.0000000000e+00
               46  5.5404827627e-04  1.0000000000e-02  0.0000000000e+00  1.0000000000e-02  0.0000000000e+00
               47  5.3566560068e-04  1.0000000000e-02  0.0000000000e+00  1.0000000000e-02  0.0000000000e+00
               48  3.8746973307e-04  1.0000000000e-02  0.0000000000e+00  1.0000000000e-02  0.0000000000e+00
               49  3.8328766729e-04  2.0000000000e-02  0.0000000000e+00  0.0000000000e+00  0.0000000000e+00
               50  3.4518479233e-04  0.0000000000e+00  0.0000000000e+00  0.0000000000e+00  0.0000000000e+00
               51  3.2838352371e-04  1.0000000000e-02  0.0000000000e+00  0.0000000000e+00  0.0000000000e+00
               52  3.2178078464e-04  1.0000000000e-02  0.0000000000e+00  0.0000000000e+00  0.0000000000e+00
               53  2.5687323646e-04  1.0000000000e-02  0.0000000000e+00  0.0000000000e+00  0.0000000000e+00
               54  2.5668526525e-04  0.0000000000e+00  0.0000000000e+00  0.0000000000e+00  0.0000000000e+00
               55  2.0963769659e-04  2.0000000000e-02  0.0000000000e+00  0.0000000000e+00  0.0000000000e+00
               56  2.0145881855e-04  0.0000000000e+00  0.0000000000e+00  0.0000000000e+00  0.0000000000e+00
               57  1.9991770128e-04  1.0000000000e-02  0.0000000000e+00  1.0000000000e-02  0.0000000000e+00
               58  1.7212318713e-04  1.0000000000e-02  0.0000000000e+00  1.0000000000e-02  0.0000000000e+00
               59  1.4972329477e-04  1.0000000000e-02  0.0000000000e+00  0.0000000000e+00  0.0000000000e+00
               60  1.3729592704e-04  1.0000000000e-02  0.0000000000e+00  0.0000000000e+00  0.0000000000e+00
               61  1.3569295288e-04  1.0000000000e-02  0.0000000000e+00  1.0000000000e-02  0.0000000000e+00
               62  1.3156681742e-04  1.0000000000e-02  1.0000000000e-02  0.0000000000e+00  0.0000000000e+00
               63  1.1397532676e-04  0.0000000000e+00  0.0000000000e+00  0.0000000000e+00  0.0000000000e+00
               64  8.9012242189e-05  2.0000000000e-02  0.0000000000e+00  1.0000000000e-02  0.0000000000e+00
               65  7.5233118498e-05  0.0000000000e+00  0.0000000000e+00  0.0000000000e+00  0.0000000000e+00
               66  6.9434567349e-05  1.0000000000e-02  0.0000000000e+00  1.0000000000e-02  0.0000000000e+00
               67  6.8600186209e-05  2.0000000000e-02  0.0000000000e+00  0.0000000000e+00  0.0000000000e+00
               68  6.0567077967e-05  0.0000000000e+00  0.0000000000e+00  0.0000000000e+00  0.0000000000e+00
               69  5.8872360454e-05  1.0000000000e-02  0.0000000000e+00  1.0000000000e-02  0.0000000000e+00
               70  5.7742782132e-05  1.0000000000e-02  0.0000000000e+00  1.0000000000e-02  0.0000000000e+00
               71  5.3163707216e-05  1.0000000000e-02  0.0000000000e+00  1.0000000000e-02  0.0000000000e+00
               72  4.8111177389e-05  1.0000000000e-02  0.0000000000e+00  1.0000000000e-02  0.0000000000e+00
               73  4.0516899699e-05  1.0000000000e-02  0.0000000000e+00  1.0000000000e-02  0.0000000000e+00
               74  3.5999327567e-05  0.0000000000e+00  0.0000000000e+00  0.0000000000e+00  0.0000000000e+00
               75  3.4465937044e-05  1.0000000000e-02  0.0000000000e+00  1.0000000000e-02  0.0000000000e+00
               76  2.7527934256e-05  2.0000000000e-02  0.0000000000e+00  1.0000000000e-02  0.0000000000e+00
               77  2.6159042724e-05  0.0000000000e+00  0.0000000000e+00  0.0000000000e+00  0.0000000000e+00
               78  2.5729756234e-05  1.0000000000e-02  0.0000000000e+00  1.0000000000e-02  0.0000000000e+00
               79  2.2575154690e-05  2.0000000000e-02  0.0000000000e+00  0.0000000000e+00  0.0000000000e+00
               80  2.1785015893e-05  0.0000000000e+00  0.0000000000e+00  0.0000000000e+00  0.0000000000e+00
               81  2.1356655611e-05  1.0000000000e-02  0.0000000000e+00  1.0000000000e-02  0.0000000000e+00
               82  1.8258009528e-05  1.0000000000e-02  0.0000000000e+00  1.0000000000e-02  0.0000000000e+00
               83  1.7529773491e-05  1.0000000000e-02  0.0000000000e+00  0.0000000000e+00  1.0000000000e-02
               84  1.5073278175e-05  1.0000000000e-02  0.0000000000e+00  1.0000000000e-02  0.0000000000e+00
               85  1.1610050820e-05  1.0000000000e-02  0.0000000000e+00  0.0000000000e+00  0.0000000000e+00
               86  1.0746897899e-05  1.0000000000e-02  0.0000000000e+00  1.0000000000e-02  0.0000000000e+00
               87  1.0285773252e-05  0.0000000000e+00  0.0000000000e+00  0.0000000000e+00  0.0000000000e+00
               88  1.0074869003e-05  1.0000000000e-02  0.0000000000e+00  1.0000000000e-02  0.0000000000e+00
               89  9.4183276174e-06  1.0000000000e-02  0.0000000000e+00  1.0000000000e-02  0.0000000000e+00
 # Calculating factorization for momentum: 5
 # Generating orbital products
 # Time to generate orbital products: 2.45726585e-01
        iteration      max_residual        total_time         time_k3k4   time_comp_cholv         time_buff
                0  2.4501004250e-01  1.0000000000e-02  0.0000000000e+00  0.0000000000e+00  0.0000000000e+00
                1  1.0918656671e-01  1.0000000000e-02  1.0000000000e-02  0.0000000000e+00  0.0000000000e+00
                2  1.0894399574e-01  0.0000000000e+00  0.0000000000e+00  0.0000000000e+00  0.0000000000e+00
                3  9.2116869922e-02  2.0000000000e-02  0.0000000000e+00  1.0000000000e-02  0.0000000000e+00
                4  8.9183093262e-02  0.0000000000e+00  0.0000000000e+00  0.0000000000e+00  0.0000000000e+00
                5  7.0307484660e-02  1.0000000000e-02  0.0000000000e+00  1.0000000000e-02  0.0000000000e+00
                6  6.6785582043e-02  2.0000000000e-02  0.0000000000e+00  0.0000000000e+00  0.0000000000e+00
                7  6.2076827322e-02  0.0000000000e+00  0.0000000000e+00  0.0000000000e+00  0.0000000000e+00
                8  5.2135186684e-02  1.0000000000e-02  0.0000000000e+00  0.0000000000e+00  0.0000000000e+00
                9  5.1402192717e-02  1.0000000000e-02  0.0000000000e+00  0.0000000000e+00  0.0000000000e+00
               10  4.9126981536e-02  1.0000000000e-02  0.0000000000e+00  1.0000000000e-02  0.0000000000e+00
               11  3.4539086479e-02  1.0000000000e-02  0.0000000000e+00  1.0000000000e-02  0.0000000000e+00
               12  3.3734854204e-02  0.0000000000e+00  0.0000000000e+00  0.0000000000e+00  0.0000000000e+00
               13  3.1610094572e-02  2.0000000000e-02  0.0000000000e+00  0.0000000000e+00  0.0000000000e+00
               14  2.5198551285e-02  0.0000000000e+00  0.0000000000e+00  0.0000000000e+00  0.0000000000e+00
               15  2.4114397305e-02  1.0000000000e-02  0.0000000000e+00  1.0000000000e-02  0.0000000000e+00
               16  2.2038209145e-02  1.0000000000e-02  0.0000000000e+00  1.0000000000e-02  0.0000000000e+00
               17  1.9639084197e-02  1.0000000000e-02  0.0000000000e+00  1.0000000000e-02  0.0000000000e+00
               18  1.8375177260e-02  1.0000000000e-02  0.0000000000e+00  1.0000000000e-02  0.0000000000e+00
               19  1.8138574971e-02  1.0000000000e-02  0.0000000000e+00  0.0000000000e+00  0.0000000000e+00
               20  1.7980821198e-02  1.0000000000e-02  0.0000000000e+00  1.0000000000e-02  0.0000000000e+00
               21  1.2238713817e-02  1.0000000000e-02  0.0000000000e+00  0.0000000000e+00  0.0000000000e+00
               22  1.1430858355e-02  1.0000000000e-02  0.0000000000e+00  1.0000000000e-02  0.0000000000e+00
               23  8.9083744875e-03  1.0000000000e-02  0.0000000000e+00  1.0000000000e-02  0.0000000000e+00
               24  8.7626063947e-03  1.0000000000e-02  1.0000000000e-02  0.0000000000e+00  0.0000000000e+00
               25  5.9728322530e-03  0.0000000000e+00  0.0000000000e+00  0.0000000000e+00  0.0000000000e+00
               26  5.2750645661e-03  2.0000000000e-02  0.0000000000e+00  1.0000000000e-02  0.0000000000e+00
               27  4.9211046175e-03  1.0000000000e-02  0.0000000000e+00  1.0000000000e-02  0.0000000000e+00
               28  3.9660613894e-03  1.0000000000e-02  0.0000000000e+00  1.0000000000e-02  0.0000000000e+00
               29  3.7340671837e-03  1.0000000000e-02  0.0000000000e+00  0.0000000000e+00  0.0000000000e+00
               30  3.6029633642e-03  1.0000000000e-02  0.0000000000e+00  1.0000000000e-02  0.0000000000e+00
               31  3.1732229424e-03  1.0000000000e-02  0.0000000000e+00  1.0000000000e-02  0.0000000000e+00
               32  3.0692282038e-03  2.0000000000e-02  0.0000000000e+00  1.0000000000e-02  1.0000000000e-02
               33  2.7273256558e-03  0.0000000000e+00  0.0000000000e+00  0.0000000000e+00  0.0000000000e+00
               34  2.3814406529e-03  1.0000000000e-02  0.0000000000e+00  1.0000000000e-02  0.0000000000e+00
               35  2.0999899649e-03  1.0000000000e-02  0.0000000000e+00  0.0000000000e+00  0.0000000000e+00
               36  1.8203119648e-03  1.0000000000e-02  0.0000000000e+00  1.0000000000e-02  0.0000000000e+00
               37  1.4809682916e-03  1.0000000000e-02  0.0000000000e+00  1.0000000000e-02  0.0000000000e+00
               38  1.4635555772e-03  1.0000000000e-02  0.0000000000e+00  1.0000000000e-02  0.0000000000e+00
               39  1.1322950357e-03  1.0000000000e-02  0.0000000000e+00  0.0000000000e+00  1.0000000000e-02
               40  1.0319246808e-03  2.0000000000e-02  0.0000000000e+00  1.0000000000e-02  0.0000000000e+00
               41  1.0317150988e-03  0.0000000000e+00  0.0000000000e+00  0.0000000000e+00  0.0000000000e+00
               42  6.4489559348e-04  1.0000000000e-02  0.0000000000e+00  1.0000000000e-02  0.0000000000e+00
               43  6.1755076891e-04  2.0000000000e-02  0.0000000000e+00  1.0000000000e-02  0.0000000000e+00
               44  5.7860276677e-04  0.0000000000e+00  0.0000000000e+00  0.0000000000e+00  0.0000000000e+00
               45  4.7361802423e-04  1.0000000000e-02  1.0000000000e-02  0.0000000000e+00  0.0000000000e+00
               46  4.1857131417e-04  2.0000000000e-02  0.0000000000e+00  1.0000000000e-02  0.0000000000e+00
               47  4.0103431015e-04  0.0000000000e+00  0.0000000000e+00  0.0000000000e+00  0.0000000000e+00
               48  3.4282995643e-04  1.0000000000e-02  0.0000000000e+00  1.0000000000e-02  0.0000000000e+00
               49  3.0433058349e-04  1.0000000000e-02  0.0000000000e+00  1.0000000000e-02  0.0000000000e+00
               50  2.7699078446e-04  1.0000000000e-02  0.0000000000e+00  1.0000000000e-02  0.0000000000e+00
               51  2.5769743607e-04  1.0000000000e-02  0.0000000000e+00  1.0000000000e-02  0.0000000000e+00
               52  2.4646298874e-04  1.0000000000e-02  0.0000000000e+00  0.0000000000e+00  0.0000000000e+00
               53  2.4510216518e-04  0.0000000000e+00  0.0000000000e+00  0.0000000000e+00  0.0000000000e+00
               54  2.3835267552e-04  1.0000000000e-02  0.0000000000e+00  1.0000000000e-02  0.0000000000e+00
               55  2.2907691459e-04  1.0000000000e-02  0.0000000000e+00  1.0000000000e-02  0.0000000000e+00
               56  2.0456875419e-04  2.0000000000e-02  0.0000000000e+00  1.0000000000e-02  0.0000000000e+00
               57  1.9734841860e-04  1.0000000000e-02  0.0000000000e+00  0.0000000000e+00  0.0000000000e+00
               58  1.8691245970e-04  1.0000000000e-02  0.0000000000e+00  0.0000000000e+00  0.0000000000e+00
               59  1.7084987622e-04  1.0000000000e-02  0.0000000000e+00  1.0000000000e-02  0.0000000000e+00
               60  1.4210265805e-04  1.0000000000e-02  0.0000000000e+00  1.0000000000e-02  0.0000000000e+00
               61  1.3749137426e-04  1.0000000000e-02  0.0000000000e+00  0.0000000000e+00  0.0000000000e+00
               62  1.3403435265e-04  1.0000000000e-02  0.0000000000e+00  0.0000000000e+00  0.0000000000e+00
               63  1.3307037129e-04  1.0000000000e-02  0.0000000000e+00  1.0000000000e-02  0.0000000000e+00
               64  1.1919501026e-04  0.0000000000e+00  0.0000000000e+00  0.0000000000e+00  0.0000000000e+00
               65  1.1066052209e-04  1.0000000000e-02  0.0000000000e+00  1.0000000000e-02  0.0000000000e+00
               66  8.8441682390e-05  2.0000000000e-02  0.0000000000e+00  1.0000000000e-02  0.0000000000e+00
               67  8.4468873279e-05  1.0000000000e-02  0.0000000000e+00  1.0000000000e-02  0.0000000000e+00
               68  7.4980046409e-05  1.0000000000e-02  0.0000000000e+00  1.0000000000e-02  0.0000000000e+00
               69  6.8744652002e-05  1.0000000000e-02  0.0000000000e+00  1.0000000000e-02  0.0000000000e+00
               70  6.5478963534e-05  0.0000000000e+00  0.0000000000e+00  0.0000000000e+00  0.0000000000e+00
               71  6.3062561955e-05  2.0000000000e-02  0.0000000000e+00  1.0000000000e-02  0.0000000000e+00
               72  6.0144615303e-05  1.0000000000e-02  0.0000000000e+00  1.0000000000e-02  0.0000000000e+00
               73  5.7961046721e-05  0.0000000000e+00  0.0000000000e+00  0.0000000000e+00  0.0000000000e+00
               74  5.4094981039e-05  1.0000000000e-02  0.0000000000e+00  1.0000000000e-02  0.0000000000e+00
               75  4.8396253844e-05  1.0000000000e-02  0.0000000000e+00  1.0000000000e-02  0.0000000000e+00
               76  3.1487995660e-05  2.0000000000e-02  0.0000000000e+00  0.0000000000e+00  0.0000000000e+00
               77  2.8579811423e-05  0.0000000000e+00  0.0000000000e+00  0.0000000000e+00  0.0000000000e+00
               78  2.8366511591e-05  1.0000000000e-02  0.0000000000e+00  1.0000000000e-02  0.0000000000e+00
               79  2.1606182758e-05  1.0000000000e-02  0.0000000000e+00  1.0000000000e-02  0.0000000000e+00
               80  2.0887211684e-05  1.0000000000e-02  0.0000000000e+00  1.0000000000e-02  0.0000000000e+00
               81  2.0462542866e-05  1.0000000000e-02  0.0000000000e+00  1.0000000000e-02  0.0000000000e+00
               82  1.8556663906e-05  1.0000000000e-02  0.0000000000e+00  0.0000000000e+00  0.0000000000e+00
               83  1.7245888939e-05  1.0000000000e-02  0.0000000000e+00  1.0000000000e-02  0.0000000000e+00
               84  1.6585433806e-05  1.0000000000e-02  0.0000000000e+00  1.0000000000e-02  0.0000000000e+00
               85  1.4309502755e-05  1.0000000000e-02  0.0000000000e+00  1.0000000000e-02  0.0000000000e+00
               86  1.2344053781e-05  1.0000000000e-02  0.0000000000e+00  1.0000000000e-02  0.0000000000e+00
               87  1.1890117961e-05  1.0000000000e-02  0.0000000000e+00  0.0000000000e+00  0.0000000000e+00
               88  1.1147423127e-05  1.0000000000e-02  0.0000000000e+00  1.0000000000e-02  0.0000000000e+00
               89  1.0301096406e-05  1.0000000000e-02  0.0000000000e+00  1.0000000000e-02  0.0000000000e+00
               90  9.1260973197e-06  1.0000000000e-02  0.0000000000e+00  1.0000000000e-02  0.0000000000e+00
 # Calculating factorization for momentum: 6
 # Generating orbital products
 # Time to generate orbital products: 2.49463797e-01
        iteration      max_residual        total_time         time_k3k4   time_comp_cholv         time_buff
                0  2.4500266721e-01  1.0000000000e-02  0.0000000000e+00  0.0000000000e+00  0.0000000000e+00
                1  1.0920538487e-01  1.0000000000e-02  0.0000000000e+00  0.0000000000e+00  0.0000000000e+00
                2  1.0894399742e-01  1.0000000000e-02  0.0000000000e+00  0.0000000000e+00  0.0000000000e+00
                3  9.3140787056e-02  1.0000000000e-02  0.0000000000e+00  0.0000000000e+00  0.0000000000e+00
                4  8.9183138850e-02  1.0000000000e-02  0.0000000000e+00  0.0000000000e+00  0.0000000000e+00
                5  6.9083415686e-02  1.0000000000e-02  0.0000000000e+00  1.0000000000e-02  0.0000000000e+00
                6  6.6869122377e-02  0.0000000000e+00  0.0000000000e+00  0.0000000000e+00  0.0000000000e+00
                7  6.2452081039e-02  2.0000000000e-02  0.0000000000e+00  0.0000000000e+00  0.0000000000e+00
                8  5.6623549193e-02  1.0000000000e-02  0.0000000000e+00  0.0000000000e+00  0.0000000000e+00
                9  5.1908158977e-02  0.0000000000e+00  0.0000000000e+00  0.0000000000e+00  0.0000000000e+00
               10  4.9245179596e-02  2.0000000000e-02  0.0000000000e+00  0.0000000000e+00  0.0000000000e+00
               11  3.9418472373e-02  1.0000000000e-02  0.0000000000e+00  1.0000000000e-02  0.0000000000e+00
               12  3.0468871606e-02  1.0000000000e-02  0.0000000000e+00  1.0000000000e-02  0.0000000000e+00
               13  2.8814339680e-02  1.0000000000e-02  0.0000000000e+00  1.0000000000e-02  0.0000000000e+00
               14  2.5803272647e-02  0.0000000000e+00  0.0000000000e+00  0.0000000000e+00  0.0000000000e+00
               15  2.4591410879e-02  2.0000000000e-02  0.0000000000e+00  1.0000000000e-02  0.0000000000e+00
               16  2.4493899146e-02  1.0000000000e-02  0.0000000000e+00  1.0000000000e-02  0.0000000000e+00
               17  2.0989657366e-02  1.0000000000e-02  0.0000000000e+00  1.0000000000e-02  0.0000000000e+00
               18  1.9082741040e-02  0.0000000000e+00  0.0000000000e+00  0.0000000000e+00  0.0000000000e+00
               19  1.7383658696e-02  2.0000000000e-02  0.0000000000e+00  1.0000000000e-02  0.0000000000e+00
               20  1.7216810046e-02  0.0000000000e+00  0.0000000000e+00  0.0000000000e+00  0.0000000000e+00
               21  1.6133446271e-02  1.0000000000e-02  0.0000000000e+00  1.0000000000e-02  0.0000000000e+00
               22  1.2534854588e-02  1.0000000000e-02  0.0000000000e+00  0.0000000000e+00  0.0000000000e+00
               23  1.0733892812e-02  1.0000000000e-02  0.0000000000e+00  0.0000000000e+00  0.0000000000e+00
               24  5.9597936051e-03  1.0000000000e-02  0.0000000000e+00  1.0000000000e-02  0.0000000000e+00
               25  5.9514845690e-03  1.0000000000e-02  0.0000000000e+00  1.0000000000e-02  0.0000000000e+00
               26  5.2072309985e-03  1.0000000000e-02  0.0000000000e+00  1.0000000000e-02  0.0000000000e+00
               27  5.0701978068e-03  1.0000000000e-02  0.0000000000e+00  1.0000000000e-02  0.0000000000e+00
               28  4.4266485221e-03  2.0000000000e-02  0.0000000000e+00  1.0000000000e-02  0.0000000000e+00
               29  4.3649085696e-03  0.0000000000e+00  0.0000000000e+00  0.0000000000e+00  0.0000000000e+00
               30  3.8489779001e-03  2.0000000000e-02  0.0000000000e+00  1.0000000000e-02  0.0000000000e+00
               31  3.7339150509e-03  1.0000000000e-02  1.0000000000e-02  0.0000000000e+00  0.0000000000e+00
               32  2.8641527546e-03  0.0000000000e+00  0.0000000000e+00  0.0000000000e+00  0.0000000000e+00
               33  2.7939148184e-03  2.0000000000e-02  0.0000000000e+00  1.0000000000e-02  0.0000000000e+00
               34  2.5460768929e-03  0.0000000000e+00  0.0000000000e+00  0.0000000000e+00  0.0000000000e+00
               35  2.4859706407e-03  1.0000000000e-02  0.0000000000e+00  0.0000000000e+00  0.0000000000e+00
               36  2.1891906419e-03  2.0000000000e-02  0.0000000000e+00  2.0000000000e-02  0.0000000000e+00
               37  1.8666941567e-03  1.0000000000e-02  0.0000000000e+00  1.0000000000e-02  0.0000000000e+00
               38  1.8403303741e-03  1.0000000000e-02  0.0000000000e+00  1.0000000000e-02  0.0000000000e+00
               39  1.3321143317e-03  0.0000000000e+00  0.0000000000e+00  0.0000000000e+00  0.0000000000e+00
               40  8.9418973718e-04  1.0000000000e-02  0.0000000000e+00  1.0000000000e-02  0.0000000000e+00
               41  7.7036165569e-04  2.0000000000e-02  0.0000000000e+00  1.0000000000e-02  0.0000000000e+00
               42  7.2186163733e-04  1.0000000000e-02  0.0000000000e+00  1.0000000000e-02  0.0000000000e+00
               43  6.6201017157e-04  1.0000000000e-02  0.0000000000e+00  1.0000000000e-02  0.0000000000e+00
               44  5.6932644014e-04  1.0000000000e-02  0.0000000000e+00  1.0000000000e-02  0.0000000000e+00
               45  5.4182134867e-04  1.0000000000e-02  0.0000000000e+00  0.0000000000e+00  0.0000000000e+00
               46  4.6271044126e-04  1.0000000000e-02  0.0000000000e+00  1.0000000000e-02  0.0000000000e+00
               47  4.0078977776e-04  1.0000000000e-02  0.0000000000e+00  1.0000000000e-02  0.0000000000e+00
               48  3.9086198971e-04  1.0000000000e-02  0.0000000000e+00  0.0000000000e+00  0.0000000000e+00
               49  3.2975184186e-04  1.0000000000e-02  0.0000000000e+00  1.0000000000e-02  0.0000000000e+00
               50  2.6677048102e-04  1.0000000000e-02  0.0000000000e+00  1.0000000000e-02  0.0000000000e+00
               51  2.6078083167e-04  1.0000000000e-02  0.0000000000e+00  1.0000000000e-02  0.0000000000e+00
               52  2.3399197482e-04  1.0000000000e-02  0.0000000000e+00  1.0000000000e-02  0.0000000000e+00
               53  2.3191685446e-04  1.0000000000e-02  0.0000000000e+00  1.0000000000e-02  0.0000000000e+00
               54  2.2273412981e-04  1.0000000000e-02  0.0000000000e+00  1.0000000000e-02  0.0000000000e+00
               55  2.0700343624e-04  1.0000000000e-02  0.0000000000e+00  0.0000000000e+00  0.0000000000e+00
               56  1.8441291706e-04  1.0000000000e-02  0.0000000000e+00  1.0000000000e-02  0.0000000000e+00
               57  1.4965878139e-04  1.0000000000e-02  0.0000000000e+00  1.0000000000e-02  0.0000000000e+00
               58  1.4763925376e-04  1.0000000000e-02  0.0000000000e+00  1.0000000000e-02  0.0000000000e+00
               59  1.4315492870e-04  1.0000000000e-02  0.0000000000e+00  1.0000000000e-02  0.0000000000e+00
               60  1.2259870122e-04  1.0000000000e-02  0.0000000000e+00  1.0000000000e-02  0.0000000000e+00
               61  1.1878524879e-04  1.0000000000e-02  0.0000000000e+00  0.0000000000e+00  0.0000000000e+00
               62  1.1322742514e-04  1.0000000000e-02  0.0000000000e+00  0.0000000000e+00  0.0000000000e+00
               63  9.8150010623e-05  0.0000000000e+00  0.0000000000e+00  0.0000000000e+00  0.0000000000e+00
               64  8.8944107900e-05  2.0000000000e-02  0.0000000000e+00  1.0000000000e-02  0.0000000000e+00
               65  8.5162481405e-05  1.0000000000e-02  0.0000000000e+00  1.0000000000e-02  0.0000000000e+00
               66  7.9234509816e-05  1.0000000000e-02  0.0000000000e+00  1.0000000000e-02  0.0000000000e+00
               67  7.6192342984e-05  1.0000000000e-02  0.0000000000e+00  1.0000000000e-02  0.0000000000e+00
               68  5.2850166930e-05  1.0000000000e-02  0.0000000000e+00  0.0000000000e+00  0.0000000000e+00
               69  5.2231290318e-05  0.0000000000e+00  0.0000000000e+00  0.0000000000e+00  0.0000000000e+00
               70  5.1958608554e-05  1.0000000000e-02  0.0000000000e+00  1.0000000000e-02  0.0000000000e+00
               71  4.3911721319e-05  1.0000000000e-02  0.0000000000e+00  1.0000000000e-02  0.0000000000e+00
               72  3.7530314717e-05  2.0000000000e-02  0.0000000000e+00  1.0000000000e-02  0.0000000000e+00
               73  3.7175501109e-05  0.0000000000e+00  0.0000000000e+00  0.0000000000e+00  0.0000000000e+00
               74  3.4330227899e-05  1.0000000000e-02  0.0000000000e+00  1.0000000000e-02  0.0000000000e+00
               75  3.1690965248e-05  1.0000000000e-02  0.0000000000e+00  1.0000000000e-02  0.0000000000e+00
               76  3.0594325229e-05  2.0000000000e-02  0.0000000000e+00  0.0000000000e+00  1.0000000000e-02
               77  2.8100402790e-05  1.0000000000e-02  0.0000000000e+00  1.0000000000e-02  0.0000000000e+00
               78  2.5694567485e-05  0.0000000000e+00  0.0000000000e+00  0.0000000000e+00  0.0000000000e+00
               79  2.3157726015e-05  2.0000000000e-02  0.0000000000e+00  0.0000000000e+00  0.0000000000e+00
               80  2.1651938526e-05  1.0000000000e-02  0.0000000000e+00  1.0000000000e-02  0.0000000000e+00
               81  2.0379997841e-05  1.0000000000e-02  0.0000000000e+00  1.0000000000e-02  0.0000000000e+00
               82  1.8679613230e-05  0.0000000000e+00  0.0000000000e+00  0.0000000000e+00  0.0000000000e+00
               83  1.8392348653e-05  1.0000000000e-02  0.0000000000e+00  1.0000000000e-02  0.0000000000e+00
               84  1.8122100157e-05  2.0000000000e-02  0.0000000000e+00  1.0000000000e-02  0.0000000000e+00
               85  1.6039774952e-05  1.0000000000e-02  0.0000000000e+00  1.0000000000e-02  0.0000000000e+00
               86  1.3447998487e-05  0.0000000000e+00  0.0000000000e+00  0.0000000000e+00  0.0000000000e+00
               87  1.2681222083e-05  2.0000000000e-02  0.0000000000e+00  2.0000000000e-02  0.0000000000e+00
               88  1.2609613975e-05  1.0000000000e-02  0.0000000000e+00  1.0000000000e-02  0.0000000000e+00
               89  1.0962383388e-05  1.0000000000e-02  0.0000000000e+00  0.0000000000e+00  0.0000000000e+00
               90  1.0477582760e-05  1.0000000000e-02  0.0000000000e+00  1.0000000000e-02  0.0000000000e+00
               91  1.0113057520e-05  1.0000000000e-02  0.0000000000e+00  1.0000000000e-02  0.0000000000e+00
               92  7.8369296705e-06  1.0000000000e-02  0.0000000000e+00  1.0000000000e-02  0.0000000000e+00
 # Calculating factorization for momentum: 7
 # Generating orbital products
 # Time to generate orbital products: 2.45500326e-01
        iteration      max_residual        total_time         time_k3k4   time_comp_cholv         time_buff
                0  2.2290200689e-01  2.0000000000e-02  0.0000000000e+00  1.0000000000e-02  0.0000000000e+00
                1  1.4693474053e-01  1.0000000000e-02  1.0000000000e-02  0.0000000000e+00  0.0000000000e+00
                2  1.0254835635e-01  0.0000000000e+00  0.0000000000e+00  0.0000000000e+00  0.0000000000e+00
                3  8.9841300024e-02  1.0000000000e-02  0.0000000000e+00  0.0000000000e+00  0.0000000000e+00
                4  8.9827380684e-02  2.0000000000e-02  0.0000000000e+00  0.0000000000e+00  1.0000000000e-02
                5  7.9708672377e-02  0.0000000000e+00  0.0000000000e+00  0.0000000000e+00  0.0000000000e+00
                6  6.8121272265e-02  1.0000000000e-02  0.0000000000e+00  0.0000000000e+00  0.0000000000e+00
                7  6.7363379968e-02  1.0000000000e-02  0.0000000000e+00  1.0000000000e-02  0.0000000000e+00
                8  6.0451075026e-02  1.0000000000e-02  0.0000000000e+00  1.0000000000e-02  0.0000000000e+00
                9  5.7902451447e-02  1.0000000000e-02  0.0000000000e+00  0.0000000000e+00  0.0000000000e+00
               10  5.0790948045e-02  1.0000000000e-02  0.0000000000e+00  1.0000000000e-02  0.0000000000e+00
               11  3.3417197169e-02  1.0000000000e-02  0.0000000000e+00  0.0000000000e+00  0.0000000000e+00
               12  3.1073605143e-02  1.0000000000e-02  0.0000000000e+00  0.0000000000e+00  0.0000000000e+00
               13  2.8931540050e-02  1.0000000000e-02  0.0000000000e+00  0.0000000000e+00  0.0000000000e+00
               14  2.7406707949e-02  0.0000000000e+00  0.0000000000e+00  0.0000000000e+00  0.0000000000e+00
               15  2.2433011378e-02  1.0000000000e-02  0.0000000000e+00  0.0000000000e+00  0.0000000000e+00
               16  2.1068659950e-02  1.0000000000e-02  0.0000000000e+00  1.0000000000e-02  0.0000000000e+00
               17  2.0360525217e-02  1.0000000000e-02  0.0000000000e+00  1.0000000000e-02  0.0000000000e+00
               18  1.9223986435e-02  1.0000000000e-02  0.0000000000e+00  1.0000000000e-02  0.0000000000e+00
               19  1.3999487608e-02  1.0000000000e-02  0.0000000000e+00  0.0000000000e+00  0.0000000000e+00
               20  1.0334894180e-02  1.0000000000e-02  0.0000000000e+00  0.0000000000e+00  0.0000000000e+00
               21  1.0162900441e-02  1.0000000000e-02  0.0000000000e+00  1.0000000000e-02  0.0000000000e+00
               22  8.4422425261e-03  1.0000000000e-02  0.0000000000e+00  1.0000000000e-02  0.0000000000e+00
               23  7.8729300632e-03  0.0000000000e+00  0.0000000000e+00  0.0000000000e+00  0.0000000000e+00
               24  7.6669384340e-03  1.0000000000e-02  0.0000000000e+00  1.0000000000e-02  0.0000000000e+00
               25  7.2464635326e-03  2.0000000000e-02  0.0000000000e+00  1.0000000000e-02  0.0000000000e+00
               26  7.1784602586e-03  1.0000000000e-02  0.0000000000e+00  0.0000000000e+00  0.0000000000e+00
               27  6.3564082100e-03  0.0000000000e+00  0.0000000000e+00  0.0000000000e+00  0.0000000000e+00
               28  6.1137896466e-03  1.0000000000e-02  0.0000000000e+00  1.0000000000e-02  0.0000000000e+00
               29  5.2734235714e-03  2.0000000000e-02  0.0000000000e+00  1.0000000000e-02  0.0000000000e+00
               30  4.9200014098e-03  1.0000000000e-02  0.0000000000e+00  1.0000000000e-02  0.0000000000e+00
               31  3.8498917401e-03  1.0000000000e-02  0.0000000000e+00  1.0000000000e-02  0.0000000000e+00
               32  3.5734108544e-03  1.0000000000e-02  0.0000000000e+00  1.0000000000e-02  0.0000000000e+00
               33  3.3289450701e-03  1.0000000000e-02  0.0000000000e+00  0.0000000000e+00  0.0000000000e+00
               34  2.7426330637e-03  0.0000000000e+00  0.0000000000e+00  0.0000000000e+00  0.0000000000e+00
               35  1.8302355389e-03  1.0000000000e-02  0.0000000000e+00  1.0000000000e-02  0.0000000000e+00
               36  1.6539174783e-03  1.0000000000e-02  0.0000000000e+00  1.0000000000e-02  0.0000000000e+00
               37  1.3974856769e-03  2.0000000000e-02  0.0000000000e+00  0.0000000000e+00  1.0000000000e-02
               38  1.3363576246e-03  0.0000000000e+00  0.0000000000e+00  0.0000000000e+00  0.0000000000e+00
               39  9.8382445121e-04  1.0000000000e-02  0.0000000000e+00  1.0000000000e-02  0.0000000000e+00
               40  9.1543039433e-04  1.0000000000e-02  0.0000000000e+00  1.0000000000e-02  0.0000000000e+00
               41  8.3761428961e-04  2.0000000000e-02  0.0000000000e+00  1.0000000000e-02  0.0000000000e+00
               42  6.2267037124e-04  0.0000000000e+00  0.0000000000e+00  0.0000000000e+00  0.0000000000e+00
               43  5.6988405947e-04  1.0000000000e-02  0.0000000000e+00  1.0000000000e-02  0.0000000000e+00
               44  5.5432986456e-04  1.0000000000e-02  0.0000000000e+00  1.0000000000e-02  0.0000000000e+00
               45  4.8950229008e-04  1.0000000000e-02  0.0000000000e+00  1.0000000000e-02  0.0000000000e+00
               46  4.8940069479e-04  1.0000000000e-02  0.0000000000e+00  0.0000000000e+00  0.0000000000e+00
               47  4.5494141072e-04  0.0000000000e+00  0.0000000000e+00  0.0000000000e+00  0.0000000000e+00
               48  3.8820706424e-04  1.0000000000e-02  0.0000000000e+00  1.0000000000e-02  0.0000000000e+00
               49  3.6033182509e-04  1.0000000000e-02  0.0000000000e+00  0.0000000000e+00  0.0000000000e+00
               50  3.3294924756e-04  0.0000000000e+00  0.0000000000e+00  0.0000000000e+00  0.0000000000e+00
               51  3.1401765557e-04  2.0000000000e-02  0.0000000000e+00  1.0000000000e-02  1.0000000000e-02
               52  2.9065640805e-04  1.0000000000e-02  0.0000000000e+00  0.0000000000e+00  0.0000000000e+00
               53  2.5170004670e-04  0.0000000000e+00  0.0000000000e+00  0.0000000000e+00  0.0000000000e+00
               54  2.3180564483e-04  0.0000000000e+00  0.0000000000e+00  0.0000000000e+00  0.0000000000e+00
               55  2.3107980540e-04  1.0000000000e-02  0.0000000000e+00  1.0000000000e-02  0.0000000000e+00
               56  1.7593794713e-04  2.0000000000e-02  0.0000000000e+00  1.0000000000e-02  0.0000000000e+00
               57  1.6447465327e-04  1.0000000000e-02  0.0000000000e+00  1.0000000000e-02  0.0000000000e+00
               58  1.5883638762e-04  1.0000000000e-02  0.0000000000e+00  1.0000000000e-02  0.0000000000e+00
               59  1.4938528613e-04  1.0000000000e-02  0.0000000000e+00  1.0000000000e-02  0.0000000000e+00
               60  1.4507815044e-04  1.0000000000e-02  0.0000000000e+00  1.0000000000e-02  0.0000000000e+00
               61  1.3938012548e-04  1.0000000000e-02  1.0000000000e-02  0.0000000000e+00  0.0000000000e+00
               62  1.3052077947e-04  0.0000000000e+00  0.0000000000e+00  0.0000000000e+00  0.0000000000e+00
               63  1.1543903891e-04  2.0000000000e-02  0.0000000000e+00  1.0000000000e-02  0.0000000000e+00
               64  9.7462379671e-05  1.0000000000e-02  0.0000000000e+00  1.0000000000e-02  0.0000000000e+00
               65  7.9093741554e-05  1.0000000000e-02  0.0000000000e+00  1.0000000000e-02  0.0000000000e+00
               66  7.6787888890e-05  1.0000000000e-02  0.0000000000e+00  1.0000000000e-02  0.0000000000e+00
               67  7.4032321387e-05  1.0000000000e-02  0.0000000000e+00  1.0000000000e-02  0.0000000000e+00
               68  6.6943564241e-05  0.0000000000e+00  0.0000000000e+00  0.0000000000e+00  0.0000000000e+00
               69  6.4440722408e-05  2.0000000000e-02  0.0000000000e+00  1.0000000000e-02  0.0000000000e+00
               70  5.8035365792e-05  1.0000000000e-02  0.0000000000e+00  1.0000000000e-02  0.0000000000e+00
               71  5.6746563671e-05  1.0000000000e-02  0.0000000000e+00  1.0000000000e-02  0.0000000000e+00
               72  4.4593127235e-05  1.0000000000e-02  0.0000000000e+00  1.0000000000e-02  0.0000000000e+00
               73  4.2131464985e-05  1.0000000000e-02  0.0000000000e+00  0.0000000000e+00  0.0000000000e+00
               74  4.1818732756e-05  1.0000000000e-02  0.0000000000e+00  1.0000000000e-02  0.0000000000e+00
               75  4.0436212999e-05  1.0000000000e-02  0.0000000000e+00  1.0000000000e-02  0.0000000000e+00
               76  3.1262251043e-05  1.0000000000e-02  0.0000000000e+00  1.0000000000e-02  0.0000000000e+00
               77  3.0288096650e-05  0.0000000000e+00  0.0000000000e+00  0.0000000000e+00  0.0000000000e+00
               78  2.9585325062e-05  1.0000000000e-02  0.0000000000e+00  1.0000000000e-02  0.0000000000e+00
               79  2.5334130729e-05  2.0000000000e-02  0.0000000000e+00  1.0000000000e-02  0.0000000000e+00
               80  2.2783346881e-05  1.0000000000e-02  0.0000000000e+00  1.0000000000e-02  0.0000000000e+00
               81  2.2301922600e-05  1.0000000000e-02  0.0000000000e+00  1.0000000000e-02  0.0000000000e+00
               82  1.9361094676e-05  0.0000000000e+00  0.0000000000e+00  0.0000000000e+00  0.0000000000e+00
               83  1.8059420423e-05  1.0000000000e-02  0.0000000000e+00  0.0000000000e+00  1.0000000000e-02
               84  1.5674808043e-05  1.0000000000e-02  0.0000000000e+00  1.0000000000e-02  0.0000000000e+00
               85  1.4856191460e-05  2.0000000000e-02  0.0000000000e+00  1.0000000000e-02  0.0000000000e+00
               86  1.4390656671e-05  1.0000000000e-02  0.0000000000e+00  1.0000000000e-02  0.0000000000e+00
               87  1.3400700824e-05  1.0000000000e-02  0.0000000000e+00  1.0000000000e-02  0.0000000000e+00
               88  1.2921958433e-05  0.0000000000e+00  0.0000000000e+00  0.0000000000e+00  0.0000000000e+00
               89  1.1861069337e-05  1.0000000000e-02  0.0000000000e+00  1.0000000000e-02  0.0000000000e+00
               90  1.1591707154e-05  2.0000000000e-02  0.0000000000e+00  1.0000000000e-02  0.0000000000e+00
               91  1.1315587928e-05  1.0000000000e-02  0.0000000000e+00  1.0000000000e-02  0.0000000000e+00
               92  1.0063135666e-05  1.0000000000e-02  0.0000000000e+00  1.0000000000e-02  0.0000000000e+00
               93  9.1796382936e-06  0.0000000000e+00  0.0000000000e+00  0.0000000000e+00  0.0000000000e+00
 # Time to perform Cholesky: 1.86300000e+01 s.
 # Generating QMCPACK trial wavefunction.
 # Shape of supercell wavefunction (64,32)
 # RHF-like trial wavefunction.
 # Generating trial wavefunction for momentum: 0
 # Time to rediagonalise fock:   3.44552994e-02 s
 # Generating trial wavefunction for momentum: 1
 # Time to rediagonalise fock:   1.53064728e-04 s
 # Generating trial wavefunction for momentum: 2
 # Time to rediagonalise fock:   1.45435333e-04 s
 # Generating trial wavefunction for momentum: 3
 # Time to rediagonalise fock:   1.11103058e-04 s
 # Generating trial wavefunction for momentum: 4
 # Time to rediagonalise fock:   2.20298767e-04 s
 # Generating trial wavefunction for momentum: 5
 # Time to rediagonalise fock:   2.08616257e-04 s
 # Generating trial wavefunction for momentum: 6
 # Time to rediagonalise fock:   1.87397003e-04 s
 # Generating trial wavefunction for momentum: 7
 # Time to rediagonalise fock:   1.42097473e-04 s
 # Recomputed MO energies.
 # kpoint               e_mo
 #      0    -6.68888679e-01
 #      1    -4.13285337e-01
 #      2    -4.13285337e-01
 #      4    -4.13285337e-01
 #      7    -4.13285337e-01
 #      3    -2.62047142e-01
 #      5    -2.62047142e-01
 #      6    -2.62047142e-01
 #      3    -2.62047142e-01
 #      5    -2.62047142e-01
 #      6    -2.62047142e-01
 #      2    -2.48371143e-01
 #      1    -2.48371143e-01
 #      4    -2.48371143e-01
 #      7    -2.48371143e-01
 #      5     4.33744852e-02
 #      3     4.33744852e-02
 #      6     4.33744852e-02
 #      3     4.33744852e-02
 #      5     4.33744852e-02
 #      6     4.33744852e-02
 #      2     1.93864748e-01
 #      1     1.93864748e-01
 #      4     1.93864748e-01
 #      1     1.93864748e-01
 #      2     1.93864748e-01
 #      4     1.93864748e-01
 #      7     1.93864748e-01
 #      7     1.93864748e-01
 #      0     3.21224433e-01
 #      0     3.21224433e-01
 #      0     3.21224433e-01
