converged SCF energy = -108.606225806527
 # Transforming hcore and eri to ortho AO basis.
 # Performing modified Cholesky decomposition on ERI tensor.
 # Generating Cholesky decomposition of ERIs.
 # max number of cholesky vectors = 280
        iteration      max_residual              time
                0  4.1222527349e+00  1.2488126755e-02
                1  4.0952987566e+00  1.2400150299e-03
                2  6.0284434624e-01  1.1000633240e-03
                3  5.6420104042e-01  1.1789798737e-03
                4  2.1362550866e-01  9.7393989563e-04
                5  2.0685452640e-01  1.0700225830e-03
                6  1.5487209282e-01  1.0991096497e-03
                7  1.5487209282e-01  1.0960102081e-03
                8  1.5416490193e-01  1.1911392212e-03
                9  1.5416490193e-01  1.0931491852e-03
               10  1.4782887263e-01  1.1630058289e-03
               11  1.4392245562e-01  1.1060237885e-03
               12  1.1601111795e-01  1.9078254700e-03
               13  1.1574805721e-01  1.0359287262e-03
               14  1.1323108309e-01  1.0321140289e-03
               15  1.1307498750e-01  1.0190010071e-03
               16  1.0487730753e-01  9.2005729675e-04
               17  9.9420409061e-02  9.1981887817e-04
               18  5.8410691232e-02  1.0521411896e-03
               19  5.8369048908e-02  9.8609924316e-04
               20  5.8096556992e-02  1.0101795197e-03
               21  5.8096556992e-02  1.0018348694e-03
               22  5.7482173698e-02  1.0600090027e-03
               23  5.7482173698e-02  9.9492073059e-04
               24  5.3092037522e-02  9.6201896667e-04
               25  4.9739936971e-02  9.6988677979e-04
               26  4.8715241546e-02  9.4103813171e-04
               27  4.8460055275e-02  9.2697143555e-04
               28  4.3969986004e-02  9.5105171204e-04
               29  4.3896087486e-02  9.7179412842e-04
               30  4.2242948453e-02  1.3210773468e-03
               31  4.2242948453e-02  1.1110305786e-03
               32  4.2242664416e-02  1.1019706726e-03
               33  4.2242664416e-02  1.0991096497e-03
               34  4.2054785158e-02  1.1141300201e-03
               35  4.2052229944e-02  1.1081695557e-03
               36  4.1913743868e-02  9.6678733826e-04
               37  4.1905636822e-02  9.7107887268e-04
               38  4.1801998868e-02  9.6893310547e-04
               39  4.1790504815e-02  9.5486640930e-04
               40  3.6862989302e-02  9.3698501587e-04
               41  3.6862989302e-02  9.1004371643e-04
               42  3.2436809315e-02  9.1481208801e-04
               43  3.2436809315e-02  8.9192390442e-04
               44  2.6840018761e-02  9.7393989563e-04
               45  2.6835096889e-02  9.7584724426e-04
               46  2.6653588019e-02  1.0020732880e-03
               47  2.6642672127e-02  9.6797943115e-04
               48  2.4430674149e-02  9.8896026611e-04
               49  2.4430674149e-02  9.8586082458e-04
               50  2.4430673601e-02  9.8514556885e-04
               51  2.4430673601e-02  9.8109245300e-04
               52  2.3748106941e-02  9.7894668579e-04
               53  2.3748106941e-02  1.0058879852e-03
               54  2.3436065752e-02  9.7298622131e-04
               55  2.3436065752e-02  9.9492073059e-04
               56  2.1248332329e-02  9.8204612732e-04
               57  2.1247580733e-02  9.7584724426e-04
               58  1.9325878908e-02  9.8299980164e-04
               59  1.8677528088e-02  9.3078613281e-04
               60  1.7748523705e-02  9.6297264099e-04
               61  1.7748523705e-02  9.7489356995e-04
               62  1.7588295881e-02  9.0694427490e-04
               63  1.7055313926e-02  9.4890594482e-04
               64  1.7055313926e-02  9.7513198853e-04
               65  1.5544314523e-02  9.4199180603e-04
               66  1.4398280130e-02  9.7894668579e-04
               67  1.4322432653e-02  9.3507766724e-04
               68  1.4096378057e-02  9.8609924316e-04
               69  1.4059040762e-02  9.7393989563e-04
               70  1.2857690129e-02  9.6893310547e-04
               71  1.2664460623e-02  9.8299980164e-04
               72  1.2661286347e-02  9.8299980164e-04
               73  1.2624104153e-02  9.7012519836e-04
               74  1.2482212348e-02  9.7894668579e-04
               75  1.2482212348e-02  9.7203254700e-04
               76  1.2480937304e-02  9.9182128906e-04
               77  1.2480937304e-02  9.7608566284e-04
               78  1.0208597958e-02  9.4389915466e-04
               79  1.0208597958e-02  9.3197822571e-04
               80  9.1084198382e-03  1.0261535645e-03
               81  9.1084198382e-03  1.0409355164e-03
               82  8.9645053856e-03  9.8490715027e-04
               83  8.9645053856e-03  9.7393989563e-04
               84  8.9238661522e-03  9.6583366394e-04
               85  8.9238661522e-03  9.9205970764e-04
               86  8.8307550475e-03  1.0471343994e-03
               87  8.8304021975e-03  1.0411739349e-03
               88  8.6278731272e-03  1.0530948639e-03
               89  8.6278731272e-03  1.0368824005e-03
               90  7.8798468800e-03  1.2459754944e-03
               91  7.8756363725e-03  1.2590885162e-03
               92  6.3493015554e-03  9.3412399292e-04
               93  6.3493015554e-03  9.4079971313e-04
               94  4.2576519422e-03  9.2697143555e-04
               95  3.2564543556e-03  9.5009803772e-04
               96  3.2413812285e-03  9.5796585083e-04
               97  3.1603805308e-03  9.5415115356e-04
               98  3.1603805308e-03  9.5915794373e-04
               99  3.1582970963e-03  9.6297264099e-04
              100  3.1582970963e-03  9.5105171204e-04
              101  2.3974742185e-03  9.5891952515e-04
              102  2.3974742185e-03  9.4890594482e-04
              103  2.2299437506e-03  9.5486640930e-04
              104  2.2123986864e-03  9.7894668579e-04
              105  2.2123986864e-03  1.0049343109e-03
              106  2.1828057374e-03  9.9205970764e-04
              107  2.1828057374e-03  9.7393989563e-04
              108  1.8464694118e-03  9.4795227051e-04
              109  1.8464694118e-03  9.6392631531e-04
              110  1.8139159411e-03  9.8085403442e-04
              111  1.8118264764e-03  9.9015235901e-04
              112  1.7598718333e-03  9.5796585083e-04
              113  1.7385040127e-03  9.5796585083e-04
              114  1.6261191752e-03  9.5200538635e-04
              115  1.2919377726e-03  9.5796585083e-04
              116  1.1180331440e-03  9.5915794373e-04
              117  1.1180331440e-03  9.5891952515e-04
              118  1.0715934352e-03  9.6201896667e-04
              119  1.0715934352e-03  9.5701217651e-04
              120  1.0096804641e-03  9.6106529236e-04
              121  8.2145443116e-04  1.0261535645e-03
              122  8.2114164075e-04  1.0268688202e-03
              123  6.8760169148e-04  1.0309219360e-03
              124  6.6220817575e-04  1.0371208191e-03
              125  4.7781768983e-04  9.8800659180e-04
              126  3.8062007739e-04  9.9420547485e-04
              127  3.7060521413e-04  9.9992752075e-04
              128  3.7060521413e-04  9.9110603333e-04
              129  2.8625241646e-04  9.9182128906e-04
              130  2.8388382623e-04  9.9492073059e-04
              131  2.5247431226e-04  9.4604492188e-04
              132  1.9265563278e-04  9.6511840820e-04
              133  1.8258341523e-04  9.5915794373e-04
              134  8.4420486354e-05  9.5415115356e-04
              135  8.4420486354e-05  9.4413757324e-04
              136  8.3893571392e-05  9.4389915466e-04
              137  8.3893571392e-05  9.4199180603e-04
              138  8.1144319422e-05  9.2816352844e-04
              139  7.8362122368e-05  9.8800659180e-04
              140  7.8362122368e-05  1.0008811951e-03
              141  7.5331767718e-05  9.5105171204e-04
              142  7.0922388027e-05  9.5796585083e-04
              143  7.0922388027e-05  9.4604492188e-04
              144  6.9181813026e-05  9.4604492188e-04
              145  6.9181813026e-05  9.5009803772e-04
              146  5.8577387302e-05  9.7513198853e-04
              147  5.8465426846e-05  9.6988677979e-04
              148  4.4584409634e-05  9.5891952515e-04
              149  3.2503157128e-05  9.5605850220e-04
              150  3.2503157128e-05  9.6893310547e-04
              151  3.1090501570e-05  9.5582008362e-04
              152  3.1082931409e-05  9.5701217651e-04
              153  3.0339668872e-05  9.6797943115e-04
              154  3.0339668872e-05  9.4985961914e-04
              155  2.5587294602e-05  9.9205970764e-04
              156  2.5587294602e-05  1.0018348694e-03
              157  2.5087629782e-05  9.8013877869e-04
              158  2.2044191567e-05  9.6511840820e-04
              159  2.2044191567e-05  9.8299980164e-04
              160  2.0566762328e-05  9.7107887268e-04
              161  2.0371066859e-05  9.9182128906e-04
              162  2.0371066859e-05  1.0991096497e-03
              163  1.8257700380e-05  9.7584724426e-04
              164  1.2806405465e-05  9.7203254700e-04
              165  1.2724695484e-05  9.7799301147e-04
              166  1.2385677366e-05  9.9611282349e-04
              167  1.2156644008e-05  1.0149478912e-03
              168  1.1352276732e-05  9.8204612732e-04
              169  6.4427517065e-06  1.0049343109e-03
 # Orthogonalising Cholesky vectors.
 # Time to orthogonalise: 0.002925
 # Total number of non-zero elements in sparse cholesky ERI tensor: 132132
 # Sparsity of ERI Cholesky tensor: 0.002747
 # Total memory required for ERI tensor: 7.87568092e-03 GB
CASSCF energy = -108.916484584348
CASCI E = -108.916484584348  E(CI) = -10.6184527261043  S^2 = 0.0000000
 # Transforming hcore and eri to ortho AO basis.
 # Performing modified Cholesky decomposition on ERI tensor.
 # Generating Cholesky decomposition of ERIs.
 # max number of cholesky vectors = 280
        iteration      max_residual              time
                0  4.1222527349e+00  1.2223958969e-02
                1  4.0952987566e+00  1.2750625610e-03
                2  6.0284434624e-01  1.1088848114e-03
                3  5.6420104042e-01  1.1370182037e-03
                4  2.1362550866e-01  9.8896026611e-04
                5  2.0685452640e-01  9.8395347595e-04
                6  1.5487209282e-01  1.1129379272e-03
                7  1.5487209282e-01  1.1160373688e-03
                8  1.5416490193e-01  1.1060237885e-03
                9  1.5416490193e-01  1.1160373688e-03
               10  1.4782887263e-01  1.1148452759e-03
               11  1.4392245562e-01  1.1150836945e-03
               12  1.1601111795e-01  1.0459423065e-03
               13  1.1574805721e-01  1.0390281677e-03
               14  1.1323108309e-01  1.0440349579e-03
               15  1.1307498750e-01  1.0471343994e-03
               16  1.0487730753e-01  9.3078613281e-04
               17  9.9420409061e-02  9.3197822571e-04
               18  5.8410691232e-02  9.9992752075e-04
               19  5.8369048908e-02  1.0111331940e-03
               20  5.8096556992e-02  1.0068416595e-03
               21  5.8096556992e-02  1.0139942169e-03
               22  5.7482173698e-02  1.0111331940e-03
               23  5.7482173698e-02  1.0271072388e-03
               24  5.3092037522e-02  9.6702575684e-04
               25  4.9739936971e-02  9.8490715027e-04
               26  4.8715241546e-02  9.4103813171e-04
               27  4.8460055275e-02  9.3507766724e-04
               28  4.3969986004e-02  9.6392631531e-04
               29  4.3896087486e-02  9.9015235901e-04
               30  4.2242948453e-02  1.1208057404e-03
               31  4.2242948453e-02  1.1301040649e-03
               32  4.2242664416e-02  1.1129379272e-03
               33  4.2242664416e-02  1.1291503906e-03
               34  4.2054785158e-02  1.1348724365e-03
               35  4.2052229944e-02  1.1179447174e-03
               36  4.1913743868e-02  9.6511840820e-04
               37  4.1905636822e-02  9.9301338196e-04
               38  4.1801998868e-02  9.7990036011e-04
               39  4.1790504815e-02  9.7608566284e-04
               40  3.6862989302e-02  9.1981887817e-04
               41  3.6862989302e-02  9.3603134155e-04
               42  3.2436809315e-02  9.2697143555e-04
               43  3.2436809315e-02  9.1695785522e-04
               44  2.6840018761e-02  9.8705291748e-04
               45  2.6835096889e-02  9.9396705627e-04
               46  2.6653588019e-02  1.0051727295e-03
               47  2.6642672127e-02  1.0011196136e-03
               48  2.4430674149e-02  9.9301338196e-04
               49  2.4430674149e-02  9.8705291748e-04
               50  2.4430673601e-02  1.0089874268e-03
               51  2.4430673601e-02  9.9897384644e-04
               52  2.3748106941e-02  9.8395347595e-04
               53  2.3748106941e-02  1.0120868683e-03
               54  2.3436065752e-02  9.9587440491e-04
               55  2.3436065752e-02  9.9992752075e-04
               56  2.1248332329e-02  9.9396705627e-04
               57  2.1247580733e-02  9.9396705627e-04
               58  1.9325878908e-02  9.9396705627e-04
               59  1.8677528088e-02  9.5486640930e-04
               60  1.7748523705e-02  9.8013877869e-04
               61  1.7748523705e-02  9.7894668579e-04
               62  1.7588295881e-02  9.4294548035e-04
               63  1.7055313926e-02  9.7393989563e-04
               64  1.7055313926e-02  9.9015235901e-04
               65  1.5544314523e-02  9.4985961914e-04
               66  1.4398280130e-02  1.0011196136e-03
               67  1.4322432653e-02  9.4795227051e-04
               68  1.4096378057e-02  1.0080337524e-03
               69  1.4059040762e-02  9.9921226501e-04
               70  1.2857690129e-02  9.8299980164e-04
               71  1.2664460623e-02  9.9921226501e-04
               72  1.2661286347e-02  1.0061264038e-03
               73  1.2624104153e-02  9.8896026611e-04
               74  1.2482212348e-02  9.9992752075e-04
               75  1.2482212348e-02  1.0011196136e-03
               76  1.2480937304e-02  1.0020732880e-03
               77  1.2480937304e-02  9.9897384644e-04
               78  1.0208597958e-02  9.5295906067e-04
               79  1.0208597958e-02  9.5796585083e-04
               80  9.1084198382e-03  1.0559558868e-03
               81  9.1084198382e-03  1.0681152344e-03
               82  8.9645053856e-03  1.0030269623e-03
               83  8.9645053856e-03  1.0130405426e-03
               84  8.9238661522e-03  1.0001659393e-03
               85  8.9238661522e-03  1.0027885437e-03
               86  8.8307550475e-03  1.3580322266e-03
               87  8.8304021975e-03  1.0640621185e-03
               88  8.6278731272e-03  1.0681152344e-03
               89  8.6278731272e-03  1.0621547699e-03
               90  7.8798468800e-03  1.2750625610e-03
               91  7.8756363725e-03  1.2941360474e-03
               92  6.3493015554e-03  9.6893310547e-04
               93  6.3493015554e-03  9.6797943115e-04
               94  4.2576519422e-03  9.4890594482e-04
               95  3.2564543556e-03  9.6011161804e-04
               96  3.2413812285e-03  9.5582008362e-04
               97  3.1603805308e-03  9.6011161804e-04
               98  3.1603805308e-03  9.4604492188e-04
               99  3.1582970963e-03  9.4509124756e-04
              100  3.1582970963e-03  9.6106529236e-04
              101  2.3974742185e-03  9.4795227051e-04
              102  2.3974742185e-03  9.5295906067e-04
              103  2.2299437506e-03  9.7489356995e-04
              104  2.2123986864e-03  9.9897384644e-04
              105  2.2123986864e-03  1.0011196136e-03
              106  2.1828057374e-03  1.0130405426e-03
              107  2.1828057374e-03  9.9706649780e-04
              108  1.8464694118e-03  9.6893310547e-04
              109  1.8464694118e-03  1.4889240265e-03
              110  1.8139159411e-03  9.9802017212e-04
              111  1.8118264764e-03  9.9897384644e-04
              112  1.7598718333e-03  9.7513198853e-04
              113  1.7385040127e-03  9.7298622131e-04
              114  1.6261191752e-03  9.6702575684e-04
              115  1.2919377726e-03  9.8180770874e-04
              116  1.1180331440e-03  9.7012519836e-04
              117  1.1180331440e-03  9.6702575684e-04
              118  1.0715934352e-03  9.7894668579e-04
              119  1.0715934352e-03  9.7894668579e-04
              120  1.0096804641e-03  9.7513198853e-04
              121  8.2145443116e-04  1.0669231415e-03
              122  8.2114164075e-04  1.0409355164e-03
              123  6.8760169148e-04  1.5990734100e-03
              124  6.6220817575e-04  1.0449886322e-03
              125  4.7781768983e-04  1.0089874268e-03
              126  3.8062007739e-04  1.0070800781e-03
              127  3.7060521413e-04  1.0099411011e-03
              128  3.7060521413e-04  1.0080337524e-03
              129  2.8625241646e-04  1.0051727295e-03
              130  2.8388382623e-04  1.0201931000e-03
              131  2.5247431226e-04  9.6583366394e-04
              132  1.9265563278e-04  9.6511840820e-04
              133  1.8258341523e-04  9.7107887268e-04
              134  8.4420486354e-05  9.5915794373e-04
              135  8.4420486354e-05  9.6487998962e-04
              136  8.3893571392e-05  9.7417831421e-04
              137  8.3893571392e-05  9.6011161804e-04
              138  8.1144319422e-05  9.4795227051e-04
              139  7.8362122368e-05  1.0049343109e-03
              140  7.8362122368e-05  1.0130405426e-03
              141  7.5331767718e-05  9.5415115356e-04
              142  7.0922388027e-05  9.7513198853e-04
              143  7.0922388027e-05  9.6392631531e-04
              144  6.9181813026e-05  9.5915794373e-04
              145  6.9181813026e-05  9.6678733826e-04
              146  5.8577387302e-05  9.9015235901e-04
              147  5.8465426846e-05  9.9587440491e-04
              148  4.4584409634e-05  9.8299980164e-04
              149  3.2503157128e-05  9.9110603333e-04
              150  3.2503157128e-05  9.7894668579e-04
              151  3.1090501570e-05  9.8609924316e-04
              152  3.1082931409e-05  9.6392631531e-04
              153  3.0339668872e-05  9.6607208252e-04
              154  3.0339668872e-05  9.7084045410e-04
              155  2.5587294602e-05  1.0030269623e-03
              156  2.5587294602e-05  1.0049343109e-03
              157  2.5087629782e-05  9.8896026611e-04
              158  2.2044191567e-05  9.8609924316e-04
              159  2.2044191567e-05  9.7990036011e-04
              160  2.0566762328e-05  9.9706649780e-04
              161  2.0371066859e-05  1.0120868683e-03
              162  2.0371066859e-05  1.0180473328e-03
              163  1.8257700380e-05  1.0011196136e-03
              164  1.2806405465e-05  9.8395347595e-04
              165  1.2724695484e-05  9.9802017212e-04
              166  1.2385677366e-05  1.0299682617e-03
              167  1.2156644008e-05  1.0230541229e-03
              168  1.1352276732e-05  9.9301338196e-04
              169  6.4427517065e-06  1.0130405426e-03
 # Orthogonalising Cholesky vectors.
 # Time to orthogonalise: 0.003067
 # Total number of non-zero elements in sparse cholesky ERI tensor: 132496
 # Sparsity of ERI Cholesky tensor: 0.000000
 # Total memory required for ERI tensor: 7.89737701e-03 GB
